{
  "numFailedTestSuites": 8,
  "numFailedTests": 6,
  "numPassedTestSuites": 17,
  "numPassedTests": 40,
  "numPendingTestSuites": 0,
  "numPendingTests": 0,
  "numRuntimeErrorTestSuites": 4,
  "numTodoTests": 0,
  "numTotalTestSuites": 25,
  "numTotalTests": 46,
  "openHandles": [],
  "snapshot": {
    "added": 0,
    "didUpdate": false,
    "failure": false,
    "filesAdded": 0,
    "filesRemoved": 0,
    "filesRemovedList": [],
    "filesUnmatched": 0,
    "filesUpdated": 0,
    "matched": 0,
    "total": 0,
    "unchecked": 0,
    "uncheckedKeysByFile": [],
    "unmatched": 0,
    "updated": 0
  },
  "startTime": 1700581224872,
  "success": false,
  "testResults": [
    {
      "leaks": false,
      "numFailingTests": 0,
      "numPassingTests": 1,
      "numPendingTests": 0,
      "numTodoTests": 0,
      "openHandles": [],
      "perfStats": {
        "end": 1700581234857,
        "runtime": 8040,
        "slow": true,
        "start": 1700581226817
      },
      "skipped": false,
      "snapshot": {
        "added": 0,
        "fileDeleted": false,
        "matched": 0,
        "unchecked": 0,
        "uncheckedKeys": [],
        "unmatched": 0,
        "updated": 0
      },
      "testFilePath": "D:\\proyectomgafrontend\\src\\__tests__\\integration\\DetailsScreen.test.jsx",
      "testResults": [
        {
          "ancestorTitles": [
            "DetailsScreen"
          ],
          "duration": 1300,
          "failureDetails": [],
          "failureMessages": [],
          "fullName": "DetailsScreen should navigate to Creacion screen when button is pressed",
          "invocations": 1,
          "location": null,
          "numPassingAsserts": 1,
          "retryReasons": [],
          "status": "passed",
          "title": "should navigate to Creacion screen when button is pressed"
        }
      ],
      "failureMessage": null
    },
    {
      "leaks": false,
      "numFailingTests": 0,
      "numPassingTests": 2,
      "numPendingTests": 0,
      "numTodoTests": 0,
      "openHandles": [],
      "perfStats": {
        "end": 1700581234896,
        "runtime": 8141,
        "slow": true,
        "start": 1700581226755
      },
      "skipped": false,
      "snapshot": {
        "added": 0,
        "fileDeleted": false,
        "matched": 0,
        "unchecked": 0,
        "uncheckedKeys": [],
        "unmatched": 0,
        "updated": 0
      },
      "testFilePath": "D:\\proyectomgafrontend\\src\\__tests__\\unit\\HeaderInformation.test.jsx",
      "testResults": [
        {
          "ancestorTitles": [
            "code snippet"
          ],
          "duration": 1097,
          "failureDetails": [],
          "failureMessages": [],
          "fullName": "code snippet should render correctly with required props",
          "invocations": 1,
          "location": null,
          "numPassingAsserts": 0,
          "retryReasons": [],
          "status": "passed",
          "title": "should render correctly with required props"
        },
        {
          "ancestorTitles": [
            "code snippet"
          ],
          "duration": 35,
          "failureDetails": [],
          "failureMessages": [],
          "fullName": "code snippet should not crash when customTitles prop is shorter than lotes prop",
          "invocations": 1,
          "location": null,
          "numPassingAsserts": 0,
          "retryReasons": [],
          "status": "passed",
          "title": "should not crash when customTitles prop is shorter than lotes prop"
        }
      ],
      "failureMessage": null
    },
    {
      "leaks": false,
      "numFailingTests": 0,
      "numPassingTests": 3,
      "numPendingTests": 0,
      "numTodoTests": 0,
      "openHandles": [],
      "perfStats": {
        "end": 1700581234970,
        "runtime": 8097,
        "slow": true,
        "start": 1700581226873
      },
      "skipped": false,
      "snapshot": {
        "added": 0,
        "fileDeleted": false,
        "matched": 0,
        "unchecked": 0,
        "uncheckedKeys": [],
        "unmatched": 0,
        "updated": 0
      },
      "testFilePath": "D:\\proyectomgafrontend\\src\\__tests__\\unit\\CommentsComponent.test.jsx",
      "testResults": [
        {
          "ancestorTitles": [
            "CommentsComponent"
          ],
          "duration": 1111,
          "failureDetails": [],
          "failureMessages": [],
          "fullName": "CommentsComponent renders without errors",
          "invocations": 1,
          "location": null,
          "numPassingAsserts": 1,
          "retryReasons": [],
          "status": "passed",
          "title": "renders without errors"
        },
        {
          "ancestorTitles": [
            "CommentsComponent"
          ],
          "duration": 27,
          "failureDetails": [],
          "failureMessages": [],
          "fullName": "CommentsComponent calls setValue when text is entered",
          "invocations": 1,
          "location": null,
          "numPassingAsserts": 1,
          "retryReasons": [],
          "status": "passed",
          "title": "calls setValue when text is entered"
        },
        {
          "ancestorTitles": [
            "CommentsComponent"
          ],
          "duration": 44,
          "failureDetails": [],
          "failureMessages": [],
          "fullName": "CommentsComponent validates prop types",
          "invocations": 1,
          "location": null,
          "numPassingAsserts": 1,
          "retryReasons": [],
          "status": "passed",
          "title": "validates prop types"
        }
      ],
      "failureMessage": null
    },
    {
      "leaks": false,
      "numFailingTests": 3,
      "numPassingTests": 1,
      "numPendingTests": 0,
      "numTodoTests": 0,
      "openHandles": [],
      "perfStats": {
        "end": 1700581235214,
        "runtime": 8511,
        "slow": true,
        "start": 1700581226703
      },
      "skipped": false,
      "snapshot": {
        "added": 0,
        "fileDeleted": false,
        "matched": 0,
        "unchecked": 0,
        "uncheckedKeys": [],
        "unmatched": 0,
        "updated": 0
      },
      "testFilePath": "D:\\proyectomgafrontend\\src\\__tests__\\unit\\SliderContainer.test.jsx",
      "testResults": [
        {
          "ancestorTitles": [
            "SliderContainer"
          ],
          "duration": 1166,
          "failureDetails": [],
          "failureMessages": [],
          "fullName": "SliderContainer should render correctly",
          "invocations": 1,
          "location": null,
          "numPassingAsserts": 4,
          "retryReasons": [],
          "status": "passed",
          "title": "should render correctly"
        },
        {
          "ancestorTitles": [
            "SliderContainer"
          ],
          "duration": 41,
          "failureDetails": [
            {
              "matcherResult": {
                "message": "\u001b[2mexpect(\u001b[22m\u001b[31mjest.fn()\u001b[39m\u001b[2m).\u001b[22mtoHaveBeenCalledWith\u001b[2m(\u001b[22m\u001b[32m...expected\u001b[39m\u001b[2m)\u001b[22m\n\nExpected: \u001b[32m{\"cantidadAlimento\": 0, \"decesos\": 0, \"pesado\": 75}\u001b[39m\n\nNumber of calls: \u001b[31m0\u001b[39m",
                "pass": false
              }
            }
          ],
          "failureMessages": [
            "Error: \u001b[2mexpect(\u001b[22m\u001b[31mjest.fn()\u001b[39m\u001b[2m).\u001b[22mtoHaveBeenCalledWith\u001b[2m(\u001b[22m\u001b[32m...expected\u001b[39m\u001b[2m)\u001b[22m\n\nExpected: \u001b[32m{\"cantidadAlimento\": 0, \"decesos\": 0, \"pesado\": 75}\u001b[39m\n\nNumber of calls: \u001b[31m0\u001b[39m\n    at Object.toHaveBeenCalledWith (D:\\proyectomgafrontend\\src\\__tests__\\unit\\SliderContainer.test.jsx:39:29)\n    at Promise.then.completed (D:\\proyectomgafrontend\\node_modules\\jest-circus\\build\\utils.js:298:28)\n    at new Promise (<anonymous>)\n    at callAsyncCircusFn (D:\\proyectomgafrontend\\node_modules\\jest-circus\\build\\utils.js:231:10)\n    at _callCircusTest (D:\\proyectomgafrontend\\node_modules\\jest-circus\\build\\run.js:316:40)\n    at _runTest (D:\\proyectomgafrontend\\node_modules\\jest-circus\\build\\run.js:252:3)\n    at _runTestsForDescribeBlock (D:\\proyectomgafrontend\\node_modules\\jest-circus\\build\\run.js:126:9)\n    at _runTestsForDescribeBlock (D:\\proyectomgafrontend\\node_modules\\jest-circus\\build\\run.js:121:9)\n    at run (D:\\proyectomgafrontend\\node_modules\\jest-circus\\build\\run.js:71:3)\n    at runAndTransformResultsToJestFormat (D:\\proyectomgafrontend\\node_modules\\jest-circus\\build\\legacy-code-todo-rewrite\\jestAdapterInit.js:122:21)\n    at jestAdapter (D:\\proyectomgafrontend\\node_modules\\jest-circus\\build\\legacy-code-todo-rewrite\\jestAdapter.js:79:19)\n    at runTestInternal (D:\\proyectomgafrontend\\node_modules\\jest-runner\\build\\runTest.js:367:16)\n    at runTest (D:\\proyectomgafrontend\\node_modules\\jest-runner\\build\\runTest.js:444:34)\n    at Object.worker (D:\\proyectomgafrontend\\node_modules\\jest-runner\\build\\testWorker.js:106:12)"
          ],
          "fullName": "SliderContainer should update value on slider change",
          "invocations": 1,
          "location": null,
          "numPassingAsserts": 0,
          "retryReasons": [],
          "status": "failed",
          "title": "should update value on slider change"
        },
        {
          "ancestorTitles": [
            "SliderContainer"
          ],
          "duration": 29,
          "failureDetails": [
            {
              "matcherResult": {
                "message": "\u001b[2mexpect(\u001b[22m\u001b[31mjest.fn()\u001b[39m\u001b[2m).\u001b[22mtoHaveBeenCalledWith\u001b[2m(\u001b[22m\u001b[32m...expected\u001b[39m\u001b[2m)\u001b[22m\n\nExpected: \u001b[32m{\"cantidadAlimento\": 0, \"decesos\": 0, \"pesado\": 75}\u001b[39m\n\nNumber of calls: \u001b[31m0\u001b[39m",
                "pass": false
              }
            }
          ],
          "failureMessages": [
            "Error: \u001b[2mexpect(\u001b[22m\u001b[31mjest.fn()\u001b[39m\u001b[2m).\u001b[22mtoHaveBeenCalledWith\u001b[2m(\u001b[22m\u001b[32m...expected\u001b[39m\u001b[2m)\u001b[22m\n\nExpected: \u001b[32m{\"cantidadAlimento\": 0, \"decesos\": 0, \"pesado\": 75}\u001b[39m\n\nNumber of calls: \u001b[31m0\u001b[39m\n    at Object.toHaveBeenCalledWith (D:\\proyectomgafrontend\\src\\__tests__\\unit\\SliderContainer.test.jsx:52:29)\n    at Promise.then.completed (D:\\proyectomgafrontend\\node_modules\\jest-circus\\build\\utils.js:298:28)\n    at new Promise (<anonymous>)\n    at callAsyncCircusFn (D:\\proyectomgafrontend\\node_modules\\jest-circus\\build\\utils.js:231:10)\n    at _callCircusTest (D:\\proyectomgafrontend\\node_modules\\jest-circus\\build\\run.js:316:40)\n    at _runTest (D:\\proyectomgafrontend\\node_modules\\jest-circus\\build\\run.js:252:3)\n    at _runTestsForDescribeBlock (D:\\proyectomgafrontend\\node_modules\\jest-circus\\build\\run.js:126:9)\n    at _runTestsForDescribeBlock (D:\\proyectomgafrontend\\node_modules\\jest-circus\\build\\run.js:121:9)\n    at run (D:\\proyectomgafrontend\\node_modules\\jest-circus\\build\\run.js:71:3)\n    at runAndTransformResultsToJestFormat (D:\\proyectomgafrontend\\node_modules\\jest-circus\\build\\legacy-code-todo-rewrite\\jestAdapterInit.js:122:21)\n    at jestAdapter (D:\\proyectomgafrontend\\node_modules\\jest-circus\\build\\legacy-code-todo-rewrite\\jestAdapter.js:79:19)\n    at runTestInternal (D:\\proyectomgafrontend\\node_modules\\jest-runner\\build\\runTest.js:367:16)\n    at runTest (D:\\proyectomgafrontend\\node_modules\\jest-runner\\build\\runTest.js:444:34)\n    at Object.worker (D:\\proyectomgafrontend\\node_modules\\jest-runner\\build\\testWorker.js:106:12)"
          ],
          "fullName": "SliderContainer should update value on text input change",
          "invocations": 1,
          "location": null,
          "numPassingAsserts": 0,
          "retryReasons": [],
          "status": "failed",
          "title": "should update value on text input change"
        },
        {
          "ancestorTitles": [
            "SliderContainer"
          ],
          "duration": 67,
          "failureDetails": [
            {}
          ],
          "failureMessages": [
            "Error: Unable to find an element with text: Ingrese un número válido\n\n\u001b[36m<View\u001b[39m\n  \u001b[33mtestID\u001b[39m=\u001b[32m\"textbox\"\u001b[39m\n\u001b[36m>\u001b[39m\n  \u001b[36m<View\u001b[39m\n    \u001b[33maccessible\u001b[39m=\u001b[32m{true}\u001b[39m\n    \u001b[33mtestID\u001b[39m=\u001b[32m\"textbox\"\u001b[39m\n  \u001b[36m>\u001b[39m\n    \u001b[36m<TextInput\u001b[39m\n      \u001b[33mplaceholder\u001b[39m=\u001b[32m\"0\"\u001b[39m\n      \u001b[33mtestID\u001b[39m=\u001b[32m\"textbox\"\u001b[39m\n      \u001b[33mvalue\u001b[39m=\u001b[32m\"0\"\u001b[39m\n    \u001b[36m/>\u001b[39m\n  \u001b[36m</View>\u001b[39m\n  \u001b[36m<Text\u001b[39m\n    \u001b[33mtestID\u001b[39m=\u001b[32m\"textbox\"\u001b[39m\n  \u001b[36m>\u001b[39m\n    \u001b[0mTest Slider\u001b[0m\n  \u001b[36m</Text>\u001b[39m\n  \u001b[36m<RNCSlider\u001b[39m\n    \u001b[33mtestID\u001b[39m=\u001b[32m\"slider\"\u001b[39m\n  \u001b[36m/>\u001b[39m\n  \u001b[36m<View\u001b[39m\n    \u001b[33mtestID\u001b[39m=\u001b[32m\"textbox\"\u001b[39m\n  \u001b[36m>\u001b[39m\n    \u001b[36m<Text\u001b[39m\n      \u001b[33mtestID\u001b[39m=\u001b[32m\"textbox\"\u001b[39m\n    \u001b[36m>\u001b[39m\n      \u001b[0m0 units\u001b[0m\n    \u001b[36m</Text>\u001b[39m\n    \u001b[36m<Text\u001b[39m\n      \u001b[33mtestID\u001b[39m=\u001b[32m\"textbox\"\u001b[39m\n    \u001b[36m>\u001b[39m\n      \u001b[0m100 units\u001b[0m\n    \u001b[36m</Text>\u001b[39m\n  \u001b[36m</View>\u001b[39m\n\u001b[36m</View>\u001b[39m\n    at Object.getByText (D:\\proyectomgafrontend\\src\\__tests__\\unit\\SliderContainer.test.jsx:66:12)\n    at Promise.then.completed (D:\\proyectomgafrontend\\node_modules\\jest-circus\\build\\utils.js:298:28)\n    at new Promise (<anonymous>)\n    at callAsyncCircusFn (D:\\proyectomgafrontend\\node_modules\\jest-circus\\build\\utils.js:231:10)\n    at _callCircusTest (D:\\proyectomgafrontend\\node_modules\\jest-circus\\build\\run.js:316:40)\n    at _runTest (D:\\proyectomgafrontend\\node_modules\\jest-circus\\build\\run.js:252:3)\n    at _runTestsForDescribeBlock (D:\\proyectomgafrontend\\node_modules\\jest-circus\\build\\run.js:126:9)\n    at _runTestsForDescribeBlock (D:\\proyectomgafrontend\\node_modules\\jest-circus\\build\\run.js:121:9)\n    at run (D:\\proyectomgafrontend\\node_modules\\jest-circus\\build\\run.js:71:3)\n    at runAndTransformResultsToJestFormat (D:\\proyectomgafrontend\\node_modules\\jest-circus\\build\\legacy-code-todo-rewrite\\jestAdapterInit.js:122:21)\n    at jestAdapter (D:\\proyectomgafrontend\\node_modules\\jest-circus\\build\\legacy-code-todo-rewrite\\jestAdapter.js:79:19)\n    at runTestInternal (D:\\proyectomgafrontend\\node_modules\\jest-runner\\build\\runTest.js:367:16)\n    at runTest (D:\\proyectomgafrontend\\node_modules\\jest-runner\\build\\runTest.js:444:34)\n    at Object.worker (D:\\proyectomgafrontend\\node_modules\\jest-runner\\build\\testWorker.js:106:12)"
          ],
          "fullName": "SliderContainer should handle invalid input",
          "invocations": 1,
          "location": null,
          "numPassingAsserts": 1,
          "retryReasons": [],
          "status": "failed",
          "title": "should handle invalid input"
        }
      ],
      "failureMessage": "\u001b[1m\u001b[31m  \u001b[1m● \u001b[22m\u001b[1mSliderContainer › should update value on slider change\u001b[39m\u001b[22m\n\n    \u001b[2mexpect(\u001b[22m\u001b[31mjest.fn()\u001b[39m\u001b[2m).\u001b[22mtoHaveBeenCalledWith\u001b[2m(\u001b[22m\u001b[32m...expected\u001b[39m\u001b[2m)\u001b[22m\n\n    Expected: \u001b[32m{\"cantidadAlimento\": 0, \"decesos\": 0, \"pesado\": 75}\u001b[39m\n\n    Number of calls: \u001b[31m0\u001b[39m\n\u001b[2m\u001b[22m\n\u001b[2m    \u001b[0m \u001b[90m 37 |\u001b[39m     fireEvent(slider\u001b[33m,\u001b[39m \u001b[32m'valueChange'\u001b[39m\u001b[33m,\u001b[39m \u001b[35m75\u001b[39m)\u001b[0m\u001b[22m\n\u001b[2m    \u001b[0m \u001b[90m 38 |\u001b[39m\u001b[0m\u001b[22m\n\u001b[2m    \u001b[0m\u001b[31m\u001b[1m>\u001b[22m\u001b[2m\u001b[39m\u001b[90m 39 |\u001b[39m     expect(mockSetRegistro)\u001b[33m.\u001b[39mtoHaveBeenCalledWith({\u001b[0m\u001b[22m\n\u001b[2m    \u001b[0m \u001b[90m    |\u001b[39m                             \u001b[31m\u001b[1m^\u001b[22m\u001b[2m\u001b[39m\u001b[0m\u001b[22m\n\u001b[2m    \u001b[0m \u001b[90m 40 |\u001b[39m       decesos\u001b[33m:\u001b[39m \u001b[35m0\u001b[39m\u001b[33m,\u001b[39m\u001b[0m\u001b[22m\n\u001b[2m    \u001b[0m \u001b[90m 41 |\u001b[39m       cantidadAlimento\u001b[33m:\u001b[39m \u001b[35m0\u001b[39m\u001b[33m,\u001b[39m\u001b[0m\u001b[22m\n\u001b[2m    \u001b[0m \u001b[90m 42 |\u001b[39m       pesado\u001b[33m:\u001b[39m \u001b[35m75\u001b[39m\u001b[33m,\u001b[39m\u001b[0m\u001b[22m\n\u001b[2m\u001b[22m\n\u001b[2m      \u001b[2mat Object.toHaveBeenCalledWith (\u001b[22m\u001b[2m\u001b[0m\u001b[36msrc/__tests__/unit/SliderContainer.test.jsx\u001b[39m\u001b[0m\u001b[2m:39:29)\u001b[22m\u001b[2m\u001b[22m\n\n\u001b[1m\u001b[31m  \u001b[1m● \u001b[22m\u001b[1mSliderContainer › should update value on text input change\u001b[39m\u001b[22m\n\n    \u001b[2mexpect(\u001b[22m\u001b[31mjest.fn()\u001b[39m\u001b[2m).\u001b[22mtoHaveBeenCalledWith\u001b[2m(\u001b[22m\u001b[32m...expected\u001b[39m\u001b[2m)\u001b[22m\n\n    Expected: \u001b[32m{\"cantidadAlimento\": 0, \"decesos\": 0, \"pesado\": 75}\u001b[39m\n\n    Number of calls: \u001b[31m0\u001b[39m\n\u001b[2m\u001b[22m\n\u001b[2m    \u001b[0m \u001b[90m 50 |\u001b[39m     fireEvent\u001b[33m.\u001b[39mchangeText(input\u001b[33m,\u001b[39m \u001b[32m'75'\u001b[39m)\u001b[0m\u001b[22m\n\u001b[2m    \u001b[0m \u001b[90m 51 |\u001b[39m\u001b[0m\u001b[22m\n\u001b[2m    \u001b[0m\u001b[31m\u001b[1m>\u001b[22m\u001b[2m\u001b[39m\u001b[90m 52 |\u001b[39m     expect(mockSetRegistro)\u001b[33m.\u001b[39mtoHaveBeenCalledWith({\u001b[0m\u001b[22m\n\u001b[2m    \u001b[0m \u001b[90m    |\u001b[39m                             \u001b[31m\u001b[1m^\u001b[22m\u001b[2m\u001b[39m\u001b[0m\u001b[22m\n\u001b[2m    \u001b[0m \u001b[90m 53 |\u001b[39m       decesos\u001b[33m:\u001b[39m \u001b[35m0\u001b[39m\u001b[33m,\u001b[39m\u001b[0m\u001b[22m\n\u001b[2m    \u001b[0m \u001b[90m 54 |\u001b[39m       cantidadAlimento\u001b[33m:\u001b[39m \u001b[35m0\u001b[39m\u001b[33m,\u001b[39m\u001b[0m\u001b[22m\n\u001b[2m    \u001b[0m \u001b[90m 55 |\u001b[39m       pesado\u001b[33m:\u001b[39m \u001b[35m75\u001b[39m\u001b[33m,\u001b[39m\u001b[0m\u001b[22m\n\u001b[2m\u001b[22m\n\u001b[2m      \u001b[2mat Object.toHaveBeenCalledWith (\u001b[22m\u001b[2m\u001b[0m\u001b[36msrc/__tests__/unit/SliderContainer.test.jsx\u001b[39m\u001b[0m\u001b[2m:52:29)\u001b[22m\u001b[2m\u001b[22m\n\n\u001b[1m\u001b[31m  \u001b[1m● \u001b[22m\u001b[1mSliderContainer › should handle invalid input\u001b[39m\u001b[22m\n\n    Unable to find an element with text: Ingrese un número válido\n\n    \u001b[36m<View\u001b[39m\n      \u001b[33mtestID\u001b[39m=\u001b[32m\"textbox\"\u001b[39m\n    \u001b[36m>\u001b[39m\n      \u001b[36m<View\u001b[39m\n        \u001b[33maccessible\u001b[39m=\u001b[32m{true}\u001b[39m\n        \u001b[33mtestID\u001b[39m=\u001b[32m\"textbox\"\u001b[39m\n      \u001b[36m>\u001b[39m\n        \u001b[36m<TextInput\u001b[39m\n          \u001b[33mplaceholder\u001b[39m=\u001b[32m\"0\"\u001b[39m\n          \u001b[33mtestID\u001b[39m=\u001b[32m\"textbox\"\u001b[39m\n          \u001b[33mvalue\u001b[39m=\u001b[32m\"0\"\u001b[39m\n        \u001b[36m/>\u001b[39m\n      \u001b[36m</View>\u001b[39m\n      \u001b[36m<Text\u001b[39m\n        \u001b[33mtestID\u001b[39m=\u001b[32m\"textbox\"\u001b[39m\n      \u001b[36m>\u001b[39m\n        \u001b[0mTest Slider\u001b[0m\n      \u001b[36m</Text>\u001b[39m\n      \u001b[36m<RNCSlider\u001b[39m\n        \u001b[33mtestID\u001b[39m=\u001b[32m\"slider\"\u001b[39m\n      \u001b[36m/>\u001b[39m\n      \u001b[36m<View\u001b[39m\n        \u001b[33mtestID\u001b[39m=\u001b[32m\"textbox\"\u001b[39m\n      \u001b[36m>\u001b[39m\n        \u001b[36m<Text\u001b[39m\n          \u001b[33mtestID\u001b[39m=\u001b[32m\"textbox\"\u001b[39m\n        \u001b[36m>\u001b[39m\n          \u001b[0m0 units\u001b[0m\n        \u001b[36m</Text>\u001b[39m\n        \u001b[36m<Text\u001b[39m\n          \u001b[33mtestID\u001b[39m=\u001b[32m\"textbox\"\u001b[39m\n        \u001b[36m>\u001b[39m\n          \u001b[0m100 units\u001b[0m\n        \u001b[36m</Text>\u001b[39m\n      \u001b[36m</View>\u001b[39m\n    \u001b[36m</View>\u001b[39m\n\u001b[2m\u001b[22m\n\u001b[2m    \u001b[0m \u001b[90m 64 |\u001b[39m\u001b[0m\u001b[22m\n\u001b[2m    \u001b[0m \u001b[90m 65 |\u001b[39m     expect(mockSetRegistro)\u001b[33m.\u001b[39mnot\u001b[33m.\u001b[39mtoHaveBeenCalled()\u001b[0m\u001b[22m\n\u001b[2m    \u001b[0m\u001b[31m\u001b[1m>\u001b[22m\u001b[2m\u001b[39m\u001b[90m 66 |\u001b[39m     expect(getByText(\u001b[32m'Ingrese un número válido'\u001b[39m))\u001b[33m.\u001b[39mtoBeTruthy()\u001b[0m\u001b[22m\n\u001b[2m    \u001b[0m \u001b[90m    |\u001b[39m            \u001b[31m\u001b[1m^\u001b[22m\u001b[2m\u001b[39m\u001b[0m\u001b[22m\n\u001b[2m    \u001b[0m \u001b[90m 67 |\u001b[39m   })\u001b[0m\u001b[22m\n\u001b[2m    \u001b[0m \u001b[90m 68 |\u001b[39m })\u001b[0m\u001b[22m\n\u001b[2m    \u001b[0m \u001b[90m 69 |\u001b[39m\u001b[0m\u001b[22m\n\u001b[2m\u001b[22m\n\u001b[2m      \u001b[2mat Object.getByText (\u001b[22m\u001b[2m\u001b[0m\u001b[36msrc/__tests__/unit/SliderContainer.test.jsx\u001b[39m\u001b[0m\u001b[2m:66:12)\u001b[22m\u001b[2m\u001b[22m\n"
    },
    {
      "leaks": false,
      "numFailingTests": 0,
      "numPassingTests": 3,
      "numPendingTests": 0,
      "numTodoTests": 0,
      "openHandles": [],
      "perfStats": {
        "end": 1700581235176,
        "runtime": 8331,
        "slow": true,
        "start": 1700581226845
      },
      "skipped": false,
      "snapshot": {
        "added": 0,
        "fileDeleted": false,
        "matched": 0,
        "unchecked": 0,
        "uncheckedKeys": [],
        "unmatched": 0,
        "updated": 0
      },
      "testFilePath": "D:\\proyectomgafrontend\\src\\__tests__\\unit\\SelectDate.test.jsx",
      "testResults": [
        {
          "ancestorTitles": [
            "SelectDate"
          ],
          "duration": 1127,
          "failureDetails": [],
          "failureMessages": [],
          "fullName": "SelectDate should render the component without errors",
          "invocations": 1,
          "location": null,
          "numPassingAsserts": 2,
          "retryReasons": [],
          "status": "passed",
          "title": "should render the component without errors"
        },
        {
          "ancestorTitles": [
            "SelectDate"
          ],
          "duration": 33,
          "failureDetails": [],
          "failureMessages": [],
          "fullName": "SelectDate should display the selected date",
          "invocations": 1,
          "location": null,
          "numPassingAsserts": 1,
          "retryReasons": [],
          "status": "passed",
          "title": "should display the selected date"
        },
        {
          "ancestorTitles": [
            "SelectDate"
          ],
          "duration": 8,
          "failureDetails": [],
          "failureMessages": [],
          "fullName": "SelectDate should call the onPress function when pressed",
          "invocations": 1,
          "location": null,
          "numPassingAsserts": 1,
          "retryReasons": [],
          "status": "passed",
          "title": "should call the onPress function when pressed"
        }
      ],
      "failureMessage": null
    },
    {
      "leaks": false,
      "numFailingTests": 0,
      "numPassingTests": 2,
      "numPendingTests": 0,
      "numTodoTests": 0,
      "openHandles": [],
      "perfStats": {
        "end": 1700581235216,
        "runtime": 8429,
        "slow": true,
        "start": 1700581226787
      },
      "skipped": false,
      "snapshot": {
        "added": 0,
        "fileDeleted": false,
        "matched": 0,
        "unchecked": 0,
        "uncheckedKeys": [],
        "unmatched": 0,
        "updated": 0
      },
      "testFilePath": "D:\\proyectomgafrontend\\src\\__tests__\\unit\\HeaderComponent.test.jsx",
      "testResults": [
        {
          "ancestorTitles": [
            "HeaderComponent"
          ],
          "duration": 1137,
          "failureDetails": [],
          "failureMessages": [],
          "fullName": "HeaderComponent renders without errors",
          "invocations": 1,
          "location": null,
          "numPassingAsserts": 2,
          "retryReasons": [],
          "status": "passed",
          "title": "renders without errors"
        },
        {
          "ancestorTitles": [
            "HeaderComponent"
          ],
          "duration": 32,
          "failureDetails": [],
          "failureMessages": [],
          "fullName": "HeaderComponent calls setActiveTab when a tab is pressed",
          "invocations": 1,
          "location": null,
          "numPassingAsserts": 1,
          "retryReasons": [],
          "status": "passed",
          "title": "calls setActiveTab when a tab is pressed"
        }
      ],
      "failureMessage": null
    },
    {
      "leaks": false,
      "numFailingTests": 0,
      "numPassingTests": 2,
      "numPendingTests": 0,
      "numTodoTests": 0,
      "openHandles": [],
      "perfStats": {
        "end": 1700581235251,
        "runtime": 8486,
        "slow": true,
        "start": 1700581226765
      },
      "skipped": false,
      "snapshot": {
        "added": 0,
        "fileDeleted": false,
        "matched": 0,
        "unchecked": 0,
        "uncheckedKeys": [],
        "unmatched": 0,
        "updated": 0
      },
      "testFilePath": "D:\\proyectomgafrontend\\src\\__tests__\\unit\\HeaderGallery.test.jsx",
      "testResults": [
        {
          "ancestorTitles": [
            "HeaderGalley"
          ],
          "duration": 1108,
          "failureDetails": [],
          "failureMessages": [],
          "fullName": "HeaderGalley renders without errors",
          "invocations": 1,
          "location": null,
          "numPassingAsserts": 3,
          "retryReasons": [],
          "status": "passed",
          "title": "renders without errors"
        },
        {
          "ancestorTitles": [
            "HeaderGalley"
          ],
          "duration": 33,
          "failureDetails": [],
          "failureMessages": [],
          "fullName": "HeaderGalley calls setActiveTab when a tab is pressed",
          "invocations": 1,
          "location": null,
          "numPassingAsserts": 1,
          "retryReasons": [],
          "status": "passed",
          "title": "calls setActiveTab when a tab is pressed"
        }
      ],
      "failureMessage": null
    },
    {
      "leaks": false,
      "numFailingTests": 0,
      "numPassingTests": 4,
      "numPendingTests": 0,
      "numTodoTests": 0,
      "openHandles": [],
      "perfStats": {
        "end": 1700581237272,
        "runtime": 10508,
        "slow": true,
        "start": 1700581226764
      },
      "skipped": false,
      "snapshot": {
        "added": 0,
        "fileDeleted": false,
        "matched": 0,
        "unchecked": 0,
        "uncheckedKeys": [],
        "unmatched": 0,
        "updated": 0
      },
      "testFilePath": "D:\\proyectomgafrontend\\src\\__tests__\\unit\\CardGalera.test.jsx",
      "testResults": [
        {
          "ancestorTitles": [
            "CardGalera Component"
          ],
          "duration": 2125,
          "failureDetails": [],
          "failureMessages": [],
          "fullName": "CardGalera Component renders correctly with default props",
          "invocations": 1,
          "location": null,
          "numPassingAsserts": 3,
          "retryReasons": [],
          "status": "passed",
          "title": "renders correctly with default props"
        },
        {
          "ancestorTitles": [
            "CardGalera Component"
          ],
          "duration": 1025,
          "failureDetails": [],
          "failureMessages": [],
          "fullName": "CardGalera Component renders with custom props",
          "invocations": 1,
          "location": null,
          "numPassingAsserts": 3,
          "retryReasons": [],
          "status": "passed",
          "title": "renders with custom props"
        },
        {
          "ancestorTitles": [
            "CardGalera Component"
          ],
          "duration": 85,
          "failureDetails": [],
          "failureMessages": [],
          "fullName": "CardGalera Component handles press correctly when not loading",
          "invocations": 1,
          "location": null,
          "numPassingAsserts": 1,
          "retryReasons": [],
          "status": "passed",
          "title": "handles press correctly when not loading"
        },
        {
          "ancestorTitles": [
            "CardGalera Component"
          ],
          "duration": 41,
          "failureDetails": [],
          "failureMessages": [],
          "fullName": "CardGalera Component does not handle press when loading",
          "invocations": 1,
          "location": null,
          "numPassingAsserts": 1,
          "retryReasons": [],
          "status": "passed",
          "title": "does not handle press when loading"
        }
      ],
      "failureMessage": null
    },
    {
      "leaks": false,
      "numFailingTests": 0,
      "numPassingTests": 3,
      "numPendingTests": 0,
      "numTodoTests": 0,
      "openHandles": [],
      "perfStats": {
        "end": 1700581236795,
        "runtime": 1673,
        "slow": false,
        "start": 1700581235122
      },
      "skipped": false,
      "snapshot": {
        "added": 0,
        "fileDeleted": false,
        "matched": 0,
        "unchecked": 0,
        "uncheckedKeys": [],
        "unmatched": 0,
        "updated": 0
      },
      "testFilePath": "D:\\proyectomgafrontend\\src\\__tests__\\unit\\ChoiceScreen.test.jsx",
      "testResults": [
        {
          "ancestorTitles": [
            "ChoiceScreen component"
          ],
          "duration": 193,
          "failureDetails": [],
          "failureMessages": [],
          "fullName": "ChoiceScreen component renders correctly",
          "invocations": 1,
          "location": null,
          "numPassingAsserts": 2,
          "retryReasons": [],
          "status": "passed",
          "title": "renders correctly"
        },
        {
          "ancestorTitles": [
            "ChoiceScreen component"
          ],
          "duration": 45,
          "failureDetails": [],
          "failureMessages": [],
          "fullName": "ChoiceScreen component navigates to \"Trabajador\" screen on \"Trabajador\" button press",
          "invocations": 1,
          "location": null,
          "numPassingAsserts": 1,
          "retryReasons": [],
          "status": "passed",
          "title": "navigates to \"Trabajador\" screen on \"Trabajador\" button press"
        },
        {
          "ancestorTitles": [
            "ChoiceScreen component"
          ],
          "duration": 41,
          "failureDetails": [],
          "failureMessages": [],
          "fullName": "ChoiceScreen component navigates to \"Administrador\" screen on \"Administrador\" button press",
          "invocations": 1,
          "location": null,
          "numPassingAsserts": 1,
          "retryReasons": [],
          "status": "passed",
          "title": "navigates to \"Administrador\" screen on \"Administrador\" button press"
        }
      ],
      "failureMessage": null
    },
    {
      "leaks": false,
      "numFailingTests": 0,
      "numPassingTests": 2,
      "numPendingTests": 0,
      "numTodoTests": 0,
      "openHandles": [],
      "perfStats": {
        "end": 1700581236859,
        "runtime": 1209,
        "slow": false,
        "start": 1700581235650
      },
      "skipped": false,
      "snapshot": {
        "added": 0,
        "fileDeleted": false,
        "matched": 0,
        "unchecked": 0,
        "uncheckedKeys": [],
        "unmatched": 0,
        "updated": 0
      },
      "testFilePath": "D:\\proyectomgafrontend\\src\\__tests__\\integration\\ChoiceScreen.test.jsx",
      "testResults": [
        {
          "ancestorTitles": [],
          "duration": 196,
          "failureDetails": [],
          "failureMessages": [],
          "fullName": "navigates to \"Trabajador\" screen on \"Trabajador\" button press",
          "invocations": 1,
          "location": null,
          "numPassingAsserts": 1,
          "retryReasons": [],
          "status": "passed",
          "title": "navigates to \"Trabajador\" screen on \"Trabajador\" button press"
        },
        {
          "ancestorTitles": [],
          "duration": 12,
          "failureDetails": [],
          "failureMessages": [],
          "fullName": "should not have any specific behaviour to test",
          "invocations": 1,
          "location": null,
          "numPassingAsserts": 1,
          "retryReasons": [],
          "status": "passed",
          "title": "should not have any specific behaviour to test"
        }
      ],
      "failureMessage": null
    },
    {
      "leaks": false,
      "numFailingTests": 0,
      "numPassingTests": 3,
      "numPendingTests": 0,
      "numTodoTests": 0,
      "openHandles": [],
      "perfStats": {
        "end": 1700581237135,
        "runtime": 2175,
        "slow": false,
        "start": 1700581234960
      },
      "skipped": false,
      "snapshot": {
        "added": 0,
        "fileDeleted": false,
        "matched": 0,
        "unchecked": 0,
        "uncheckedKeys": [],
        "unmatched": 0,
        "updated": 0
      },
      "testFilePath": "D:\\proyectomgafrontend\\src\\__tests__\\integration\\LoginWorker.test.jsx",
      "testResults": [
        {
          "ancestorTitles": [],
          "duration": 205,
          "failureDetails": [],
          "failureMessages": [],
          "fullName": "should be called only once during the component lifecycle",
          "invocations": 1,
          "location": null,
          "numPassingAsserts": 1,
          "retryReasons": [],
          "status": "passed",
          "title": "should be called only once during the component lifecycle"
        },
        {
          "ancestorTitles": [],
          "duration": 51,
          "failureDetails": [],
          "failureMessages": [],
          "fullName": "should not affect the components state",
          "invocations": 1,
          "location": null,
          "numPassingAsserts": 0,
          "retryReasons": [],
          "status": "passed",
          "title": "should not affect the components state"
        },
        {
          "ancestorTitles": [],
          "duration": 101,
          "failureDetails": [],
          "failureMessages": [],
          "fullName": "should not have any side effects",
          "invocations": 1,
          "location": null,
          "numPassingAsserts": 0,
          "retryReasons": [],
          "status": "passed",
          "title": "should not have any side effects"
        }
      ],
      "failureMessage": null
    },
    {
      "leaks": false,
      "numFailingTests": 1,
      "numPassingTests": 0,
      "numPendingTests": 0,
      "numTodoTests": 0,
      "openHandles": [],
      "perfStats": {
        "end": 1700581238265,
        "runtime": 11587,
        "slow": true,
        "start": 1700581226678
      },
      "skipped": false,
      "snapshot": {
        "added": 0,
        "fileDeleted": false,
        "matched": 0,
        "unchecked": 0,
        "uncheckedKeys": [],
        "unmatched": 0,
        "updated": 0
      },
      "testFilePath": "D:\\proyectomgafrontend\\src\\screens\\MeasurementsHistory\\MeasurementsHistory.test.jsx",
      "testResults": [
        {
          "ancestorTitles": [
            "MeasurementsHistory"
          ],
          "duration": 695,
          "failureDetails": [
            {}
          ],
          "failureMessages": [
            "TypeError: Invalid attempt to destructure non-iterable instance.\nIn order to be iterable, non-array objects must have a [Symbol.iterator]() method.\n    at _nonIterableRest (D:\\proyectomgafrontend\\node_modules\\@babel\\runtime\\helpers\\nonIterableRest.js:2:9)\n    at _slicedToArray (D:\\proyectomgafrontend\\node_modules\\@babel\\runtime\\helpers\\slicedToArray.js:6:103)\n    at MeasurementsHistory (D:\\proyectomgafrontend\\src\\screens\\MeasurementsHistory\\MeasurementsHistory.jsx:18:47)\n    at renderWithHooks (D:\\proyectomgafrontend\\node_modules\\react-test-renderer\\cjs\\react-test-renderer.development.js:6351:18)\n    at mountIndeterminateComponent (D:\\proyectomgafrontend\\node_modules\\react-test-renderer\\cjs\\react-test-renderer.development.js:9855:13)\n    at beginWork (D:\\proyectomgafrontend\\node_modules\\react-test-renderer\\cjs\\react-test-renderer.development.js:11312:16)\n    at performUnitOfWork (D:\\proyectomgafrontend\\node_modules\\react-test-renderer\\cjs\\react-test-renderer.development.js:15811:12)\n    at workLoopSync (D:\\proyectomgafrontend\\node_modules\\react-test-renderer\\cjs\\react-test-renderer.development.js:15745:5)\n    at renderRootSync (D:\\proyectomgafrontend\\node_modules\\react-test-renderer\\cjs\\react-test-renderer.development.js:15717:7)\n    at performSyncWorkOnRoot (D:\\proyectomgafrontend\\node_modules\\react-test-renderer\\cjs\\react-test-renderer.development.js:15422:20)\n    at flushSyncCallbacks (D:\\proyectomgafrontend\\node_modules\\react-test-renderer\\cjs\\react-test-renderer.development.js:2597:22)\n    at flushActQueue (D:\\proyectomgafrontend\\node_modules\\react\\cjs\\react.development.js:2667:24)\n    at Object.act (D:\\proyectomgafrontend\\node_modules\\react\\cjs\\react.development.js:2521:11)\n    at act (D:\\proyectomgafrontend\\node_modules\\@testing-library\\react-native\\src\\render-act.ts:13:16)\n    at renderInternal (D:\\proyectomgafrontend\\node_modules\\@testing-library\\react-native\\src\\render.tsx:62:33)\n    at renderInternal (D:\\proyectomgafrontend\\node_modules\\@testing-library\\react-native\\src\\render.tsx:32:10)\n    at Object.<anonymous> (D:\\proyectomgafrontend\\src\\screens\\MeasurementsHistory\\MeasurementsHistory.test.jsx:31:47)\n    at Generator.next (<anonymous>)\n    at asyncGeneratorStep (D:\\proyectomgafrontend\\node_modules\\@babel\\runtime\\helpers\\asyncToGenerator.js:3:24)\n    at _next (D:\\proyectomgafrontend\\node_modules\\@babel\\runtime\\helpers\\asyncToGenerator.js:22:9)\n    at D:\\proyectomgafrontend\\node_modules\\@babel\\runtime\\helpers\\asyncToGenerator.js:27:7\n    at new Promise (<anonymous>)\n    at Object.<anonymous> (D:\\proyectomgafrontend\\node_modules\\@babel\\runtime\\helpers\\asyncToGenerator.js:19:12)\n    at Promise.then.completed (D:\\proyectomgafrontend\\node_modules\\jest-circus\\build\\utils.js:298:28)\n    at new Promise (<anonymous>)\n    at callAsyncCircusFn (D:\\proyectomgafrontend\\node_modules\\jest-circus\\build\\utils.js:231:10)\n    at _callCircusTest (D:\\proyectomgafrontend\\node_modules\\jest-circus\\build\\run.js:316:40)\n    at processTicksAndRejections (node:internal/process/task_queues:95:5)\n    at _runTest (D:\\proyectomgafrontend\\node_modules\\jest-circus\\build\\run.js:252:3)\n    at _runTestsForDescribeBlock (D:\\proyectomgafrontend\\node_modules\\jest-circus\\build\\run.js:126:9)\n    at _runTestsForDescribeBlock (D:\\proyectomgafrontend\\node_modules\\jest-circus\\build\\run.js:121:9)\n    at run (D:\\proyectomgafrontend\\node_modules\\jest-circus\\build\\run.js:71:3)\n    at runAndTransformResultsToJestFormat (D:\\proyectomgafrontend\\node_modules\\jest-circus\\build\\legacy-code-todo-rewrite\\jestAdapterInit.js:122:21)\n    at jestAdapter (D:\\proyectomgafrontend\\node_modules\\jest-circus\\build\\legacy-code-todo-rewrite\\jestAdapter.js:79:19)\n    at runTestInternal (D:\\proyectomgafrontend\\node_modules\\jest-runner\\build\\runTest.js:367:16)\n    at runTest (D:\\proyectomgafrontend\\node_modules\\jest-runner\\build\\runTest.js:444:34)\n    at Object.worker (D:\\proyectomgafrontend\\node_modules\\jest-runner\\build\\testWorker.js:106:12)"
          ],
          "fullName": "MeasurementsHistory renders correctly",
          "invocations": 1,
          "location": null,
          "numPassingAsserts": 0,
          "retryReasons": [],
          "status": "failed",
          "title": "renders correctly"
        }
      ],
      "failureMessage": "\u001b[1m\u001b[31m  \u001b[1m● \u001b[22m\u001b[1mMeasurementsHistory › renders correctly\u001b[39m\u001b[22m\n\n    TypeError: Invalid attempt to destructure non-iterable instance.\n    In order to be iterable, non-array objects must have a [Symbol.iterator]() method.\n\u001b[2m\u001b[22m\n\u001b[2m    \u001b[0m \u001b[90m 16 |\u001b[39m   \u001b[36mconst\u001b[39m titles \u001b[33m=\u001b[39m [\u001b[32m'Mis mediciones'\u001b[39m\u001b[33m,\u001b[39m \u001b[32m'Nueva medicion'\u001b[39m]\u001b[0m\u001b[22m\n\u001b[2m    \u001b[0m \u001b[90m 17 |\u001b[39m   \u001b[36mconst\u001b[39m [activeTab\u001b[33m,\u001b[39m setActiveTab] \u001b[33m=\u001b[39m useState(titles[\u001b[35m0\u001b[39m])\u001b[0m\u001b[22m\n\u001b[2m    \u001b[0m\u001b[31m\u001b[1m>\u001b[22m\u001b[2m\u001b[39m\u001b[90m 18 |\u001b[39m   \u001b[36mconst\u001b[39m [response\u001b[33m,\u001b[39m \u001b[33m,\u001b[39m handleRequest] \u001b[33m=\u001b[39m useApi()\u001b[0m\u001b[22m\n\u001b[2m    \u001b[0m \u001b[90m    |\u001b[39m                                               \u001b[31m\u001b[1m^\u001b[22m\u001b[2m\u001b[39m\u001b[0m\u001b[22m\n\u001b[2m    \u001b[0m \u001b[90m 19 |\u001b[39m   \u001b[36mconst\u001b[39m [showNoInfo\u001b[33m,\u001b[39m setShowNoInfo] \u001b[33m=\u001b[39m useState(\u001b[36mfalse\u001b[39m)\u001b[0m\u001b[22m\n\u001b[2m    \u001b[0m \u001b[90m 20 |\u001b[39m   \u001b[36mconst\u001b[39m [registers\u001b[33m,\u001b[39m setRegisters] \u001b[33m=\u001b[39m useState()\u001b[0m\u001b[22m\n\u001b[2m    \u001b[0m \u001b[90m 21 |\u001b[39m\u001b[0m\u001b[22m\n\u001b[2m\u001b[22m\n\u001b[2m      \u001b[2mat _nonIterableRest (\u001b[22m\u001b[2mnode_modules/@babel/runtime/helpers/nonIterableRest.js\u001b[2m:2:9)\u001b[22m\u001b[2m\u001b[22m\n\u001b[2m      \u001b[2mat _slicedToArray (\u001b[22m\u001b[2mnode_modules/@babel/runtime/helpers/slicedToArray.js\u001b[2m:6:103)\u001b[22m\u001b[2m\u001b[22m\n\u001b[2m      \u001b[2mat MeasurementsHistory (\u001b[22m\u001b[2msrc/screens/MeasurementsHistory/MeasurementsHistory.jsx\u001b[2m:18:47)\u001b[22m\u001b[2m\u001b[22m\n\u001b[2m      \u001b[2mat renderWithHooks (\u001b[22m\u001b[2mnode_modules/react-test-renderer/cjs/react-test-renderer.development.js\u001b[2m:6351:18)\u001b[22m\u001b[2m\u001b[22m\n\u001b[2m      \u001b[2mat mountIndeterminateComponent (\u001b[22m\u001b[2mnode_modules/react-test-renderer/cjs/react-test-renderer.development.js\u001b[2m:9855:13)\u001b[22m\u001b[2m\u001b[22m\n\u001b[2m      \u001b[2mat beginWork (\u001b[22m\u001b[2mnode_modules/react-test-renderer/cjs/react-test-renderer.development.js\u001b[2m:11312:16)\u001b[22m\u001b[2m\u001b[22m\n\u001b[2m      \u001b[2mat performUnitOfWork (\u001b[22m\u001b[2mnode_modules/react-test-renderer/cjs/react-test-renderer.development.js\u001b[2m:15811:12)\u001b[22m\u001b[2m\u001b[22m\n\u001b[2m      \u001b[2mat workLoopSync (\u001b[22m\u001b[2mnode_modules/react-test-renderer/cjs/react-test-renderer.development.js\u001b[2m:15745:5)\u001b[22m\u001b[2m\u001b[22m\n\u001b[2m      \u001b[2mat renderRootSync (\u001b[22m\u001b[2mnode_modules/react-test-renderer/cjs/react-test-renderer.development.js\u001b[2m:15717:7)\u001b[22m\u001b[2m\u001b[22m\n\u001b[2m      \u001b[2mat performSyncWorkOnRoot (\u001b[22m\u001b[2mnode_modules/react-test-renderer/cjs/react-test-renderer.development.js\u001b[2m:15422:20)\u001b[22m\u001b[2m\u001b[22m\n\u001b[2m      \u001b[2mat flushSyncCallbacks (\u001b[22m\u001b[2mnode_modules/react-test-renderer/cjs/react-test-renderer.development.js\u001b[2m:2597:22)\u001b[22m\u001b[2m\u001b[22m\n\u001b[2m      \u001b[2mat flushActQueue (\u001b[22m\u001b[2mnode_modules/react/cjs/react.development.js\u001b[2m:2667:24)\u001b[22m\u001b[2m\u001b[22m\n\u001b[2m      \u001b[2mat Object.act (\u001b[22m\u001b[2mnode_modules/react/cjs/react.development.js\u001b[2m:2521:11)\u001b[22m\u001b[2m\u001b[22m\n\u001b[2m      \u001b[2mat act (\u001b[22m\u001b[2mnode_modules/@testing-library/react-native/src/render-act.ts\u001b[2m:13:16)\u001b[22m\u001b[2m\u001b[22m\n\u001b[2m      \u001b[2mat renderInternal (\u001b[22m\u001b[2mnode_modules/@testing-library/react-native/src/render.tsx\u001b[2m:62:33)\u001b[22m\u001b[2m\u001b[22m\n\u001b[2m      \u001b[2mat renderInternal (\u001b[22m\u001b[2mnode_modules/@testing-library/react-native/src/render.tsx\u001b[2m:32:10)\u001b[22m\u001b[2m\u001b[22m\n\u001b[2m      \u001b[2mat Object.<anonymous> (\u001b[22m\u001b[2m\u001b[0m\u001b[36msrc/screens/MeasurementsHistory/MeasurementsHistory.test.jsx\u001b[39m\u001b[0m\u001b[2m:31:47)\u001b[22m\u001b[2m\u001b[22m\n\u001b[2m      \u001b[2mat asyncGeneratorStep (\u001b[22m\u001b[2mnode_modules/@babel/runtime/helpers/asyncToGenerator.js\u001b[2m:3:24)\u001b[22m\u001b[2m\u001b[22m\n\u001b[2m      \u001b[2mat _next (\u001b[22m\u001b[2mnode_modules/@babel/runtime/helpers/asyncToGenerator.js\u001b[2m:22:9)\u001b[22m\u001b[2m\u001b[22m\n\u001b[2m      \u001b[2mat \u001b[22m\u001b[2mnode_modules/@babel/runtime/helpers/asyncToGenerator.js\u001b[2m:27:7\u001b[22m\u001b[2m\u001b[22m\n\u001b[2m      \u001b[2mat Object.<anonymous> (\u001b[22m\u001b[2mnode_modules/@babel/runtime/helpers/asyncToGenerator.js\u001b[2m:19:12)\u001b[22m\u001b[2m\u001b[22m\n"
    },
    {
      "leaks": false,
      "numFailingTests": 0,
      "numPassingTests": 5,
      "numPendingTests": 0,
      "numTodoTests": 0,
      "openHandles": [],
      "perfStats": {
        "end": 1700581237684,
        "runtime": 583,
        "slow": false,
        "start": 1700581237101
      },
      "skipped": false,
      "snapshot": {
        "added": 0,
        "fileDeleted": false,
        "matched": 0,
        "unchecked": 0,
        "uncheckedKeys": [],
        "unmatched": 0,
        "updated": 0
      },
      "testFilePath": "D:\\proyectomgafrontend\\src\\__tests__\\unit\\SelectOption.test.jsx",
      "testResults": [
        {
          "ancestorTitles": [
            "SelectOption"
          ],
          "duration": 118,
          "failureDetails": [],
          "failureMessages": [],
          "fullName": "SelectOption should render correctly",
          "invocations": 1,
          "location": null,
          "numPassingAsserts": 1,
          "retryReasons": [],
          "status": "passed",
          "title": "should render correctly"
        },
        {
          "ancestorTitles": [
            "SelectOption"
          ],
          "duration": 26,
          "failureDetails": [],
          "failureMessages": [],
          "fullName": "SelectOption should toggle options on press",
          "invocations": 1,
          "location": null,
          "numPassingAsserts": 2,
          "retryReasons": [],
          "status": "passed",
          "title": "should toggle options on press"
        },
        {
          "ancestorTitles": [
            "SelectOption"
          ],
          "duration": 32,
          "failureDetails": [],
          "failureMessages": [],
          "fullName": "SelectOption should select an option",
          "invocations": 1,
          "location": null,
          "numPassingAsserts": 1,
          "retryReasons": [],
          "status": "passed",
          "title": "should select an option"
        },
        {
          "ancestorTitles": [
            "SelectOption"
          ],
          "duration": 41,
          "failureDetails": [],
          "failureMessages": [],
          "fullName": "SelectOption should handle \"No seleccionar\" option",
          "invocations": 1,
          "location": null,
          "numPassingAsserts": 1,
          "retryReasons": [],
          "status": "passed",
          "title": "should handle \"No seleccionar\" option"
        },
        {
          "ancestorTitles": [
            "SelectOption"
          ],
          "duration": 8,
          "failureDetails": [],
          "failureMessages": [],
          "fullName": "SelectOption should display the selected option",
          "invocations": 1,
          "location": null,
          "numPassingAsserts": 1,
          "retryReasons": [],
          "status": "passed",
          "title": "should display the selected option"
        }
      ],
      "failureMessage": null
    },
    {
      "leaks": false,
      "numFailingTests": 1,
      "numPassingTests": 0,
      "numPendingTests": 0,
      "numTodoTests": 0,
      "openHandles": [],
      "perfStats": {
        "end": 1700581238471,
        "runtime": 11799,
        "slow": true,
        "start": 1700581226672
      },
      "skipped": false,
      "snapshot": {
        "added": 0,
        "fileDeleted": false,
        "matched": 0,
        "unchecked": 0,
        "uncheckedKeys": [],
        "unmatched": 0,
        "updated": 0
      },
      "testFilePath": "D:\\proyectomgafrontend\\src\\__tests__\\integration\\GalleryAssignment.test.jsx",
      "testResults": [
        {
          "ancestorTitles": [
            "GalleryAssignment"
          ],
          "duration": 888,
          "failureDetails": [
            {
              "code": "ERR_FONT_SOURCE"
            },
            {
              "code": "ERR_FONT_SOURCE"
            },
            {
              "code": "ERR_FONT_SOURCE"
            },
            {
              "code": "ERR_FONT_SOURCE"
            },
            {}
          ],
          "failureMessages": [
            "Error: `loadSingleFontAsync` expected resource of type `Asset` from expo-asset on native\n    at D:\\proyectomgafrontend\\node_modules\\expo-font\\src\\FontLoader.ts:46:11\n    at Generator.next (<anonymous>)\n    at asyncGeneratorStep (D:\\proyectomgafrontend\\node_modules\\@babel\\runtime\\helpers\\asyncToGenerator.js:3:24)\n    at _next (D:\\proyectomgafrontend\\node_modules\\@babel\\runtime\\helpers\\asyncToGenerator.js:22:9)\n    at D:\\proyectomgafrontend\\node_modules\\@babel\\runtime\\helpers\\asyncToGenerator.js:27:7\n    at new Promise (<anonymous>)\n    at D:\\proyectomgafrontend\\node_modules\\@babel\\runtime\\helpers\\asyncToGenerator.js:19:12\n    at apply (D:\\proyectomgafrontend\\node_modules\\expo-font\\src\\FontLoader.ts:57:2)\n    at apply (D:\\proyectomgafrontend\\node_modules\\expo-font\\src\\FontLoader.ts:40:42)\n    at D:\\proyectomgafrontend\\node_modules\\expo-font\\src\\Font.ts:133:32\n    at Generator.next (<anonymous>)\n    at asyncGeneratorStep (D:\\proyectomgafrontend\\node_modules\\@babel\\runtime\\helpers\\asyncToGenerator.js:3:24)\n    at _next (D:\\proyectomgafrontend\\node_modules\\@babel\\runtime\\helpers\\asyncToGenerator.js:22:9)\n    at D:\\proyectomgafrontend\\node_modules\\@babel\\runtime\\helpers\\asyncToGenerator.js:27:7\n    at new Promise (<anonymous>)\n    at D:\\proyectomgafrontend\\node_modules\\@babel\\runtime\\helpers\\asyncToGenerator.js:19:12\n    at D:\\proyectomgafrontend\\node_modules\\expo-font\\src\\Font.ts:138:4\n    at Generator.next (<anonymous>)\n    at asyncGeneratorStep (D:\\proyectomgafrontend\\node_modules\\@babel\\runtime\\helpers\\asyncToGenerator.js:3:24)\n    at _next (D:\\proyectomgafrontend\\node_modules\\@babel\\runtime\\helpers\\asyncToGenerator.js:22:9)\n    at D:\\proyectomgafrontend\\node_modules\\@babel\\runtime\\helpers\\asyncToGenerator.js:27:7\n    at new Promise (<anonymous>)\n    at D:\\proyectomgafrontend\\node_modules\\@babel\\runtime\\helpers\\asyncToGenerator.js:19:12\n    at apply (D:\\proyectomgafrontend\\node_modules\\expo-font\\src\\Font.ts:141:2)\n    at apply (D:\\proyectomgafrontend\\node_modules\\expo-font\\src\\Font.ts:106:40)\n    at loadFontInNamespaceAsync (D:\\proyectomgafrontend\\node_modules\\expo-font\\src\\Font.ts:99:43)\n    at Array.map (<anonymous>)\n    at Object.map (D:\\proyectomgafrontend\\node_modules\\expo-font\\src\\Font.ts:99:29)\n    at Generator.next (<anonymous>)\n    at asyncGeneratorStep (D:\\proyectomgafrontend\\node_modules\\@babel\\runtime\\helpers\\asyncToGenerator.js:3:24)\n    at _next (D:\\proyectomgafrontend\\node_modules\\@babel\\runtime\\helpers\\asyncToGenerator.js:22:9)\n    at D:\\proyectomgafrontend\\node_modules\\@babel\\runtime\\helpers\\asyncToGenerator.js:27:7\n    at new Promise (<anonymous>)\n    at Object.<anonymous> (D:\\proyectomgafrontend\\node_modules\\@babel\\runtime\\helpers\\asyncToGenerator.js:19:12)\n    at Object.apply (D:\\proyectomgafrontend\\node_modules\\expo-font\\src\\Font.ts:104:2)\n    at Object.apply [as loadAsync] (D:\\proyectomgafrontend\\node_modules\\expo-font\\src\\Font.ts:86:32)\n    at Icon.loadAsync (D:\\proyectomgafrontend\\node_modules\\@expo\\vector-icons\\src\\createIconSet.tsx:131:20)\n    at Generator.next (<anonymous>)\n    at asyncGeneratorStep (D:\\proyectomgafrontend\\node_modules\\@babel\\runtime\\helpers\\asyncToGenerator.js:3:24)\n    at _next (D:\\proyectomgafrontend\\node_modules\\@babel\\runtime\\helpers\\asyncToGenerator.js:22:9)\n    at D:\\proyectomgafrontend\\node_modules\\@babel\\runtime\\helpers\\asyncToGenerator.js:27:7\n    at new Promise (<anonymous>)\n    at Icon.<anonymous> (D:\\proyectomgafrontend\\node_modules\\@babel\\runtime\\helpers\\asyncToGenerator.js:19:12)\n    at Icon.apply [as componentDidMount] (D:\\proyectomgafrontend\\node_modules\\@expo\\vector-icons\\src\\createIconSet.tsx:134:6)\n    at commitLayoutEffectOnFiber (D:\\proyectomgafrontend\\node_modules\\react-test-renderer\\cjs\\react-test-renderer.development.js:13151:28)\n    at commitLayoutMountEffects_complete (D:\\proyectomgafrontend\\node_modules\\react-test-renderer\\cjs\\react-test-renderer.development.js:14330:9)\n    at commitLayoutEffects_begin (D:\\proyectomgafrontend\\node_modules\\react-test-renderer\\cjs\\react-test-renderer.development.js:14316:7)\n    at commitLayoutEffects (D:\\proyectomgafrontend\\node_modules\\react-test-renderer\\cjs\\react-test-renderer.development.js:14301:3)\n    at commitRootImpl (D:\\proyectomgafrontend\\node_modules\\react-test-renderer\\cjs\\react-test-renderer.development.js:16062:5)\n    at commitRoot (D:\\proyectomgafrontend\\node_modules\\react-test-renderer\\cjs\\react-test-renderer.development.js:15933:5)\n    at performSyncWorkOnRoot (D:\\proyectomgafrontend\\node_modules\\react-test-renderer\\cjs\\react-test-renderer.development.js:15454:3)\n    at flushSyncCallbacks (D:\\proyectomgafrontend\\node_modules\\react-test-renderer\\cjs\\react-test-renderer.development.js:2597:22)\n    at flushActQueue (D:\\proyectomgafrontend\\node_modules\\react\\cjs\\react.development.js:2667:24)\n    at Object.act (D:\\proyectomgafrontend\\node_modules\\react\\cjs\\react.development.js:2521:11)\n    at act (D:\\proyectomgafrontend\\node_modules\\@testing-library\\react-native\\src\\render-act.ts:13:16)\n    at renderInternal (D:\\proyectomgafrontend\\node_modules\\@testing-library\\react-native\\src\\render.tsx:62:33)\n    at renderInternal (D:\\proyectomgafrontend\\node_modules\\@testing-library\\react-native\\src\\render.tsx:32:10)\n    at Object.<anonymous> (D:\\proyectomgafrontend\\src\\__tests__\\integration\\GalleryAssignment.test.jsx:48:33)\n    at Generator.next (<anonymous>)\n    at asyncGeneratorStep (D:\\proyectomgafrontend\\node_modules\\@babel\\runtime\\helpers\\asyncToGenerator.js:3:24)\n    at _next (D:\\proyectomgafrontend\\node_modules\\@babel\\runtime\\helpers\\asyncToGenerator.js:22:9)\n    at D:\\proyectomgafrontend\\node_modules\\@babel\\runtime\\helpers\\asyncToGenerator.js:27:7\n    at new Promise (<anonymous>)\n    at Object.<anonymous> (D:\\proyectomgafrontend\\node_modules\\@babel\\runtime\\helpers\\asyncToGenerator.js:19:12)\n    at Promise.then.completed (D:\\proyectomgafrontend\\node_modules\\jest-circus\\build\\utils.js:298:28)\n    at new Promise (<anonymous>)\n    at callAsyncCircusFn (D:\\proyectomgafrontend\\node_modules\\jest-circus\\build\\utils.js:231:10)\n    at _callCircusTest (D:\\proyectomgafrontend\\node_modules\\jest-circus\\build\\run.js:316:40)\n    at processTicksAndRejections (node:internal/process/task_queues:95:5)\n    at _runTest (D:\\proyectomgafrontend\\node_modules\\jest-circus\\build\\run.js:252:3)\n    at _runTestsForDescribeBlock (D:\\proyectomgafrontend\\node_modules\\jest-circus\\build\\run.js:126:9)\n    at _runTestsForDescribeBlock (D:\\proyectomgafrontend\\node_modules\\jest-circus\\build\\run.js:121:9)\n    at run (D:\\proyectomgafrontend\\node_modules\\jest-circus\\build\\run.js:71:3)\n    at runAndTransformResultsToJestFormat (D:\\proyectomgafrontend\\node_modules\\jest-circus\\build\\legacy-code-todo-rewrite\\jestAdapterInit.js:122:21)\n    at jestAdapter (D:\\proyectomgafrontend\\node_modules\\jest-circus\\build\\legacy-code-todo-rewrite\\jestAdapter.js:79:19)\n    at runTestInternal (D:\\proyectomgafrontend\\node_modules\\jest-runner\\build\\runTest.js:367:16)\n    at runTest (D:\\proyectomgafrontend\\node_modules\\jest-runner\\build\\runTest.js:444:34)\n    at Object.worker (D:\\proyectomgafrontend\\node_modules\\jest-runner\\build\\testWorker.js:106:12)",
            "Error: `loadSingleFontAsync` expected resource of type `Asset` from expo-asset on native\n    at D:\\proyectomgafrontend\\node_modules\\expo-font\\src\\FontLoader.ts:46:11\n    at Generator.next (<anonymous>)\n    at asyncGeneratorStep (D:\\proyectomgafrontend\\node_modules\\@babel\\runtime\\helpers\\asyncToGenerator.js:3:24)\n    at _next (D:\\proyectomgafrontend\\node_modules\\@babel\\runtime\\helpers\\asyncToGenerator.js:22:9)\n    at D:\\proyectomgafrontend\\node_modules\\@babel\\runtime\\helpers\\asyncToGenerator.js:27:7\n    at new Promise (<anonymous>)\n    at D:\\proyectomgafrontend\\node_modules\\@babel\\runtime\\helpers\\asyncToGenerator.js:19:12\n    at apply (D:\\proyectomgafrontend\\node_modules\\expo-font\\src\\FontLoader.ts:40:42)\n    at D:\\proyectomgafrontend\\node_modules\\expo-font\\src\\Font.ts:133:32\n    at Generator.next (<anonymous>)\n    at asyncGeneratorStep (D:\\proyectomgafrontend\\node_modules\\@babel\\runtime\\helpers\\asyncToGenerator.js:3:24)\n    at _next (D:\\proyectomgafrontend\\node_modules\\@babel\\runtime\\helpers\\asyncToGenerator.js:22:9)\n    at D:\\proyectomgafrontend\\node_modules\\@babel\\runtime\\helpers\\asyncToGenerator.js:27:7\n    at new Promise (<anonymous>)\n    at D:\\proyectomgafrontend\\node_modules\\@babel\\runtime\\helpers\\asyncToGenerator.js:19:12\n    at D:\\proyectomgafrontend\\node_modules\\expo-font\\src\\Font.ts:138:4\n    at Generator.next (<anonymous>)\n    at asyncGeneratorStep (D:\\proyectomgafrontend\\node_modules\\@babel\\runtime\\helpers\\asyncToGenerator.js:3:24)\n    at _next (D:\\proyectomgafrontend\\node_modules\\@babel\\runtime\\helpers\\asyncToGenerator.js:22:9)\n    at D:\\proyectomgafrontend\\node_modules\\@babel\\runtime\\helpers\\asyncToGenerator.js:27:7\n    at new Promise (<anonymous>)\n    at D:\\proyectomgafrontend\\node_modules\\@babel\\runtime\\helpers\\asyncToGenerator.js:19:12\n    at apply (D:\\proyectomgafrontend\\node_modules\\expo-font\\src\\Font.ts:106:40)\n    at loadFontInNamespaceAsync (D:\\proyectomgafrontend\\node_modules\\expo-font\\src\\Font.ts:99:43)\n    at Array.map (<anonymous>)\n    at Object.map (D:\\proyectomgafrontend\\node_modules\\expo-font\\src\\Font.ts:99:29)\n    at Generator.next (<anonymous>)\n    at asyncGeneratorStep (D:\\proyectomgafrontend\\node_modules\\@babel\\runtime\\helpers\\asyncToGenerator.js:3:24)\n    at _next (D:\\proyectomgafrontend\\node_modules\\@babel\\runtime\\helpers\\asyncToGenerator.js:22:9)\n    at D:\\proyectomgafrontend\\node_modules\\@babel\\runtime\\helpers\\asyncToGenerator.js:27:7\n    at new Promise (<anonymous>)\n    at Object.<anonymous> (D:\\proyectomgafrontend\\node_modules\\@babel\\runtime\\helpers\\asyncToGenerator.js:19:12)\n    at Object.apply [as loadAsync] (D:\\proyectomgafrontend\\node_modules\\expo-font\\src\\Font.ts:86:32)\n    at Icon.loadAsync (D:\\proyectomgafrontend\\node_modules\\@expo\\vector-icons\\src\\createIconSet.tsx:131:20)\n    at Generator.next (<anonymous>)\n    at asyncGeneratorStep (D:\\proyectomgafrontend\\node_modules\\@babel\\runtime\\helpers\\asyncToGenerator.js:3:24)\n    at _next (D:\\proyectomgafrontend\\node_modules\\@babel\\runtime\\helpers\\asyncToGenerator.js:22:9)\n    at D:\\proyectomgafrontend\\node_modules\\@babel\\runtime\\helpers\\asyncToGenerator.js:27:7\n    at new Promise (<anonymous>)\n    at Icon.<anonymous> (D:\\proyectomgafrontend\\node_modules\\@babel\\runtime\\helpers\\asyncToGenerator.js:19:12)\n    at Icon.apply [as componentDidMount] (D:\\proyectomgafrontend\\node_modules\\@expo\\vector-icons\\src\\createIconSet.tsx:134:6)\n    at commitLayoutEffectOnFiber (D:\\proyectomgafrontend\\node_modules\\react-test-renderer\\cjs\\react-test-renderer.development.js:13151:28)\n    at commitLayoutMountEffects_complete (D:\\proyectomgafrontend\\node_modules\\react-test-renderer\\cjs\\react-test-renderer.development.js:14330:9)\n    at commitLayoutEffects_begin (D:\\proyectomgafrontend\\node_modules\\react-test-renderer\\cjs\\react-test-renderer.development.js:14316:7)\n    at commitLayoutEffects (D:\\proyectomgafrontend\\node_modules\\react-test-renderer\\cjs\\react-test-renderer.development.js:14301:3)\n    at commitRootImpl (D:\\proyectomgafrontend\\node_modules\\react-test-renderer\\cjs\\react-test-renderer.development.js:16062:5)\n    at commitRoot (D:\\proyectomgafrontend\\node_modules\\react-test-renderer\\cjs\\react-test-renderer.development.js:15933:5)\n    at performSyncWorkOnRoot (D:\\proyectomgafrontend\\node_modules\\react-test-renderer\\cjs\\react-test-renderer.development.js:15454:3)\n    at flushSyncCallbacks (D:\\proyectomgafrontend\\node_modules\\react-test-renderer\\cjs\\react-test-renderer.development.js:2597:22)\n    at flushActQueue (D:\\proyectomgafrontend\\node_modules\\react\\cjs\\react.development.js:2667:24)\n    at Object.act (D:\\proyectomgafrontend\\node_modules\\react\\cjs\\react.development.js:2521:11)\n    at act (D:\\proyectomgafrontend\\node_modules\\@testing-library\\react-native\\src\\render-act.ts:13:16)\n    at renderInternal (D:\\proyectomgafrontend\\node_modules\\@testing-library\\react-native\\src\\render.tsx:62:33)\n    at renderInternal (D:\\proyectomgafrontend\\node_modules\\@testing-library\\react-native\\src\\render.tsx:32:10)\n    at Object.<anonymous> (D:\\proyectomgafrontend\\src\\__tests__\\integration\\GalleryAssignment.test.jsx:48:33)\n    at Generator.next (<anonymous>)\n    at asyncGeneratorStep (D:\\proyectomgafrontend\\node_modules\\@babel\\runtime\\helpers\\asyncToGenerator.js:3:24)\n    at _next (D:\\proyectomgafrontend\\node_modules\\@babel\\runtime\\helpers\\asyncToGenerator.js:22:9)\n    at D:\\proyectomgafrontend\\node_modules\\@babel\\runtime\\helpers\\asyncToGenerator.js:27:7\n    at new Promise (<anonymous>)\n    at Object.<anonymous> (D:\\proyectomgafrontend\\node_modules\\@babel\\runtime\\helpers\\asyncToGenerator.js:19:12)\n    at Promise.then.completed (D:\\proyectomgafrontend\\node_modules\\jest-circus\\build\\utils.js:298:28)\n    at new Promise (<anonymous>)\n    at callAsyncCircusFn (D:\\proyectomgafrontend\\node_modules\\jest-circus\\build\\utils.js:231:10)\n    at _callCircusTest (D:\\proyectomgafrontend\\node_modules\\jest-circus\\build\\run.js:316:40)\n    at processTicksAndRejections (node:internal/process/task_queues:95:5)\n    at _runTest (D:\\proyectomgafrontend\\node_modules\\jest-circus\\build\\run.js:252:3)\n    at _runTestsForDescribeBlock (D:\\proyectomgafrontend\\node_modules\\jest-circus\\build\\run.js:126:9)\n    at _runTestsForDescribeBlock (D:\\proyectomgafrontend\\node_modules\\jest-circus\\build\\run.js:121:9)\n    at run (D:\\proyectomgafrontend\\node_modules\\jest-circus\\build\\run.js:71:3)\n    at runAndTransformResultsToJestFormat (D:\\proyectomgafrontend\\node_modules\\jest-circus\\build\\legacy-code-todo-rewrite\\jestAdapterInit.js:122:21)\n    at jestAdapter (D:\\proyectomgafrontend\\node_modules\\jest-circus\\build\\legacy-code-todo-rewrite\\jestAdapter.js:79:19)\n    at runTestInternal (D:\\proyectomgafrontend\\node_modules\\jest-runner\\build\\runTest.js:367:16)\n    at runTest (D:\\proyectomgafrontend\\node_modules\\jest-runner\\build\\runTest.js:444:34)\n    at Object.worker (D:\\proyectomgafrontend\\node_modules\\jest-runner\\build\\testWorker.js:106:12)",
            "Error: `loadSingleFontAsync` expected resource of type `Asset` from expo-asset on native\n    at D:\\proyectomgafrontend\\node_modules\\expo-font\\src\\FontLoader.ts:46:11\n    at Generator.next (<anonymous>)\n    at asyncGeneratorStep (D:\\proyectomgafrontend\\node_modules\\@babel\\runtime\\helpers\\asyncToGenerator.js:3:24)\n    at _next (D:\\proyectomgafrontend\\node_modules\\@babel\\runtime\\helpers\\asyncToGenerator.js:22:9)\n    at D:\\proyectomgafrontend\\node_modules\\@babel\\runtime\\helpers\\asyncToGenerator.js:27:7\n    at new Promise (<anonymous>)\n    at D:\\proyectomgafrontend\\node_modules\\@babel\\runtime\\helpers\\asyncToGenerator.js:19:12\n    at apply (D:\\proyectomgafrontend\\node_modules\\expo-font\\src\\FontLoader.ts:40:42)\n    at D:\\proyectomgafrontend\\node_modules\\expo-font\\src\\Font.ts:133:32\n    at Generator.next (<anonymous>)\n    at asyncGeneratorStep (D:\\proyectomgafrontend\\node_modules\\@babel\\runtime\\helpers\\asyncToGenerator.js:3:24)\n    at _next (D:\\proyectomgafrontend\\node_modules\\@babel\\runtime\\helpers\\asyncToGenerator.js:22:9)\n    at D:\\proyectomgafrontend\\node_modules\\@babel\\runtime\\helpers\\asyncToGenerator.js:27:7\n    at new Promise (<anonymous>)\n    at D:\\proyectomgafrontend\\node_modules\\@babel\\runtime\\helpers\\asyncToGenerator.js:19:12\n    at D:\\proyectomgafrontend\\node_modules\\expo-font\\src\\Font.ts:138:4\n    at Generator.next (<anonymous>)\n    at asyncGeneratorStep (D:\\proyectomgafrontend\\node_modules\\@babel\\runtime\\helpers\\asyncToGenerator.js:3:24)\n    at _next (D:\\proyectomgafrontend\\node_modules\\@babel\\runtime\\helpers\\asyncToGenerator.js:22:9)\n    at D:\\proyectomgafrontend\\node_modules\\@babel\\runtime\\helpers\\asyncToGenerator.js:27:7\n    at new Promise (<anonymous>)\n    at D:\\proyectomgafrontend\\node_modules\\@babel\\runtime\\helpers\\asyncToGenerator.js:19:12\n    at apply (D:\\proyectomgafrontend\\node_modules\\expo-font\\src\\Font.ts:106:40)\n    at loadFontInNamespaceAsync (D:\\proyectomgafrontend\\node_modules\\expo-font\\src\\Font.ts:99:43)\n    at Array.map (<anonymous>)\n    at Object.map (D:\\proyectomgafrontend\\node_modules\\expo-font\\src\\Font.ts:99:29)\n    at Generator.next (<anonymous>)\n    at asyncGeneratorStep (D:\\proyectomgafrontend\\node_modules\\@babel\\runtime\\helpers\\asyncToGenerator.js:3:24)\n    at _next (D:\\proyectomgafrontend\\node_modules\\@babel\\runtime\\helpers\\asyncToGenerator.js:22:9)\n    at D:\\proyectomgafrontend\\node_modules\\@babel\\runtime\\helpers\\asyncToGenerator.js:27:7\n    at new Promise (<anonymous>)\n    at Object.<anonymous> (D:\\proyectomgafrontend\\node_modules\\@babel\\runtime\\helpers\\asyncToGenerator.js:19:12)\n    at Object.apply [as loadAsync] (D:\\proyectomgafrontend\\node_modules\\expo-font\\src\\Font.ts:86:32)\n    at Icon.loadAsync (D:\\proyectomgafrontend\\node_modules\\@expo\\vector-icons\\src\\createIconSet.tsx:131:20)\n    at Generator.next (<anonymous>)\n    at asyncGeneratorStep (D:\\proyectomgafrontend\\node_modules\\@babel\\runtime\\helpers\\asyncToGenerator.js:3:24)\n    at _next (D:\\proyectomgafrontend\\node_modules\\@babel\\runtime\\helpers\\asyncToGenerator.js:22:9)\n    at D:\\proyectomgafrontend\\node_modules\\@babel\\runtime\\helpers\\asyncToGenerator.js:27:7\n    at new Promise (<anonymous>)\n    at Icon.<anonymous> (D:\\proyectomgafrontend\\node_modules\\@babel\\runtime\\helpers\\asyncToGenerator.js:19:12)\n    at Icon.apply [as componentDidMount] (D:\\proyectomgafrontend\\node_modules\\@expo\\vector-icons\\src\\createIconSet.tsx:134:6)\n    at commitLayoutEffectOnFiber (D:\\proyectomgafrontend\\node_modules\\react-test-renderer\\cjs\\react-test-renderer.development.js:13151:28)\n    at commitLayoutMountEffects_complete (D:\\proyectomgafrontend\\node_modules\\react-test-renderer\\cjs\\react-test-renderer.development.js:14330:9)\n    at commitLayoutEffects_begin (D:\\proyectomgafrontend\\node_modules\\react-test-renderer\\cjs\\react-test-renderer.development.js:14316:7)\n    at commitLayoutEffects (D:\\proyectomgafrontend\\node_modules\\react-test-renderer\\cjs\\react-test-renderer.development.js:14301:3)\n    at commitRootImpl (D:\\proyectomgafrontend\\node_modules\\react-test-renderer\\cjs\\react-test-renderer.development.js:16062:5)\n    at commitRoot (D:\\proyectomgafrontend\\node_modules\\react-test-renderer\\cjs\\react-test-renderer.development.js:15933:5)\n    at performSyncWorkOnRoot (D:\\proyectomgafrontend\\node_modules\\react-test-renderer\\cjs\\react-test-renderer.development.js:15454:3)\n    at flushSyncCallbacks (D:\\proyectomgafrontend\\node_modules\\react-test-renderer\\cjs\\react-test-renderer.development.js:2597:22)\n    at flushActQueue (D:\\proyectomgafrontend\\node_modules\\react\\cjs\\react.development.js:2667:24)\n    at Object.act (D:\\proyectomgafrontend\\node_modules\\react\\cjs\\react.development.js:2521:11)\n    at act (D:\\proyectomgafrontend\\node_modules\\@testing-library\\react-native\\src\\render-act.ts:13:16)\n    at renderInternal (D:\\proyectomgafrontend\\node_modules\\@testing-library\\react-native\\src\\render.tsx:62:33)\n    at renderInternal (D:\\proyectomgafrontend\\node_modules\\@testing-library\\react-native\\src\\render.tsx:32:10)\n    at Object.<anonymous> (D:\\proyectomgafrontend\\src\\__tests__\\integration\\GalleryAssignment.test.jsx:48:33)\n    at Generator.next (<anonymous>)\n    at asyncGeneratorStep (D:\\proyectomgafrontend\\node_modules\\@babel\\runtime\\helpers\\asyncToGenerator.js:3:24)\n    at _next (D:\\proyectomgafrontend\\node_modules\\@babel\\runtime\\helpers\\asyncToGenerator.js:22:9)\n    at D:\\proyectomgafrontend\\node_modules\\@babel\\runtime\\helpers\\asyncToGenerator.js:27:7\n    at new Promise (<anonymous>)\n    at Object.<anonymous> (D:\\proyectomgafrontend\\node_modules\\@babel\\runtime\\helpers\\asyncToGenerator.js:19:12)\n    at Promise.then.completed (D:\\proyectomgafrontend\\node_modules\\jest-circus\\build\\utils.js:298:28)\n    at new Promise (<anonymous>)\n    at callAsyncCircusFn (D:\\proyectomgafrontend\\node_modules\\jest-circus\\build\\utils.js:231:10)\n    at _callCircusTest (D:\\proyectomgafrontend\\node_modules\\jest-circus\\build\\run.js:316:40)\n    at processTicksAndRejections (node:internal/process/task_queues:95:5)\n    at _runTest (D:\\proyectomgafrontend\\node_modules\\jest-circus\\build\\run.js:252:3)\n    at _runTestsForDescribeBlock (D:\\proyectomgafrontend\\node_modules\\jest-circus\\build\\run.js:126:9)\n    at _runTestsForDescribeBlock (D:\\proyectomgafrontend\\node_modules\\jest-circus\\build\\run.js:121:9)\n    at run (D:\\proyectomgafrontend\\node_modules\\jest-circus\\build\\run.js:71:3)\n    at runAndTransformResultsToJestFormat (D:\\proyectomgafrontend\\node_modules\\jest-circus\\build\\legacy-code-todo-rewrite\\jestAdapterInit.js:122:21)\n    at jestAdapter (D:\\proyectomgafrontend\\node_modules\\jest-circus\\build\\legacy-code-todo-rewrite\\jestAdapter.js:79:19)\n    at runTestInternal (D:\\proyectomgafrontend\\node_modules\\jest-runner\\build\\runTest.js:367:16)\n    at runTest (D:\\proyectomgafrontend\\node_modules\\jest-runner\\build\\runTest.js:444:34)\n    at Object.worker (D:\\proyectomgafrontend\\node_modules\\jest-runner\\build\\testWorker.js:106:12)",
            "Error: `loadSingleFontAsync` expected resource of type `Asset` from expo-asset on native\n    at D:\\proyectomgafrontend\\node_modules\\expo-font\\src\\FontLoader.ts:46:11\n    at Generator.next (<anonymous>)\n    at asyncGeneratorStep (D:\\proyectomgafrontend\\node_modules\\@babel\\runtime\\helpers\\asyncToGenerator.js:3:24)\n    at _next (D:\\proyectomgafrontend\\node_modules\\@babel\\runtime\\helpers\\asyncToGenerator.js:22:9)\n    at D:\\proyectomgafrontend\\node_modules\\@babel\\runtime\\helpers\\asyncToGenerator.js:27:7\n    at new Promise (<anonymous>)\n    at D:\\proyectomgafrontend\\node_modules\\@babel\\runtime\\helpers\\asyncToGenerator.js:19:12\n    at apply (D:\\proyectomgafrontend\\node_modules\\expo-font\\src\\FontLoader.ts:40:42)\n    at D:\\proyectomgafrontend\\node_modules\\expo-font\\src\\Font.ts:133:32\n    at Generator.next (<anonymous>)\n    at asyncGeneratorStep (D:\\proyectomgafrontend\\node_modules\\@babel\\runtime\\helpers\\asyncToGenerator.js:3:24)\n    at _next (D:\\proyectomgafrontend\\node_modules\\@babel\\runtime\\helpers\\asyncToGenerator.js:22:9)\n    at D:\\proyectomgafrontend\\node_modules\\@babel\\runtime\\helpers\\asyncToGenerator.js:27:7\n    at new Promise (<anonymous>)\n    at D:\\proyectomgafrontend\\node_modules\\@babel\\runtime\\helpers\\asyncToGenerator.js:19:12\n    at D:\\proyectomgafrontend\\node_modules\\expo-font\\src\\Font.ts:138:4\n    at Generator.next (<anonymous>)\n    at asyncGeneratorStep (D:\\proyectomgafrontend\\node_modules\\@babel\\runtime\\helpers\\asyncToGenerator.js:3:24)\n    at _next (D:\\proyectomgafrontend\\node_modules\\@babel\\runtime\\helpers\\asyncToGenerator.js:22:9)\n    at D:\\proyectomgafrontend\\node_modules\\@babel\\runtime\\helpers\\asyncToGenerator.js:27:7\n    at new Promise (<anonymous>)\n    at D:\\proyectomgafrontend\\node_modules\\@babel\\runtime\\helpers\\asyncToGenerator.js:19:12\n    at apply (D:\\proyectomgafrontend\\node_modules\\expo-font\\src\\Font.ts:106:40)\n    at loadFontInNamespaceAsync (D:\\proyectomgafrontend\\node_modules\\expo-font\\src\\Font.ts:99:43)\n    at Array.map (<anonymous>)\n    at Object.map (D:\\proyectomgafrontend\\node_modules\\expo-font\\src\\Font.ts:99:29)\n    at Generator.next (<anonymous>)\n    at asyncGeneratorStep (D:\\proyectomgafrontend\\node_modules\\@babel\\runtime\\helpers\\asyncToGenerator.js:3:24)\n    at _next (D:\\proyectomgafrontend\\node_modules\\@babel\\runtime\\helpers\\asyncToGenerator.js:22:9)\n    at D:\\proyectomgafrontend\\node_modules\\@babel\\runtime\\helpers\\asyncToGenerator.js:27:7\n    at new Promise (<anonymous>)\n    at Object.<anonymous> (D:\\proyectomgafrontend\\node_modules\\@babel\\runtime\\helpers\\asyncToGenerator.js:19:12)\n    at Object.apply [as loadAsync] (D:\\proyectomgafrontend\\node_modules\\expo-font\\src\\Font.ts:86:32)\n    at Icon.loadAsync (D:\\proyectomgafrontend\\node_modules\\@expo\\vector-icons\\src\\createIconSet.tsx:131:20)\n    at Generator.next (<anonymous>)\n    at asyncGeneratorStep (D:\\proyectomgafrontend\\node_modules\\@babel\\runtime\\helpers\\asyncToGenerator.js:3:24)\n    at _next (D:\\proyectomgafrontend\\node_modules\\@babel\\runtime\\helpers\\asyncToGenerator.js:22:9)\n    at D:\\proyectomgafrontend\\node_modules\\@babel\\runtime\\helpers\\asyncToGenerator.js:27:7\n    at new Promise (<anonymous>)\n    at Icon.<anonymous> (D:\\proyectomgafrontend\\node_modules\\@babel\\runtime\\helpers\\asyncToGenerator.js:19:12)\n    at Icon.apply [as componentDidMount] (D:\\proyectomgafrontend\\node_modules\\@expo\\vector-icons\\src\\createIconSet.tsx:134:6)\n    at commitLayoutEffectOnFiber (D:\\proyectomgafrontend\\node_modules\\react-test-renderer\\cjs\\react-test-renderer.development.js:13151:28)\n    at commitLayoutMountEffects_complete (D:\\proyectomgafrontend\\node_modules\\react-test-renderer\\cjs\\react-test-renderer.development.js:14330:9)\n    at commitLayoutEffects_begin (D:\\proyectomgafrontend\\node_modules\\react-test-renderer\\cjs\\react-test-renderer.development.js:14316:7)\n    at commitLayoutEffects (D:\\proyectomgafrontend\\node_modules\\react-test-renderer\\cjs\\react-test-renderer.development.js:14301:3)\n    at commitRootImpl (D:\\proyectomgafrontend\\node_modules\\react-test-renderer\\cjs\\react-test-renderer.development.js:16062:5)\n    at commitRoot (D:\\proyectomgafrontend\\node_modules\\react-test-renderer\\cjs\\react-test-renderer.development.js:15933:5)\n    at performSyncWorkOnRoot (D:\\proyectomgafrontend\\node_modules\\react-test-renderer\\cjs\\react-test-renderer.development.js:15454:3)\n    at flushSyncCallbacks (D:\\proyectomgafrontend\\node_modules\\react-test-renderer\\cjs\\react-test-renderer.development.js:2597:22)\n    at flushActQueue (D:\\proyectomgafrontend\\node_modules\\react\\cjs\\react.development.js:2667:24)\n    at Object.act (D:\\proyectomgafrontend\\node_modules\\react\\cjs\\react.development.js:2521:11)\n    at act (D:\\proyectomgafrontend\\node_modules\\@testing-library\\react-native\\src\\render-act.ts:13:16)\n    at renderInternal (D:\\proyectomgafrontend\\node_modules\\@testing-library\\react-native\\src\\render.tsx:62:33)\n    at renderInternal (D:\\proyectomgafrontend\\node_modules\\@testing-library\\react-native\\src\\render.tsx:32:10)\n    at Object.<anonymous> (D:\\proyectomgafrontend\\src\\__tests__\\integration\\GalleryAssignment.test.jsx:48:33)\n    at Generator.next (<anonymous>)\n    at asyncGeneratorStep (D:\\proyectomgafrontend\\node_modules\\@babel\\runtime\\helpers\\asyncToGenerator.js:3:24)\n    at _next (D:\\proyectomgafrontend\\node_modules\\@babel\\runtime\\helpers\\asyncToGenerator.js:22:9)\n    at D:\\proyectomgafrontend\\node_modules\\@babel\\runtime\\helpers\\asyncToGenerator.js:27:7\n    at new Promise (<anonymous>)\n    at Object.<anonymous> (D:\\proyectomgafrontend\\node_modules\\@babel\\runtime\\helpers\\asyncToGenerator.js:19:12)\n    at Promise.then.completed (D:\\proyectomgafrontend\\node_modules\\jest-circus\\build\\utils.js:298:28)\n    at new Promise (<anonymous>)\n    at callAsyncCircusFn (D:\\proyectomgafrontend\\node_modules\\jest-circus\\build\\utils.js:231:10)\n    at _callCircusTest (D:\\proyectomgafrontend\\node_modules\\jest-circus\\build\\run.js:316:40)\n    at processTicksAndRejections (node:internal/process/task_queues:95:5)\n    at _runTest (D:\\proyectomgafrontend\\node_modules\\jest-circus\\build\\run.js:252:3)\n    at _runTestsForDescribeBlock (D:\\proyectomgafrontend\\node_modules\\jest-circus\\build\\run.js:126:9)\n    at _runTestsForDescribeBlock (D:\\proyectomgafrontend\\node_modules\\jest-circus\\build\\run.js:121:9)\n    at run (D:\\proyectomgafrontend\\node_modules\\jest-circus\\build\\run.js:71:3)\n    at runAndTransformResultsToJestFormat (D:\\proyectomgafrontend\\node_modules\\jest-circus\\build\\legacy-code-todo-rewrite\\jestAdapterInit.js:122:21)\n    at jestAdapter (D:\\proyectomgafrontend\\node_modules\\jest-circus\\build\\legacy-code-todo-rewrite\\jestAdapter.js:79:19)\n    at runTestInternal (D:\\proyectomgafrontend\\node_modules\\jest-runner\\build\\runTest.js:367:16)\n    at runTest (D:\\proyectomgafrontend\\node_modules\\jest-runner\\build\\runTest.js:444:34)\n    at Object.worker (D:\\proyectomgafrontend\\node_modules\\jest-runner\\build\\testWorker.js:106:12)",
[...]
    },
    {
      "leaks": false,
      "numFailingTests": 0,
      "numPassingTests": 1,
      "numPendingTests": 0,
      "numTodoTests": 0,
      "openHandles": [],
      "perfStats": {
        "end": 1700581238267,
        "runtime": 570,
        "slow": false,
        "start": 1700581237697
      },
      "skipped": false,
      "snapshot": {
        "added": 0,
        "fileDeleted": false,
        "matched": 0,
        "unchecked": 0,
        "uncheckedKeys": [],
        "unmatched": 0,
        "updated": 0
      },
      "testFilePath": "D:\\proyectomgafrontend\\src\\__tests__\\integration\\CrearGalera.test.jsx",
      "testResults": [
        {
          "ancestorTitles": [
            "CrearGalera component"
          ],
          "duration": 174,
          "failureDetails": [],
          "failureMessages": [],
          "fullName": "CrearGalera component should render correctly",
          "invocations": 1,
          "location": null,
          "numPassingAsserts": 5,
          "retryReasons": [],
          "status": "passed",
          "title": "should render correctly"
        }
      ],
      "failureMessage": null
    },
    {
      "leaks": false,
      "numFailingTests": 0,
      "numPassingTests": 3,
      "numPendingTests": 0,
      "numTodoTests": 0,
      "openHandles": [],
      "perfStats": {
        "end": 1700581238600,
        "runtime": 407,
        "slow": false,
        "start": 1700581238193
      },
      "skipped": false,
      "snapshot": {
        "added": 0,
        "fileDeleted": false,
        "matched": 0,
        "unchecked": 0,
        "uncheckedKeys": [],
        "unmatched": 0,
        "updated": 0
      },
      "testFilePath": "D:\\proyectomgafrontend\\src\\__tests__\\unit\\SliderComponentRefactor.test.jsx",
      "testResults": [
        {
          "ancestorTitles": [
            "SliderComponentRefactor"
          ],
          "duration": 65,
          "failureDetails": [],
          "failureMessages": [],
          "fullName": "SliderComponentRefactor should render correctly",
          "invocations": 1,
          "location": null,
          "numPassingAsserts": 4,
          "retryReasons": [],
          "status": "passed",
          "title": "should render correctly"
        },
        {
          "ancestorTitles": [
            "SliderComponentRefactor"
          ],
          "duration": 12,
          "failureDetails": [],
          "failureMessages": [],
          "fullName": "SliderComponentRefactor should update value on slider change",
          "invocations": 1,
          "location": null,
          "numPassingAsserts": 1,
          "retryReasons": [],
          "status": "passed",
          "title": "should update value on slider change"
        },
        {
          "ancestorTitles": [
            "SliderComponentRefactor"
          ],
          "duration": 13,
          "failureDetails": [],
          "failureMessages": [],
          "fullName": "SliderComponentRefactor should update value on text input change",
          "invocations": 1,
          "location": null,
          "numPassingAsserts": 1,
          "retryReasons": [],
          "status": "passed",
          "title": "should update value on text input change"
        }
      ],
      "failureMessage": null
    },
    {
      "leaks": false,
      "numFailingTests": 0,
      "numPassingTests": 1,
      "numPendingTests": 0,
      "numTodoTests": 0,
      "openHandles": [],
      "perfStats": {
        "end": 1700581238895,
        "runtime": 2498,
        "slow": false,
        "start": 1700581236397
      },
      "skipped": false,
      "snapshot": {
        "added": 0,
        "fileDeleted": false,
        "matched": 0,
        "unchecked": 0,
        "uncheckedKeys": [],
        "unmatched": 0,
        "updated": 0
      },
      "testFilePath": "D:\\proyectomgafrontend\\src\\__tests__\\integration\\CreationScreenAdministrador.test.jsx",
      "testResults": [
        {
          "ancestorTitles": [
            "CreationScreenAdministrator"
          ],
          "duration": 133,
          "failureDetails": [],
          "failureMessages": [],
          "fullName": "CreationScreenAdministrator renders correctly",
          "invocations": 1,
          "location": null,
          "numPassingAsserts": 1,
          "retryReasons": [],
          "status": "passed",
          "title": "renders correctly"
        }
      ],
      "failureMessage": null
    },
    {
      "leaks": false,
      "numFailingTests": 0,
      "numPassingTests": 1,
      "numPendingTests": 0,
      "numTodoTests": 0,
      "openHandles": [],
      "perfStats": {
        "end": 1700581238927,
        "runtime": 282,
        "slow": false,
        "start": 1700581238645
      },
      "skipped": false,
      "snapshot": {
        "added": 0,
        "fileDeleted": false,
        "matched": 0,
        "unchecked": 0,
        "uncheckedKeys": [],
        "unmatched": 0,
        "updated": 0
      },
      "testFilePath": "D:\\proyectomgafrontend\\src\\__tests__\\unit\\TrafficLight.test.jsx",
      "testResults": [
        {
          "ancestorTitles": [
            "TrafficLight"
          ],
          "duration": 65,
          "failureDetails": [],
          "failureMessages": [],
          "fullName": "TrafficLight renders correctly with the provided values",
          "invocations": 1,
          "location": null,
          "numPassingAsserts": 3,
          "retryReasons": [],
          "status": "passed",
          "title": "renders correctly with the provided values"
        }
      ],
      "failureMessage": null
    },
    {
      "leaks": false,
      "numFailingTests": 0,
      "numPassingTests": 1,
      "numPendingTests": 0,
      "numTodoTests": 0,
      "openHandles": [],
      "perfStats": {
        "end": 1700581239215,
        "runtime": 249,
        "slow": false,
        "start": 1700581238966
      },
      "skipped": false,
      "snapshot": {
        "added": 0,
        "fileDeleted": false,
        "matched": 0,
        "unchecked": 0,
        "uncheckedKeys": [],
        "unmatched": 0,
        "updated": 0
      },
      "testFilePath": "D:\\proyectomgafrontend\\src\\__tests__\\unit\\TextCard.test.jsx",
      "testResults": [
        {
          "ancestorTitles": [
            "TextCard component"
          ],
          "duration": 60,
          "failureDetails": [],
          "failureMessages": [],
          "fullName": "TextCard component renders correctly",
          "invocations": 1,
          "location": null,
          "numPassingAsserts": 1,
          "retryReasons": [],
          "status": "passed",
          "title": "renders correctly"
        }
      ],
      "failureMessage": null
    },
    {
      "leaks": false,
      "numFailingTests": 0,
      "numPassingTests": 1,
      "numPendingTests": 0,
      "numTodoTests": 0,
      "openHandles": [],
      "perfStats": {
        "end": 1700581239800,
        "runtime": 526,
        "slow": false,
        "start": 1700581239274
      },
      "skipped": false,
      "snapshot": {
        "added": 0,
        "fileDeleted": false,
        "matched": 0,
        "unchecked": 0,
        "uncheckedKeys": [],
        "unmatched": 0,
        "updated": 0
      },
      "testFilePath": "D:\\proyectomgafrontend\\src\\__tests__\\unit\\CardGaleraAdmin.test.jsx",
      "testResults": [
        {
          "ancestorTitles": [
            "CardGaleraAdmin component"
          ],
          "duration": 117,
          "failureDetails": [],
          "failureMessages": [],
          "fullName": "CardGaleraAdmin component renders without errors",
          "invocations": 1,
          "location": null,
          "numPassingAsserts": 1,
          "retryReasons": [],
          "status": "passed",
          "title": "renders without errors"
        }
      ],
      "failureMessage": null
    },
    {
      "failureMessage": "  \u001b[1m● \u001b[22mTest suite failed to run\n\n    TypeError: StyleSheet.create is not a function\n\n    \u001b[0m\u001b[31m\u001b[1m>\u001b[22m\u001b[39m\u001b[90m 1 |\u001b[39m \u001b[36mconst\u001b[39m styles \u001b[33m=\u001b[39m \u001b[33mStyleSheet\u001b[39m\u001b[33m.\u001b[39mcreate({\u001b[0m\n    \u001b[0m \u001b[90m   |\u001b[39m                           \u001b[31m\u001b[1m^\u001b[22m\u001b[39m\u001b[0m\n    \u001b[0m \u001b[90m 2 |\u001b[39m   input\u001b[33m:\u001b[39m {\u001b[0m\n    \u001b[0m \u001b[90m 3 |\u001b[39m     borderWidth\u001b[33m:\u001b[39m \u001b[35m1\u001b[39m\u001b[33m,\u001b[39m\u001b[0m\n    \u001b[0m \u001b[90m 4 |\u001b[39m     height\u001b[33m:\u001b[39m \u001b[35m40\u001b[39m\u001b[33m,\u001b[39m\u001b[0m\n\n      \u001b[2mat Object.create (\u001b[22msrc/components/InputComponent/styles.js\u001b[2m:1:27)\u001b[22m\n      \u001b[2mat Object.require (\u001b[22msrc/components/InputComponent/InputComponent.jsx\u001b[2m:3:1)\u001b[22m\n      \u001b[2mat Object.require (\u001b[22m\u001b[0m\u001b[36msrc/__tests__/unit/InputComponent.test.jsx\u001b[39m\u001b[0m\u001b[2m:3:1)\u001b[22m\n",
      "leaks": false,
      "numFailingTests": 0,
      "numPassingTests": 0,
      "numPendingTests": 0,
      "numTodoTests": 0,
      "openHandles": [],
      "perfStats": {
        "end": 0,
        "runtime": 0,
        "slow": false,
        "start": 0
      },
      "skipped": false,
      "snapshot": {
        "added": 0,
        "fileDeleted": false,
        "matched": 0,
        "unchecked": 0,
        "uncheckedKeys": [],
        "unmatched": 0,
        "updated": 0
      },
      "testExecError": "StyleSheet.create is not a function",
      "testFilePath": "D:\\proyectomgafrontend\\src\\__tests__\\unit\\InputComponent.test.jsx",
      "testResults": []
    },
    {
      "failureMessage": "  \u001b[1m● \u001b[22mTest suite failed to run\n\n    Cannot find module '../hooks/useApi/useApi' from 'src/__tests__/unit/CardAssigment.test.jsx'\n\n    \u001b[0m \u001b[90m 25 |\u001b[39m\u001b[0m\n    \u001b[0m \u001b[90m 26 |\u001b[39m \u001b[90m// Mock the useApi hook\u001b[39m\u001b[0m\n    \u001b[0m\u001b[31m\u001b[1m>\u001b[22m\u001b[39m\u001b[90m 27 |\u001b[39m jest\u001b[33m.\u001b[39mmock(\u001b[32m'../hooks/useApi/useApi'\u001b[39m\u001b[33m,\u001b[39m () \u001b[33m=>\u001b[39m () \u001b[33m=>\u001b[39m ([\u001b[0m\n    \u001b[0m \u001b[90m    |\u001b[39m                                     \u001b[31m\u001b[1m^\u001b[22m\u001b[39m\u001b[0m\n    \u001b[0m \u001b[90m 28 |\u001b[39m   { data\u001b[33m:\u001b[39m mockWorkers }\u001b[33m,\u001b[39m\u001b[0m\n    \u001b[0m \u001b[90m 29 |\u001b[39m   \u001b[36mfalse\u001b[39m\u001b[33m,\u001b[39m\u001b[0m\n    \u001b[0m \u001b[90m 30 |\u001b[39m   jest\u001b[33m.\u001b[39mfn()\u001b[33m.\u001b[39mmockResolvedValue({})\u001b[33m,\u001b[39m\u001b[0m\n\n      \u001b[2mat Resolver._throwModNotFoundError (\u001b[22mnode_modules/jest-resolve/build/resolver.js\u001b[2m:427:11)\u001b[22m\n      \u001b[2mat Object.<anonymous> (\u001b[22m\u001b[0m\u001b[36msrc/__tests__/unit/CardAssigment.test.jsx\u001b[39m\u001b[0m\u001b[2m:27:37)\u001b[22m\n",
      "leaks": false,
      "numFailingTests": 0,
      "numPassingTests": 0,
      "numPendingTests": 0,
      "numTodoTests": 0,
      "openHandles": [],
      "perfStats": {
        "end": 0,
        "runtime": 0,
        "slow": false,
        "start": 0
      },
      "skipped": false,
      "snapshot": {
        "added": 0,
        "fileDeleted": false,
        "matched": 0,
        "unchecked": 0,
        "uncheckedKeys": [],
        "unmatched": 0,
        "updated": 0
      },
      "testExecError": "Cannot find module '../hooks/useApi/useApi' from 'src/__tests__/unit/CardAssigment.test.jsx'",
      "testFilePath": "D:\\proyectomgafrontend\\src\\__tests__\\unit\\CardAssigment.test.jsx",
      "testResults": []
    },
    {
      "failureMessage": "  \u001b[1m● \u001b[22mTest suite failed to run\n\n    ReferenceError: TextEncoder is not defined\n\n    \u001b[0m\u001b[31m\u001b[1m>\u001b[22m\u001b[39m\u001b[90m 1 |\u001b[39m \u001b[36mimport\u001b[39m { render } \u001b[36mfrom\u001b[39m \u001b[32m'enzyme'\u001b[39m\u001b[0m\n    \u001b[0m \u001b[90m   |\u001b[39m \u001b[31m\u001b[1m^\u001b[22m\u001b[39m\u001b[0m\n    \u001b[0m \u001b[90m 2 |\u001b[39m \u001b[36mimport\u001b[39m \u001b[33mBottomTabNavigation\u001b[39m \u001b[36mfrom\u001b[39m \u001b[32m'../../components/BottomTabNavigation/BottomTabNavigation'\u001b[39m\u001b[0m\n    \u001b[0m \u001b[90m 3 |\u001b[39m\u001b[0m\n    \u001b[0m \u001b[90m 4 |\u001b[39m \u001b[90m// Renders correctly with valid props\u001b[39m\u001b[0m\n\n      \u001b[2mat \u001b[22mnode_modules/react-dom/cjs/react-dom-server.browser.development.js\u001b[2m:145:19\u001b[22m\n      \u001b[2mat Object.<anonymous> (\u001b[22mnode_modules/react-dom/cjs/react-dom-server.browser.development.js\u001b[2m:7002:5)\u001b[22m\n      \u001b[2mat Object.<anonymous> (\u001b[22mnode_modules/react-dom/server.browser.js\u001b[2m:9:7)\u001b[22m\n      \u001b[2mat \u001b[22mnode_modules/enzyme/build/react-compat.js\u001b[2m:109:59\u001b[22m\n      \u001b[2mat Object.<anonymous> (\u001b[22mnode_modules/enzyme/build/react-compat.js\u001b[2m:180:5)\u001b[22m\n      \u001b[2mat Object.<anonymous> (\u001b[22mnode_modules/enzyme/build/Utils.js\u001b[2m:34:20)\u001b[22m\n      \u001b[2mat Object.<anonymous> (\u001b[22mnode_modules/enzyme/build/MountedTraversal.js\u001b[2m:33:14)\u001b[22m\n      \u001b[2mat Object.<anonymous> (\u001b[22mnode_modules/enzyme/build/ReactWrapper.js\u001b[2m:33:25)\u001b[22m\n      \u001b[2mat Object.<anonymous> (\u001b[22mnode_modules/enzyme/build/index.js\u001b[2m:8:21)\u001b[22m\n      \u001b[2mat Object.require (\u001b[22m\u001b[0m\u001b[36msrc/__tests__/unit/BottomTabNavigation.test.jsx\u001b[39m\u001b[0m\u001b[2m:1:1)\u001b[22m\n",
      "leaks": false,
      "numFailingTests": 0,
      "numPassingTests": 0,
      "numPendingTests": 0,
      "numTodoTests": 0,
      "openHandles": [],
      "perfStats": {
        "end": 0,
        "runtime": 0,
        "slow": false,
        "start": 0
      },
      "skipped": false,
      "snapshot": {
        "added": 0,
        "fileDeleted": false,
        "matched": 0,
        "unchecked": 0,
        "uncheckedKeys": [],
        "unmatched": 0,
        "updated": 0
      },
      "testExecError": "TextEncoder is not defined",
      "testFilePath": "D:\\proyectomgafrontend\\src\\__tests__\\unit\\BottomTabNavigation.test.jsx",
      "testResults": []
    },
    {
      "failureMessage": "  \u001b[1m● \u001b[22mTest suite failed to run\n\n    \u001b[1m\u001b[31mJest encountered an unexpected token\u001b[39m\u001b[22m\n\n    Jest failed to parse a file. This happens e.g. when your code or its dependencies use non-standard JavaScript syntax, or when Jest is not configured to support such syntax.\n\n    Out of the box Jest supports Babel, which will be used to transform your files into valid JS based on your Babel configuration.\n\n    By default \"node_modules\" folder is ignored by transformers.\n\n    Here's what you can do:\n     • If you are trying to use ECMAScript Modules, see \u001b[4mhttps://jestjs.io/docs/ecmascript-modules\u001b[24m for how to enable it.\n     • If you are trying to use TypeScript, see \u001b[4mhttps://jestjs.io/docs/getting-started#using-typescript\u001b[24m\n     • To have some of your \"node_modules\" files transformed, you can specify a custom \u001b[1m\"transformIgnorePatterns\"\u001b[22m in your config.\n     • If you need a custom transformation specify a \u001b[1m\"transform\"\u001b[22m option in your config.\n     • If you simply want to mock your non-JS modules (e.g. binary assets) you can stub them out with the \u001b[1m\"moduleNameMapper\"\u001b[22m config option.\n\n    You'll find more details and examples of these config options in the docs:\n    \u001b[36mhttps://jestjs.io/docs/configuration\u001b[39m\n    For information about custom transformations, see:\n    \u001b[36mhttps://jestjs.io/docs/code-transformation\u001b[39m\n\n    \u001b[1m\u001b[31mDetails:\u001b[39m\u001b[22m\n\n    D:\\proyectomgafrontend\\node_modules\\@react-native-community\\datetimepicker\\src\\index.js:5\n    import RNDateTimePicker from './datetimepicker';\n    ^^^^^^\n\n    SyntaxError: Cannot use import statement outside a module\n\n    \u001b[0m \u001b[90m  5 |\u001b[39m   \u001b[33mView\u001b[39m\u001b[33m,\u001b[39m \u001b[33mScrollView\u001b[39m\u001b[33m,\u001b[39m \u001b[33mStatusBar\u001b[39m\u001b[33m,\u001b[39m\u001b[0m\n    \u001b[0m \u001b[90m  6 |\u001b[39m } \u001b[36mfrom\u001b[39m \u001b[32m'react-native'\u001b[39m\u001b[0m\n    \u001b[0m\u001b[31m\u001b[1m>\u001b[22m\u001b[39m\u001b[90m  7 |\u001b[39m \u001b[36mimport\u001b[39m \u001b[33mDateTimePicker\u001b[39m \u001b[36mfrom\u001b[39m \u001b[32m'@react-native-community/datetimepicker'\u001b[39m\u001b[0m\n    \u001b[0m \u001b[90m    |\u001b[39m \u001b[31m\u001b[1m^\u001b[22m\u001b[39m\u001b[0m\n    \u001b[0m \u001b[90m  8 |\u001b[39m \u001b[36mimport\u001b[39m \u001b[33mPropTypes\u001b[39m \u001b[36mfrom\u001b[39m \u001b[32m'prop-types'\u001b[39m\u001b[0m\n    \u001b[0m \u001b[90m  9 |\u001b[39m \u001b[36mimport\u001b[39m {\u001b[0m\n    \u001b[0m \u001b[90m 10 |\u001b[39m   \u001b[33mSelectDate\u001b[39m\u001b[33m,\u001b[39m\u001b[0m\n\n      \u001b[2mat Runtime.createScriptFromCode (\u001b[22mnode_modules/jest-runtime/build/index.js\u001b[2m:1505:14)\u001b[22m\n      \u001b[2mat Object.require (\u001b[22msrc/screens/ReportScreenAdmin/ReportScreenAdmin.jsx\u001b[2m:7:1)\u001b[22m\n      \u001b[2mat Object.require (\u001b[22m\u001b[0m\u001b[36msrc/__tests__/integration/ReportScreenAdmin.test.jsx\u001b[39m\u001b[0m\u001b[2m:6:1)\u001b[22m\n",
      "leaks": false,
      "numFailingTests": 0,
      "numPassingTests": 0,
      "numPendingTests": 0,
      "numTodoTests": 0,
      "openHandles": [],
      "perfStats": {
        "end": 0,
        "runtime": 0,
        "slow": false,
        "start": 0
      },
      "skipped": false,
      "snapshot": {
        "added": 0,
        "fileDeleted": false,
        "matched": 0,
        "unchecked": 0,
        "uncheckedKeys": [],
        "unmatched": 0,
        "updated": 0
      },
      "testExecError": "Cannot use import statement outside a module",
      "testFilePath": "D:\\proyectomgafrontend\\src\\__tests__\\integration\\ReportScreenAdmin.test.jsx",
      "testResults": []
    }
  ],
  "wasInterrupted": false
}