<?xml version="1.0" encoding="UTF-8"?>
<coverage generated="1700442022230" clover="3.2.0">
  <project timestamp="1700442022230" name="All files">
    <metrics statements="183" coveredstatements="154" conditionals="52" coveredconditionals="32" methods="63" coveredmethods="44" elements="298" coveredelements="230" complexity="0" loc="183" ncloc="183" packages="15" files="31" classes="31"/>
    <package name="proyectomgafrontend">
      <metrics statements="7" coveredstatements="6" conditionals="0" coveredconditionals="0" methods="3" coveredmethods="2"/>
      <file name="assetsTransformer.js" path="D:\proyectomgafrontend\assetsTransformer.js">
        <metrics statements="3" coveredstatements="2" conditionals="0" coveredconditionals="0" methods="1" coveredmethods="0"/>
        <line num="1" count="10" type="stmt"/>
        <line num="3" count="10" type="stmt"/>
        <line num="5" count="0" type="stmt"/>
      </file>
      <file name="test-utils.js" path="D:\proyectomgafrontend\test-utils.js">
        <metrics statements="4" coveredstatements="4" conditionals="0" coveredconditionals="0" methods="2" coveredmethods="2"/>
        <line num="4" count="1" type="stmt"/>
        <line num="5" count="1" type="stmt"/>
        <line num="12" count="1" type="stmt"/>
        <line num="13" count="1" type="stmt"/>
      </file>
    </package>
    <package name="proyectomgafrontend.src.components.CardAssignment">
      <metrics statements="37" coveredstatements="33" conditionals="6" coveredconditionals="4" methods="13" coveredmethods="10"/>
      <file name="CardAssignment.jsx" path="D:\proyectomgafrontend\src\components\CardAssignment\CardAssignment.jsx">
        <metrics statements="35" coveredstatements="31" conditionals="6" coveredconditionals="4" methods="13" coveredmethods="10"/>
        <line num="14" count="1" type="stmt"/>
        <line num="17" count="11" type="stmt"/>
        <line num="18" count="11" type="stmt"/>
        <line num="19" count="11" type="stmt"/>
        <line num="20" count="11" type="stmt"/>
        <line num="21" count="11" type="stmt"/>
        <line num="22" count="11" type="stmt"/>
        <line num="24" count="11" type="stmt"/>
        <line num="25" count="3" type="stmt"/>
        <line num="27" count="3" type="stmt"/>
        <line num="30" count="0" type="stmt"/>
        <line num="34" count="11" type="stmt"/>
        <line num="37" count="0" type="stmt"/>
        <line num="40" count="11" type="stmt"/>
        <line num="41" count="6" type="stmt"/>
        <line num="44" count="11" type="stmt"/>
        <line num="45" count="7" type="cond" truecount="3" falsecount="1"/>
        <line num="46" count="7" type="cond" truecount="1" falsecount="1"/>
        <line num="47" count="7" type="stmt"/>
        <line num="52" count="11" type="stmt"/>
        <line num="53" count="3" type="stmt"/>
        <line num="56" count="11" type="stmt"/>
        <line num="57" count="1" type="stmt"/>
        <line num="64" count="11" type="stmt"/>
        <line num="65" count="1" type="stmt"/>
        <line num="72" count="11" type="stmt"/>
        <line num="73" count="1" type="stmt"/>
        <line num="76" count="11" type="stmt"/>
        <line num="77" count="0" type="stmt"/>
        <line num="80" count="11" type="stmt"/>
        <line num="92" count="12" type="stmt"/>
        <line num="99" count="12" type="stmt"/>
        <line num="112" count="0" type="stmt"/>
        <line num="147" count="1" type="stmt"/>
        <line num="154" count="1" type="stmt"/>
      </file>
      <file name="styles.js" path="D:\proyectomgafrontend\src\components\CardAssignment\styles.js">
        <metrics statements="2" coveredstatements="2" conditionals="0" coveredconditionals="0" methods="0" coveredmethods="0"/>
        <line num="4" count="1" type="stmt"/>
        <line num="6" count="1" type="stmt"/>
      </file>
    </package>
    <package name="proyectomgafrontend.src.components.CardGalera">
      <metrics statements="21" coveredstatements="19" conditionals="6" coveredconditionals="6" methods="5" coveredmethods="3"/>
      <file name="CardGalera.jsx" path="D:\proyectomgafrontend\src\components\CardGalera\CardGalera.jsx">
        <metrics statements="19" coveredstatements="17" conditionals="6" coveredconditionals="6" methods="5" coveredmethods="3"/>
        <line num="8" count="1" type="stmt"/>
        <line num="11" count="4" type="stmt"/>
        <line num="12" count="4" type="stmt"/>
        <line num="13" count="4" type="stmt"/>
        <line num="15" count="4" type="stmt"/>
        <line num="16" count="0" type="stmt"/>
        <line num="22" count="4" type="stmt"/>
        <line num="23" count="0" type="stmt"/>
        <line num="29" count="4" type="stmt"/>
        <line num="30" count="4" type="cond" truecount="2" falsecount="0"/>
        <line num="31" count="1" type="stmt"/>
        <line num="44" count="1" type="stmt"/>
        <line num="49" count="3" type="stmt"/>
        <line num="53" count="3" type="stmt"/>
        <line num="60" count="4" type="stmt"/>
        <line num="63" count="2" type="cond" truecount="2" falsecount="0"/>
        <line num="64" count="1" type="stmt"/>
        <line num="97" count="1" type="stmt"/>
        <line num="105" count="1" type="stmt"/>
      </file>
      <file name="styles.js" path="D:\proyectomgafrontend\src\components\CardGalera\styles.js">
        <metrics statements="2" coveredstatements="2" conditionals="0" coveredconditionals="0" methods="0" coveredmethods="0"/>
        <line num="4" count="1" type="stmt"/>
        <line num="6" count="1" type="stmt"/>
      </file>
    </package>
    <package name="proyectomgafrontend.src.components.CardGaleraAdmin">
      <metrics statements="18" coveredstatements="16" conditionals="2" coveredconditionals="2" methods="6" coveredmethods="4"/>
      <file name="CardGaleraAdmin.jsx" path="D:\proyectomgafrontend\src\components\CardGaleraAdmin\CardGaleraAdmin.jsx">
        <metrics statements="16" coveredstatements="14" conditionals="2" coveredconditionals="2" methods="6" coveredmethods="4"/>
        <line num="11" count="2" type="stmt"/>
        <line num="14" count="2" type="stmt"/>
        <line num="15" count="2" type="stmt"/>
        <line num="17" count="2" type="stmt"/>
        <line num="18" count="0" type="stmt"/>
        <line num="25" count="2" type="stmt"/>
        <line num="26" count="0" type="stmt"/>
        <line num="33" count="2" type="stmt"/>
        <line num="34" count="2" type="cond" truecount="2" falsecount="0"/>
        <line num="35" count="1" type="stmt"/>
        <line num="37" count="1" type="stmt"/>
        <line num="40" count="2" type="stmt"/>
        <line num="57" count="6" type="stmt"/>
        <line num="64" count="6" type="stmt"/>
        <line num="75" count="2" type="stmt"/>
        <line num="83" count="2" type="stmt"/>
      </file>
      <file name="index.js" path="D:\proyectomgafrontend\src\components\CardGaleraAdmin\index.js">
        <metrics statements="0" coveredstatements="0" conditionals="0" coveredconditionals="0" methods="0" coveredmethods="0"/>
      </file>
      <file name="styles.js" path="D:\proyectomgafrontend\src\components\CardGaleraAdmin\styles.js">
        <metrics statements="2" coveredstatements="2" conditionals="0" coveredconditionals="0" methods="0" coveredmethods="0"/>
        <line num="4" count="2" type="stmt"/>
        <line num="6" count="2" type="stmt"/>
      </file>
    </package>
    <package name="proyectomgafrontend.src.components.CardPersonal">
      <metrics statements="20" coveredstatements="5" conditionals="14" coveredconditionals="0" methods="8" coveredmethods="0"/>
      <file name="CardPersonal.jsx" path="D:\proyectomgafrontend\src\components\CardPersonal\CardPersonal.jsx">
        <metrics statements="18" coveredstatements="3" conditionals="14" coveredconditionals="0" methods="8" coveredmethods="0"/>
        <line num="12" count="1" type="stmt"/>
        <line num="15" count="0" type="stmt"/>
        <line num="16" count="0" type="stmt"/>
        <line num="17" count="0" type="stmt"/>
        <line num="19" count="0" type="stmt"/>
        <line num="20" count="0" type="stmt"/>
        <line num="27" count="0" type="stmt"/>
        <line num="28" count="0" type="stmt"/>
        <line num="35" count="0" type="stmt"/>
        <line num="36" count="0" type="stmt"/>
        <line num="38" count="0" type="stmt"/>
        <line num="41" count="0" type="stmt"/>
        <line num="87" count="0" type="stmt"/>
        <line num="94" count="0" type="stmt"/>
        <line num="146" count="0" type="stmt"/>
        <line num="153" count="0" type="stmt"/>
        <line num="167" count="1" type="stmt"/>
        <line num="174" count="1" type="stmt"/>
      </file>
      <file name="index.js" path="D:\proyectomgafrontend\src\components\CardPersonal\index.js">
        <metrics statements="0" coveredstatements="0" conditionals="0" coveredconditionals="0" methods="0" coveredmethods="0"/>
      </file>
      <file name="styles.js" path="D:\proyectomgafrontend\src\components\CardPersonal\styles.js">
        <metrics statements="2" coveredstatements="2" conditionals="0" coveredconditionals="0" methods="0" coveredmethods="0"/>
        <line num="4" count="1" type="stmt"/>
        <line num="6" count="1" type="stmt"/>
      </file>
    </package>
    <package name="proyectomgafrontend.src.components.CommentsComponent">
      <metrics statements="7" coveredstatements="7" conditionals="0" coveredconditionals="0" methods="2" coveredmethods="2"/>
      <file name="CommentsComponent.jsx" path="D:\proyectomgafrontend\src\components\CommentsComponent\CommentsComponent.jsx">
        <metrics statements="5" coveredstatements="5" conditionals="0" coveredconditionals="0" methods="2" coveredmethods="2"/>
        <line num="8" count="1" type="stmt"/>
        <line num="11" count="2" type="stmt"/>
        <line num="12" count="1" type="stmt"/>
        <line num="15" count="2" type="stmt"/>
        <line num="33" count="1" type="stmt"/>
      </file>
      <file name="styles.js" path="D:\proyectomgafrontend\src\components\CommentsComponent\styles.js">
        <metrics statements="2" coveredstatements="2" conditionals="0" coveredconditionals="0" methods="0" coveredmethods="0"/>
        <line num="3" count="1" type="stmt"/>
        <line num="5" count="1" type="stmt"/>
      </file>
    </package>
    <package name="proyectomgafrontend.src.components.HeaderComponent">
      <metrics statements="11" coveredstatements="11" conditionals="6" coveredconditionals="5" methods="4" coveredmethods="4"/>
      <file name="HeaderComponent.jsx" path="D:\proyectomgafrontend\src\components\HeaderComponent\HeaderComponent.jsx">
        <metrics statements="8" coveredstatements="8" conditionals="6" coveredconditionals="5" methods="4" coveredmethods="4"/>
        <line num="6" count="1" type="stmt"/>
        <line num="9" count="2" type="stmt"/>
        <line num="10" count="1" type="stmt"/>
        <line num="12" count="2" type="stmt"/>
        <line num="17" count="6" type="stmt"/>
        <line num="27" count="1" type="stmt"/>
        <line num="44" count="1" type="stmt"/>
        <line num="51" count="1" type="stmt"/>
      </file>
      <file name="styles.js" path="D:\proyectomgafrontend\src\components\HeaderComponent\styles.js">
        <metrics statements="3" coveredstatements="3" conditionals="0" coveredconditionals="0" methods="0" coveredmethods="0"/>
        <line num="4" count="1" type="stmt"/>
        <line num="5" count="1" type="stmt"/>
        <line num="7" count="1" type="stmt"/>
      </file>
    </package>
    <package name="proyectomgafrontend.src.components.HeaderGallery">
      <metrics statements="15" coveredstatements="15" conditionals="6" coveredconditionals="6" methods="7" coveredmethods="6"/>
      <file name="HeaderGallery.jsx" path="D:\proyectomgafrontend\src\components\HeaderGallery\HeaderGallery.jsx">
        <metrics statements="13" coveredstatements="13" conditionals="6" coveredconditionals="6" methods="7" coveredmethods="6"/>
        <line num="8" count="1" type="stmt"/>
        <line num="10" count="1" type="stmt"/>
        <line num="13" count="2" type="stmt"/>
        <line num="14" count="1" type="stmt"/>
        <line num="17" count="6" type="stmt"/>
        <line num="19" count="2" type="stmt"/>
        <line num="20" count="6" type="stmt"/>
        <line num="21" count="6" type="stmt"/>
        <line num="24" count="2" type="stmt"/>
        <line num="30" count="6" type="stmt"/>
        <line num="39" count="1" type="stmt"/>
        <line num="59" count="1" type="stmt"/>
        <line num="67" count="1" type="stmt"/>
      </file>
      <file name="styles.js" path="D:\proyectomgafrontend\src\components\HeaderGallery\styles.js">
        <metrics statements="2" coveredstatements="2" conditionals="0" coveredconditionals="0" methods="0" coveredmethods="0"/>
        <line num="4" count="1" type="stmt"/>
        <line num="6" count="1" type="stmt"/>
      </file>
    </package>
    <package name="proyectomgafrontend.src.components.HeaderInformation">
      <metrics statements="14" coveredstatements="9" conditionals="10" coveredconditionals="7" methods="4" coveredmethods="2"/>
      <file name="HeaderInformation.jsx" path="D:\proyectomgafrontend\src\components\HeaderInformation\HeaderInformation.jsx">
        <metrics statements="12" coveredstatements="7" conditionals="10" coveredconditionals="7" methods="4" coveredmethods="2"/>
        <line num="8" count="1" type="stmt"/>
        <line num="11" count="2" type="stmt"/>
        <line num="12" count="0" type="stmt"/>
        <line num="14" count="2" type="stmt"/>
        <line num="15" count="2" type="stmt"/>
        <line num="20" count="6" type="stmt"/>
        <line num="30" count="0" type="cond" truecount="0" falsecount="2"/>
        <line num="32" count="0" type="stmt"/>
        <line num="33" count="0" type="stmt"/>
        <line num="35" count="0" type="stmt"/>
        <line num="56" count="1" type="stmt"/>
        <line num="68" count="1" type="stmt"/>
      </file>
      <file name="styles.js" path="D:\proyectomgafrontend\src\components\HeaderInformation\styles.js">
        <metrics statements="2" coveredstatements="2" conditionals="0" coveredconditionals="0" methods="0" coveredmethods="0"/>
        <line num="4" count="1" type="stmt"/>
        <line num="6" count="1" type="stmt"/>
      </file>
    </package>
    <package name="proyectomgafrontend.src.components.SelectDate">
      <metrics statements="12" coveredstatements="12" conditionals="2" coveredconditionals="2" methods="2" coveredmethods="2"/>
      <file name="SelectDate.jsx" path="D:\proyectomgafrontend\src\components\SelectDate\SelectDate.jsx">
        <metrics statements="10" coveredstatements="10" conditionals="2" coveredconditionals="2" methods="2" coveredmethods="2"/>
        <line num="6" count="1" type="stmt"/>
        <line num="7" count="1" type="stmt"/>
        <line num="8" count="1" type="stmt"/>
        <line num="9" count="1" type="stmt"/>
        <line num="10" count="1" type="stmt"/>
        <line num="13" count="1" type="stmt"/>
        <line num="14" count="3" type="cond" truecount="2" falsecount="0"/>
        <line num="15" count="3" type="stmt"/>
        <line num="29" count="1" type="stmt"/>
        <line num="34" count="1" type="stmt"/>
      </file>
      <file name="styles.js" path="D:\proyectomgafrontend\src\components\SelectDate\styles.js">
        <metrics statements="2" coveredstatements="2" conditionals="0" coveredconditionals="0" methods="0" coveredmethods="0"/>
        <line num="4" count="1" type="stmt"/>
        <line num="6" count="1" type="stmt"/>
      </file>
    </package>
    <package name="proyectomgafrontend.src.components.TextCard">
      <metrics statements="4" coveredstatements="4" conditionals="0" coveredconditionals="0" methods="1" coveredmethods="1"/>
      <file name="TextCard.jsx" path="D:\proyectomgafrontend\src\components\TextCard\TextCard.jsx">
        <metrics statements="2" coveredstatements="2" conditionals="0" coveredconditionals="0" methods="1" coveredmethods="1"/>
        <line num="6" count="1" type="stmt"/>
        <line num="7" count="1" type="stmt"/>
      </file>
      <file name="styles.js" path="D:\proyectomgafrontend\src\components\TextCard\styles.js">
        <metrics statements="2" coveredstatements="2" conditionals="0" coveredconditionals="0" methods="0" coveredmethods="0"/>
        <line num="4" count="1" type="stmt"/>
        <line num="6" count="1" type="stmt"/>
      </file>
    </package>
    <package name="proyectomgafrontend.src.img">
      <metrics statements="4" coveredstatements="4" conditionals="0" coveredconditionals="0" methods="2" coveredmethods="2"/>
      <file name="ElCeibillalSvg.jsx" path="D:\proyectomgafrontend\src\img\ElCeibillalSvg.jsx">
        <metrics statements="2" coveredstatements="2" conditionals="0" coveredconditionals="0" methods="1" coveredmethods="1"/>
        <line num="6" count="2" type="stmt"/>
        <line num="7" count="4" type="stmt"/>
      </file>
      <file name="ElCeibillalV2Svg.jsx" path="D:\proyectomgafrontend\src\img\ElCeibillalV2Svg.jsx">
        <metrics statements="2" coveredstatements="2" conditionals="0" coveredconditionals="0" methods="1" coveredmethods="1"/>
        <line num="6" count="2" type="stmt"/>
        <line num="7" count="4" type="stmt"/>
      </file>
    </package>
    <package name="proyectomgafrontend.src.screens.ChoiceScreen">
      <metrics statements="6" coveredstatements="6" conditionals="0" coveredconditionals="0" methods="3" coveredmethods="3"/>
      <file name="ChoiceScreen.jsx" path="D:\proyectomgafrontend\src\screens\ChoiceScreen\ChoiceScreen.jsx">
        <metrics statements="5" coveredstatements="5" conditionals="0" coveredconditionals="0" methods="3" coveredmethods="3"/>
        <line num="13" count="2" type="stmt"/>
        <line num="14" count="4" type="stmt"/>
        <line num="25" count="2" type="stmt"/>
        <line num="33" count="1" type="stmt"/>
        <line num="43" count="2" type="stmt"/>
      </file>
      <file name="styles.js" path="D:\proyectomgafrontend\src\screens\ChoiceScreen\styles.js">
        <metrics statements="1" coveredstatements="1" conditionals="0" coveredconditionals="0" methods="0" coveredmethods="0"/>
        <line num="4" count="2" type="stmt"/>
      </file>
    </package>
    <package name="proyectomgafrontend.src.screens.CrearGalera">
      <metrics statements="3" coveredstatements="3" conditionals="0" coveredconditionals="0" methods="1" coveredmethods="1"/>
      <file name="CrearGalera.jsx" path="D:\proyectomgafrontend\src\screens\CrearGalera\CrearGalera.jsx">
        <metrics statements="2" coveredstatements="2" conditionals="0" coveredconditionals="0" methods="1" coveredmethods="1"/>
        <line num="8" count="1" type="stmt"/>
        <line num="10" count="1" type="stmt"/>
      </file>
      <file name="styles.js" path="D:\proyectomgafrontend\src\screens\CrearGalera\styles.js">
        <metrics statements="1" coveredstatements="1" conditionals="0" coveredconditionals="0" methods="0" coveredmethods="0"/>
        <line num="3" count="1" type="stmt"/>
      </file>
    </package>
    <package name="proyectomgafrontend.src.screens.DetailsScreen">
      <metrics statements="4" coveredstatements="4" conditionals="0" coveredconditionals="0" methods="2" coveredmethods="2"/>
      <file name="DetailsScreen.jsx" path="D:\proyectomgafrontend\src\screens\DetailsScreen\DetailsScreen.jsx">
        <metrics statements="4" coveredstatements="4" conditionals="0" coveredconditionals="0" methods="2" coveredmethods="2"/>
        <line num="5" count="1" type="stmt"/>
        <line num="6" count="1" type="stmt"/>
        <line num="10" count="1" type="stmt"/>
        <line num="15" count="1" type="stmt"/>
      </file>
    </package>
  </project>
</coverage>
