<?xml version="1.0" encoding="UTF-8"?>
<coverage generated="1699595728468" clover="3.2.0">
  <project timestamp="1699595728468" name="All files">
    <metrics statements="59" coveredstatements="53" conditionals="12" coveredconditionals="10" methods="21" coveredmethods="16" elements="92" coveredelements="79" complexity="0" loc="59" ncloc="59" packages="4" files="4" classes="4"/>
    <package name="proyectomgafrontend">
      <metrics statements="3" coveredstatements="2" conditionals="0" coveredconditionals="0" methods="1" coveredmethods="0"/>
      <file name="assetsTransformer.js" path="/home/diego/Dev/personal/proyectomgafrontend/assetsTransformer.js">
        <metrics statements="3" coveredstatements="2" conditionals="0" coveredconditionals="0" methods="1" coveredmethods="0"/>
        <line num="1" count="7" type="stmt"/>
        <line num="3" count="7" type="stmt"/>
        <line num="5" count="0" type="stmt"/>
      </file>
    </package>
    <package name="proyectomgafrontend.src.components.CardAssignment">
      <metrics statements="32" coveredstatements="29" conditionals="6" coveredconditionals="4" methods="12" coveredmethods="10"/>
      <file name="CardAssignment.jsx" path="/home/diego/Dev/personal/proyectomgafrontend/src/components/CardAssignment/CardAssignment.jsx">
        <metrics statements="32" coveredstatements="29" conditionals="6" coveredconditionals="4" methods="12" coveredmethods="10"/>
        <line num="13" count="1" type="stmt"/>
        <line num="16" count="11" type="stmt"/>
        <line num="17" count="11" type="stmt"/>
        <line num="18" count="11" type="stmt"/>
        <line num="19" count="11" type="stmt"/>
        <line num="20" count="11" type="stmt"/>
        <line num="22" count="11" type="stmt"/>
        <line num="23" count="3" type="stmt"/>
        <line num="25" count="3" type="stmt"/>
        <line num="28" count="0" type="stmt"/>
        <line num="32" count="11" type="stmt"/>
        <line num="33" count="6" type="stmt"/>
        <line num="36" count="11" type="stmt"/>
        <line num="37" count="7" type="cond" truecount="3" falsecount="1"/>
        <line num="38" count="7" type="cond" truecount="1" falsecount="1"/>
        <line num="39" count="7" type="stmt"/>
        <line num="44" count="11" type="stmt"/>
        <line num="45" count="3" type="stmt"/>
        <line num="48" count="11" type="stmt"/>
        <line num="49" count="1" type="stmt"/>
        <line num="56" count="11" type="stmt"/>
        <line num="57" count="1" type="stmt"/>
        <line num="64" count="11" type="stmt"/>
        <line num="65" count="1" type="stmt"/>
        <line num="68" count="11" type="stmt"/>
        <line num="69" count="0" type="stmt"/>
        <line num="72" count="11" type="stmt"/>
        <line num="84" count="12" type="stmt"/>
        <line num="91" count="12" type="stmt"/>
        <line num="104" count="0" type="stmt"/>
        <line num="134" count="1" type="stmt"/>
        <line num="141" count="1" type="stmt"/>
      </file>
    </package>
    <package name="proyectomgafrontend.src.components.CardGalera">
      <metrics statements="19" coveredstatements="17" conditionals="6" coveredconditionals="6" methods="5" coveredmethods="3"/>
      <file name="CardGalera.jsx" path="/home/diego/Dev/personal/proyectomgafrontend/src/components/CardGalera/CardGalera.jsx">
        <metrics statements="19" coveredstatements="17" conditionals="6" coveredconditionals="6" methods="5" coveredmethods="3"/>
        <line num="8" count="1" type="stmt"/>
        <line num="11" count="4" type="stmt"/>
        <line num="12" count="4" type="stmt"/>
        <line num="13" count="4" type="stmt"/>
        <line num="15" count="4" type="stmt"/>
        <line num="16" count="0" type="stmt"/>
        <line num="22" count="4" type="stmt"/>
        <line num="23" count="0" type="stmt"/>
        <line num="29" count="4" type="stmt"/>
        <line num="30" count="4" type="cond" truecount="2" falsecount="0"/>
        <line num="31" count="1" type="stmt"/>
        <line num="44" count="1" type="stmt"/>
        <line num="49" count="3" type="stmt"/>
        <line num="53" count="3" type="stmt"/>
        <line num="60" count="4" type="stmt"/>
        <line num="63" count="2" type="cond" truecount="2" falsecount="0"/>
        <line num="64" count="1" type="stmt"/>
        <line num="97" count="1" type="stmt"/>
        <line num="105" count="1" type="stmt"/>
      </file>
    </package>
    <package name="proyectomgafrontend.src.screens.ChoiceScreen">
      <metrics statements="5" coveredstatements="5" conditionals="0" coveredconditionals="0" methods="3" coveredmethods="3"/>
      <file name="ChoiceScreen.jsx" path="/home/diego/Dev/personal/proyectomgafrontend/src/screens/ChoiceScreen/ChoiceScreen.jsx">
        <metrics statements="5" coveredstatements="5" conditionals="0" coveredconditionals="0" methods="3" coveredmethods="3"/>
        <line num="13" count="2" type="stmt"/>
        <line num="14" count="4" type="stmt"/>
        <line num="25" count="2" type="stmt"/>
        <line num="33" count="1" type="stmt"/>
        <line num="43" count="2" type="stmt"/>
      </file>
    </package>
  </project>
</coverage>
