{"D:\\proyectomgafrontend\\assetsTransformer.js": {"path":"D:\\proyectomgafrontend\\assetsTransformer.js","statementMap":{"0":{"start":{"line":1,"column":13},"end":{"line":1,"column":28}},"1":{"start":{"line":3,"column":0},"end":{"line":7,"column":1}},"2":{"start":{"line":5,"column":4},"end":{"line":5,"column":73}}},"fnMap":{"0":{"name":"(anonymous_0)","decl":{"start":{"line":4,"column":2},"end":{"line":4,"column":3}},"loc":{"start":{"line":4,"column":42},"end":{"line":6,"column":3}},"line":4}},"branchMap":{},"s":{"0":6,"1":6,"2":0},"f":{"0":0},"b":{},"_coverageSchema":"1a1c01bbd47fc00a2c39e90264f33305004495a9","hash":"a2a2035f4b3e40ef00399d82c6d8f8a9e2f6c0bb"}
,"D:\\proyectomgafrontend\\test-utils.js": {"path":"D:\\proyectomgafrontend\\test-utils.js","statementMap":{"0":{"start":{"line":4,"column":24},"end":{"line":10,"column":1}},"1":{"start":{"line":5,"column":4},"end":{"line":9,"column":3}},"2":{"start":{"line":12,"column":21},"end":{"line":13,"column":52}},"3":{"start":{"line":13,"column":2},"end":{"line":13,"column":52}}},"fnMap":{"0":{"name":"(anonymous_0)","decl":{"start":{"line":4,"column":24},"end":{"line":4,"column":25}},"loc":{"start":{"line":4,"column":40},"end":{"line":10,"column":1}},"line":4},"1":{"name":"(anonymous_1)","decl":{"start":{"line":12,"column":21},"end":{"line":12,"column":22}},"loc":{"start":{"line":13,"column":2},"end":{"line":13,"column":52}},"line":13}},"branchMap":{},"s":{"0":1,"1":1,"2":1,"3":1},"f":{"0":1,"1":1},"b":{},"_coverageSchema":"1a1c01bbd47fc00a2c39e90264f33305004495a9","hash":"7f51139ac14b61b25e2cacdf842b0e894d46c5a9"}
,"D:\\proyectomgafrontend\\src\\components\\CardGalera\\CardGalera.jsx": {"path":"D:\\proyectomgafrontend\\src\\components\\CardGalera\\CardGalera.jsx","statementMap":{"0":{"start":{"line":8,"column":19},"end":{"line":95,"column":1}},"1":{"start":{"line":11,"column":25},"end":{"line":11,"column":56}},"2":{"start":{"line":12,"column":23},"end":{"line":12,"column":54}},"3":{"start":{"line":13,"column":22},"end":{"line":13,"column":49}},"4":{"start":{"line":15,"column":20},"end":{"line":20,"column":3}},"5":{"start":{"line":16,"column":4},"end":{"line":19,"column":14}},"6":{"start":{"line":22,"column":21},"end":{"line":27,"column":3}},"7":{"start":{"line":23,"column":4},"end":{"line":26,"column":14}},"8":{"start":{"line":29,"column":2},"end":{"line":58,"column":41}},"9":{"start":{"line":30,"column":4},"end":{"line":57,"column":5}},"10":{"start":{"line":31,"column":6},"end":{"line":42,"column":16}},"11":{"start":{"line":44,"column":6},"end":{"line":47,"column":16}},"12":{"start":{"line":49,"column":6},"end":{"line":52,"column":16}},"13":{"start":{"line":53,"column":6},"end":{"line":56,"column":16}},"14":{"start":{"line":60,"column":2},"end":{"line":94,"column":3}},"15":{"start":{"line":63,"column":8},"end":{"line":65,"column":9}},"16":{"start":{"line":64,"column":10},"end":{"line":64,"column":45}},"17":{"start":{"line":97,"column":0},"end":{"line":103,"column":1}},"18":{"start":{"line":105,"column":0},"end":{"line":110,"column":1}}},"fnMap":{"0":{"name":"(anonymous_0)","decl":{"start":{"line":8,"column":19},"end":{"line":8,"column":20}},"loc":{"start":{"line":10,"column":6},"end":{"line":95,"column":1}},"line":10},"1":{"name":"(anonymous_1)","decl":{"start":{"line":15,"column":20},"end":{"line":15,"column":21}},"loc":{"start":{"line":15,"column":26},"end":{"line":20,"column":3}},"line":15},"2":{"name":"(anonymous_2)","decl":{"start":{"line":22,"column":21},"end":{"line":22,"column":22}},"loc":{"start":{"line":22,"column":27},"end":{"line":27,"column":3}},"line":22},"3":{"name":"(anonymous_3)","decl":{"start":{"line":29,"column":12},"end":{"line":29,"column":13}},"loc":{"start":{"line":29,"column":18},"end":{"line":58,"column":3}},"line":29},"4":{"name":"(anonymous_4)","decl":{"start":{"line":62,"column":15},"end":{"line":62,"column":16}},"loc":{"start":{"line":62,"column":21},"end":{"line":66,"column":7}},"line":62}},"branchMap":{"0":{"loc":{"start":{"line":30,"column":4},"end":{"line":57,"column":5}},"type":"if","locations":[{"start":{"line":30,"column":4},"end":{"line":57,"column":5}},{"start":{"line":48,"column":11},"end":{"line":57,"column":5}}],"line":30},"1":{"loc":{"start":{"line":63,"column":8},"end":{"line":65,"column":9}},"type":"if","locations":[{"start":{"line":63,"column":8},"end":{"line":65,"column":9}},{"start":{},"end":{}}],"line":63},"2":{"loc":{"start":{"line":86,"column":11},"end":{"line":90,"column":11}},"type":"cond-expr","locations":[{"start":{"line":87,"column":12},"end":{"line":87,"column":87}},{"start":{"line":89,"column":12},"end":{"line":89,"column":75}}],"line":86}},"s":{"0":1,"1":4,"2":4,"3":4,"4":4,"5":0,"6":4,"7":0,"8":4,"9":4,"10":1,"11":1,"12":3,"13":3,"14":4,"15":2,"16":1,"17":1,"18":1},"f":{"0":4,"1":0,"2":0,"3":4,"4":2},"b":{"0":[1,3],"1":[1,1],"2":[1,3]},"_coverageSchema":"1a1c01bbd47fc00a2c39e90264f33305004495a9","hash":"cbcd6ddf5e756d5d0f1f6d832f015cb6a6a7ab18"}
,"D:\\proyectomgafrontend\\src\\components\\CardGalera\\styles.js": {"path":"D:\\proyectomgafrontend\\src\\components\\CardGalera\\styles.js","statementMap":{"0":{"start":{"line":4,"column":20},"end":{"line":4,"column":50}},"1":{"start":{"line":6,"column":15},"end":{"line":55,"column":2}}},"fnMap":{},"branchMap":{},"s":{"0":1,"1":1},"f":{},"b":{},"_coverageSchema":"1a1c01bbd47fc00a2c39e90264f33305004495a9","hash":"252dc5a9e7f099f87adba157b493ccb582643a8e"}
,"D:\\proyectomgafrontend\\src\\components\\CardGaleraAdmin\\CardGaleraAdmin.jsx": {"path":"D:\\proyectomgafrontend\\src\\components\\CardGaleraAdmin\\CardGaleraAdmin.jsx","statementMap":{"0":{"start":{"line":11,"column":24},"end":{"line":73,"column":1}},"1":{"start":{"line":14,"column":25},"end":{"line":14,"column":56}},"2":{"start":{"line":15,"column":22},"end":{"line":15,"column":49}},"3":{"start":{"line":17,"column":20},"end":{"line":23,"column":3}},"4":{"start":{"line":18,"column":4},"end":{"line":22,"column":14}},"5":{"start":{"line":25,"column":21},"end":{"line":31,"column":3}},"6":{"start":{"line":26,"column":4},"end":{"line":30,"column":14}},"7":{"start":{"line":33,"column":27},"end":{"line":38,"column":3}},"8":{"start":{"line":34,"column":4},"end":{"line":36,"column":5}},"9":{"start":{"line":35,"column":6},"end":{"line":35,"column":29}},"10":{"start":{"line":37,"column":4},"end":{"line":37,"column":17}},"11":{"start":{"line":40,"column":2},"end":{"line":72,"column":3}},"12":{"start":{"line":57,"column":14},"end":{"line":59,"column":21}},"13":{"start":{"line":64,"column":14},"end":{"line":66,"column":21}},"14":{"start":{"line":75,"column":0},"end":{"line":81,"column":1}},"15":{"start":{"line":83,"column":0},"end":{"line":86,"column":1}}},"fnMap":{"0":{"name":"(anonymous_0)","decl":{"start":{"line":11,"column":24},"end":{"line":11,"column":25}},"loc":{"start":{"line":13,"column":6},"end":{"line":73,"column":1}},"line":13},"1":{"name":"(anonymous_1)","decl":{"start":{"line":17,"column":20},"end":{"line":17,"column":21}},"loc":{"start":{"line":17,"column":26},"end":{"line":23,"column":3}},"line":17},"2":{"name":"(anonymous_2)","decl":{"start":{"line":25,"column":21},"end":{"line":25,"column":22}},"loc":{"start":{"line":25,"column":27},"end":{"line":31,"column":3}},"line":25},"3":{"name":"(anonymous_3)","decl":{"start":{"line":33,"column":27},"end":{"line":33,"column":28}},"loc":{"start":{"line":33,"column":36},"end":{"line":38,"column":3}},"line":33},"4":{"name":"(anonymous_4)","decl":{"start":{"line":56,"column":30},"end":{"line":56,"column":31}},"loc":{"start":{"line":57,"column":14},"end":{"line":59,"column":21}},"line":57},"5":{"name":"(anonymous_5)","decl":{"start":{"line":63,"column":46},"end":{"line":63,"column":47}},"loc":{"start":{"line":64,"column":14},"end":{"line":66,"column":21}},"line":64}},"branchMap":{"0":{"loc":{"start":{"line":34,"column":4},"end":{"line":36,"column":5}},"type":"if","locations":[{"start":{"line":34,"column":4},"end":{"line":36,"column":5}},{"start":{},"end":{}}],"line":34}},"s":{"0":1,"1":1,"2":1,"3":1,"4":0,"5":1,"6":0,"7":1,"8":1,"9":1,"10":0,"11":1,"12":2,"13":2,"14":1,"15":1},"f":{"0":1,"1":0,"2":0,"3":1,"4":2,"5":2},"b":{"0":[1,0]},"_coverageSchema":"1a1c01bbd47fc00a2c39e90264f33305004495a9","hash":"0aec4cd7cbdd7d90aaf476c679507d768bf4f116"}
,"D:\\proyectomgafrontend\\src\\components\\CardGaleraAdmin\\styles.js": {"path":"D:\\proyectomgafrontend\\src\\components\\CardGaleraAdmin\\styles.js","statementMap":{"0":{"start":{"line":4,"column":20},"end":{"line":4,"column":50}},"1":{"start":{"line":6,"column":15},"end":{"line":66,"column":2}}},"fnMap":{},"branchMap":{},"s":{"0":1,"1":1},"f":{},"b":{},"_coverageSchema":"1a1c01bbd47fc00a2c39e90264f33305004495a9","hash":"f3fcb4a3aac37b2f286d3f005bb5def478b13399"}
,"D:\\proyectomgafrontend\\src\\components\\CommentsComponent\\CommentsComponent.jsx": {"path":"D:\\proyectomgafrontend\\src\\components\\CommentsComponent\\CommentsComponent.jsx","statementMap":{"0":{"start":{"line":8,"column":26},"end":{"line":30,"column":1}},"1":{"start":{"line":11,"column":33},"end":{"line":13,"column":3}},"2":{"start":{"line":12,"column":4},"end":{"line":12,"column":18}},"3":{"start":{"line":15,"column":2},"end":{"line":29,"column":3}},"4":{"start":{"line":33,"column":0},"end":{"line":36,"column":1}}},"fnMap":{"0":{"name":"(anonymous_0)","decl":{"start":{"line":8,"column":26},"end":{"line":8,"column":27}},"loc":{"start":{"line":10,"column":6},"end":{"line":30,"column":1}},"line":10},"1":{"name":"(anonymous_1)","decl":{"start":{"line":11,"column":33},"end":{"line":11,"column":34}},"loc":{"start":{"line":11,"column":41},"end":{"line":13,"column":3}},"line":11}},"branchMap":{},"s":{"0":1,"1":2,"2":1,"3":2,"4":1},"f":{"0":2,"1":1},"b":{},"_coverageSchema":"1a1c01bbd47fc00a2c39e90264f33305004495a9","hash":"33bd8246c0dcfb90f39708a9d849dfdaefc3557d"}
,"D:\\proyectomgafrontend\\src\\components\\CommentsComponent\\styles.js": {"path":"D:\\proyectomgafrontend\\src\\components\\CommentsComponent\\styles.js","statementMap":{"0":{"start":{"line":3,"column":20},"end":{"line":3,"column":50}},"1":{"start":{"line":5,"column":15},"end":{"line":48,"column":2}}},"fnMap":{},"branchMap":{},"s":{"0":1,"1":1},"f":{},"b":{},"_coverageSchema":"1a1c01bbd47fc00a2c39e90264f33305004495a9","hash":"3dcab6ad38844ef3b49af8f3c5c20e5aeb0f3fc9"}
,"D:\\proyectomgafrontend\\src\\components\\HeaderComponent\\HeaderComponent.jsx": {"path":"D:\\proyectomgafrontend\\src\\components\\HeaderComponent\\HeaderComponent.jsx","statementMap":{"0":{"start":{"line":6,"column":24},"end":{"line":42,"column":1}},"1":{"start":{"line":9,"column":25},"end":{"line":11,"column":3}},"2":{"start":{"line":10,"column":4},"end":{"line":10,"column":25}},"3":{"start":{"line":12,"column":2},"end":{"line":41,"column":3}},"4":{"start":{"line":17,"column":10},"end":{"line":37,"column":29}},"5":{"start":{"line":27,"column":27},"end":{"line":27,"column":49}},"6":{"start":{"line":44,"column":0},"end":{"line":49,"column":1}},"7":{"start":{"line":51,"column":0},"end":{"line":53,"column":1}}},"fnMap":{"0":{"name":"(anonymous_0)","decl":{"start":{"line":6,"column":24},"end":{"line":6,"column":25}},"loc":{"start":{"line":8,"column":6},"end":{"line":42,"column":1}},"line":8},"1":{"name":"(anonymous_1)","decl":{"start":{"line":9,"column":25},"end":{"line":9,"column":26}},"loc":{"start":{"line":9,"column":36},"end":{"line":11,"column":3}},"line":9},"2":{"name":"(anonymous_2)","decl":{"start":{"line":16,"column":26},"end":{"line":16,"column":27}},"loc":{"start":{"line":17,"column":10},"end":{"line":37,"column":29}},"line":17},"3":{"name":"(anonymous_3)","decl":{"start":{"line":27,"column":21},"end":{"line":27,"column":22}},"loc":{"start":{"line":27,"column":27},"end":{"line":27,"column":49}},"line":27}},"branchMap":{"0":{"loc":{"start":{"line":24,"column":14},"end":{"line":24,"column":66}},"type":"cond-expr","locations":[{"start":{"line":24,"column":37},"end":{"line":24,"column":59}},{"start":{"line":24,"column":62},"end":{"line":24,"column":66}}],"line":24},"1":{"loc":{"start":{"line":32,"column":16},"end":{"line":32,"column":72}},"type":"cond-expr","locations":[{"start":{"line":32,"column":39},"end":{"line":32,"column":65}},{"start":{"line":32,"column":68},"end":{"line":32,"column":72}}],"line":32},"2":{"loc":{"start":{"line":35,"column":15},"end":{"line":35,"column":56}},"type":"cond-expr","locations":[{"start":{"line":35,"column":30},"end":{"line":35,"column":49}},{"start":{"line":35,"column":52},"end":{"line":35,"column":56}}],"line":35}},"s":{"0":1,"1":2,"2":1,"3":2,"4":6,"5":1,"6":1,"7":1},"f":{"0":2,"1":1,"2":6,"3":1},"b":{"0":[2,4],"1":[2,4],"2":[6,0]},"_coverageSchema":"1a1c01bbd47fc00a2c39e90264f33305004495a9","hash":"aaf2c7b47cbc8481b6209ed6b118fcb8b2905d6a"}
,"D:\\proyectomgafrontend\\src\\components\\HeaderComponent\\styles.js": {"path":"D:\\proyectomgafrontend\\src\\components\\HeaderComponent\\styles.js","statementMap":{"0":{"start":{"line":4,"column":18},"end":{"line":4,"column":42}},"1":{"start":{"line":5,"column":30},"end":{"line":5,"column":37}},"2":{"start":{"line":7,"column":15},"end":{"line":59,"column":2}}},"fnMap":{},"branchMap":{},"s":{"0":1,"1":1,"2":1},"f":{},"b":{},"_coverageSchema":"1a1c01bbd47fc00a2c39e90264f33305004495a9","hash":"8dee5ba43ebf2b13fd837ffbc75756dcc5ed6de8"}
,"D:\\proyectomgafrontend\\src\\components\\TextCard\\TextCard.jsx": {"path":"D:\\proyectomgafrontend\\src\\components\\TextCard\\TextCard.jsx","statementMap":{"0":{"start":{"line":6,"column":17},"end":{"line":14,"column":1}},"1":{"start":{"line":7,"column":2},"end":{"line":13,"column":9}}},"fnMap":{"0":{"name":"(anonymous_0)","decl":{"start":{"line":6,"column":17},"end":{"line":6,"column":18}},"loc":{"start":{"line":7,"column":2},"end":{"line":13,"column":9}},"line":7}},"branchMap":{},"s":{"0":1,"1":1},"f":{"0":1},"b":{},"_coverageSchema":"1a1c01bbd47fc00a2c39e90264f33305004495a9","hash":"222ec24f8586766cbfb0f182f79f868279c98119"}
,"D:\\proyectomgafrontend\\src\\components\\TextCard\\styles.js": {"path":"D:\\proyectomgafrontend\\src\\components\\TextCard\\styles.js","statementMap":{"0":{"start":{"line":4,"column":18},"end":{"line":4,"column":42}},"1":{"start":{"line":6,"column":15},"end":{"line":27,"column":2}}},"fnMap":{},"branchMap":{},"s":{"0":1,"1":1},"f":{},"b":{},"_coverageSchema":"1a1c01bbd47fc00a2c39e90264f33305004495a9","hash":"09be8b9ba4bd12e57470ffffd6bd06dc63de8f61"}
,"D:\\proyectomgafrontend\\src\\img\\ElCeibillalSvg.jsx": {"path":"D:\\proyectomgafrontend\\src\\img\\ElCeibillalSvg.jsx","statementMap":{"0":{"start":{"line":6,"column":21},"end":{"line":85,"column":1}},"1":{"start":{"line":7,"column":2},"end":{"line":84,"column":8}}},"fnMap":{"0":{"name":"(anonymous_0)","decl":{"start":{"line":6,"column":21},"end":{"line":6,"column":22}},"loc":{"start":{"line":7,"column":2},"end":{"line":84,"column":8}},"line":7}},"branchMap":{},"s":{"0":2,"1":4},"f":{"0":4},"b":{},"_coverageSchema":"1a1c01bbd47fc00a2c39e90264f33305004495a9","hash":"40054801df787c1ccdd3632d55c43bc6d1417c22"}
,"D:\\proyectomgafrontend\\src\\img\\ElCeibillalV2Svg.jsx": {"path":"D:\\proyectomgafrontend\\src\\img\\ElCeibillalV2Svg.jsx","statementMap":{"0":{"start":{"line":6,"column":21},"end":{"line":81,"column":1}},"1":{"start":{"line":7,"column":2},"end":{"line":80,"column":8}}},"fnMap":{"0":{"name":"(anonymous_0)","decl":{"start":{"line":6,"column":21},"end":{"line":6,"column":22}},"loc":{"start":{"line":7,"column":2},"end":{"line":80,"column":8}},"line":7}},"branchMap":{},"s":{"0":2,"1":4},"f":{"0":4},"b":{},"_coverageSchema":"1a1c01bbd47fc00a2c39e90264f33305004495a9","hash":"1b0c8f250ef6a127581f115184cf87073a1568d0"}
,"D:\\proyectomgafrontend\\src\\screens\\ChoiceScreen\\ChoiceScreen.jsx": {"path":"D:\\proyectomgafrontend\\src\\screens\\ChoiceScreen\\ChoiceScreen.jsx","statementMap":{"0":{"start":{"line":13,"column":21},"end":{"line":41,"column":1}},"1":{"start":{"line":14,"column":2},"end":{"line":40,"column":9}},"2":{"start":{"line":25,"column":23},"end":{"line":25,"column":56}},"3":{"start":{"line":33,"column":23},"end":{"line":33,"column":59}},"4":{"start":{"line":43,"column":0},"end":{"line":47,"column":1}}},"fnMap":{"0":{"name":"(anonymous_0)","decl":{"start":{"line":13,"column":21},"end":{"line":13,"column":22}},"loc":{"start":{"line":14,"column":2},"end":{"line":40,"column":9}},"line":14},"1":{"name":"(anonymous_1)","decl":{"start":{"line":25,"column":17},"end":{"line":25,"column":18}},"loc":{"start":{"line":25,"column":23},"end":{"line":25,"column":56}},"line":25},"2":{"name":"(anonymous_2)","decl":{"start":{"line":33,"column":17},"end":{"line":33,"column":18}},"loc":{"start":{"line":33,"column":23},"end":{"line":33,"column":59}},"line":33}},"branchMap":{},"s":{"0":2,"1":4,"2":2,"3":1,"4":2},"f":{"0":4,"1":2,"2":1},"b":{},"_coverageSchema":"1a1c01bbd47fc00a2c39e90264f33305004495a9","hash":"1f7626de24eb156b60170e8559c667a3c83fc310"}
,"D:\\proyectomgafrontend\\src\\screens\\ChoiceScreen\\styles.js": {"path":"D:\\proyectomgafrontend\\src\\screens\\ChoiceScreen\\styles.js","statementMap":{"0":{"start":{"line":4,"column":15},"end":{"line":98,"column":2}}},"fnMap":{},"branchMap":{},"s":{"0":2},"f":{},"b":{},"_coverageSchema":"1a1c01bbd47fc00a2c39e90264f33305004495a9","hash":"884a8dfff5e41032b10501515200d1931ae2bab4"}
,"D:\\proyectomgafrontend\\src\\screens\\CrearGalera\\CrearGalera.jsx": {"path":"D:\\proyectomgafrontend\\src\\screens\\CrearGalera\\CrearGalera.jsx","statementMap":{"0":{"start":{"line":8,"column":20},"end":{"line":48,"column":1}},"1":{"start":{"line":10,"column":2},"end":{"line":47,"column":9}}},"fnMap":{"0":{"name":"(anonymous_0)","decl":{"start":{"line":8,"column":20},"end":{"line":8,"column":21}},"loc":{"start":{"line":10,"column":2},"end":{"line":47,"column":9}},"line":10}},"branchMap":{},"s":{"0":1,"1":1},"f":{"0":1},"b":{},"_coverageSchema":"1a1c01bbd47fc00a2c39e90264f33305004495a9","hash":"b2a8a851da08925e1d2ff77f79d04e6386e181dd"}
,"D:\\proyectomgafrontend\\src\\screens\\CrearGalera\\styles.js": {"path":"D:\\proyectomgafrontend\\src\\screens\\CrearGalera\\styles.js","statementMap":{"0":{"start":{"line":3,"column":15},"end":{"line":53,"column":2}}},"fnMap":{},"branchMap":{},"s":{"0":1},"f":{},"b":{},"_coverageSchema":"1a1c01bbd47fc00a2c39e90264f33305004495a9","hash":"f07ae2fdf41f90eeda40b8b7b9b2d88475ca9727"}
,"D:\\proyectomgafrontend\\src\\screens\\DetailsScreen\\DetailsScreen.jsx": {"path":"D:\\proyectomgafrontend\\src\\screens\\DetailsScreen\\DetailsScreen.jsx","statementMap":{"0":{"start":{"line":5,"column":22},"end":{"line":13,"column":1}},"1":{"start":{"line":6,"column":2},"end":{"line":12,"column":9}},"2":{"start":{"line":10,"column":21},"end":{"line":10,"column":52}},"3":{"start":{"line":15,"column":0},"end":{"line":19,"column":1}}},"fnMap":{"0":{"name":"(anonymous_0)","decl":{"start":{"line":5,"column":22},"end":{"line":5,"column":23}},"loc":{"start":{"line":6,"column":2},"end":{"line":12,"column":9}},"line":6},"1":{"name":"(anonymous_1)","decl":{"start":{"line":10,"column":15},"end":{"line":10,"column":16}},"loc":{"start":{"line":10,"column":21},"end":{"line":10,"column":52}},"line":10}},"branchMap":{},"s":{"0":1,"1":1,"2":1,"3":1},"f":{"0":1,"1":1},"b":{},"_coverageSchema":"1a1c01bbd47fc00a2c39e90264f33305004495a9","hash":"bddb240a133c8dab8dae1b35b354fec3188aeee1"}
}
