{"D:\\proyectomgafrontend\\assetsTransformer.js": {"path":"D:\\proyectomgafrontend\\assetsTransformer.js","statementMap":{"0":{"start":{"line":1,"column":13},"end":{"line":1,"column":28}},"1":{"start":{"line":3,"column":0},"end":{"line":7,"column":1}},"2":{"start":{"line":5,"column":4},"end":{"line":5,"column":73}}},"fnMap":{"0":{"name":"(anonymous_0)","decl":{"start":{"line":4,"column":2},"end":{"line":4,"column":3}},"loc":{"start":{"line":4,"column":42},"end":{"line":6,"column":3}},"line":4}},"branchMap":{},"s":{"0":15,"1":15,"2":0},"f":{"0":0},"b":{},"_coverageSchema":"1a1c01bbd47fc00a2c39e90264f33305004495a9","hash":"a2a2035f4b3e40ef00399d82c6d8f8a9e2f6c0bb"}
,"D:\\proyectomgafrontend\\test-utils.js": {"path":"D:\\proyectomgafrontend\\test-utils.js","statementMap":{"0":{"start":{"line":4,"column":24},"end":{"line":10,"column":1}},"1":{"start":{"line":5,"column":4},"end":{"line":9,"column":3}},"2":{"start":{"line":12,"column":21},"end":{"line":13,"column":52}},"3":{"start":{"line":13,"column":2},"end":{"line":13,"column":52}}},"fnMap":{"0":{"name":"(anonymous_0)","decl":{"start":{"line":4,"column":24},"end":{"line":4,"column":25}},"loc":{"start":{"line":4,"column":40},"end":{"line":10,"column":1}},"line":4},"1":{"name":"(anonymous_1)","decl":{"start":{"line":12,"column":21},"end":{"line":12,"column":22}},"loc":{"start":{"line":13,"column":2},"end":{"line":13,"column":52}},"line":13}},"branchMap":{},"s":{"0":1,"1":1,"2":1,"3":1},"f":{"0":1,"1":1},"b":{},"_coverageSchema":"1a1c01bbd47fc00a2c39e90264f33305004495a9","hash":"7f51139ac14b61b25e2cacdf842b0e894d46c5a9"}
,"D:\\proyectomgafrontend\\src\\GlobalContext\\GlobalContext.js": {"path":"D:\\proyectomgafrontend\\src\\GlobalContext\\GlobalContext.js","statementMap":{"0":{"start":{"line":4,"column":29},"end":{"line":4,"column":44}},"1":{"start":{"line":6,"column":30},"end":{"line":19,"column":1}},"2":{"start":{"line":7,"column":28},"end":{"line":7,"column":40}},"3":{"start":{"line":8,"column":32},"end":{"line":8,"column":46}},"4":{"start":{"line":9,"column":32},"end":{"line":9,"column":44}},"5":{"start":{"line":11,"column":2},"end":{"line":18,"column":3}},"6":{"start":{"line":21,"column":0},"end":{"line":23,"column":1}}},"fnMap":{"0":{"name":"(anonymous_0)","decl":{"start":{"line":6,"column":30},"end":{"line":6,"column":31}},"loc":{"start":{"line":6,"column":48},"end":{"line":19,"column":1}},"line":6}},"branchMap":{},"s":{"0":4,"1":4,"2":6,"3":6,"4":6,"5":6,"6":4},"f":{"0":6},"b":{},"_coverageSchema":"1a1c01bbd47fc00a2c39e90264f33305004495a9","hash":"5237fa8b0937cef61a77a14425e6425e1e53a9a2"}
,"D:\\proyectomgafrontend\\src\\components\\index.js": {"path":"D:\\proyectomgafrontend\\src\\components\\index.js","statementMap":{},"fnMap":{},"branchMap":{},"s":{},"f":{},"b":{},"_coverageSchema":"1a1c01bbd47fc00a2c39e90264f33305004495a9","hash":"63d4f07e63eacb5b31ab4ad64ddf22ae9987c340"}
,"D:\\proyectomgafrontend\\src\\components\\BottomTabNavigation\\BottomTabNavigation.jsx": {"path":"D:\\proyectomgafrontend\\src\\components\\BottomTabNavigation\\BottomTabNavigation.jsx","statementMap":{"0":{"start":{"line":20,"column":28},"end":{"line":68,"column":1}},"1":{"start":{"line":23,"column":17},"end":{"line":45,"column":3}},"2":{"start":{"line":24,"column":22},"end":{"line":24,"column":61}},"3":{"start":{"line":25,"column":4},"end":{"line":44,"column":5}},"4":{"start":{"line":27,"column":8},"end":{"line":27,"column":71}},"5":{"start":{"line":29,"column":8},"end":{"line":29,"column":72}},"6":{"start":{"line":31,"column":8},"end":{"line":31,"column":74}},"7":{"start":{"line":33,"column":8},"end":{"line":33,"column":71}},"8":{"start":{"line":35,"column":8},"end":{"line":35,"column":69}},"9":{"start":{"line":37,"column":8},"end":{"line":37,"column":85}},"10":{"start":{"line":39,"column":8},"end":{"line":39,"column":75}},"11":{"start":{"line":41,"column":8},"end":{"line":41,"column":76}},"12":{"start":{"line":43,"column":8},"end":{"line":43,"column":19}},"13":{"start":{"line":47,"column":2},"end":{"line":67,"column":3}},"14":{"start":{"line":51,"column":10},"end":{"line":63,"column":29}},"15":{"start":{"line":57,"column":27},"end":{"line":57,"column":57}},"16":{"start":{"line":70,"column":0},"end":{"line":82,"column":1}}},"fnMap":{"0":{"name":"(anonymous_0)","decl":{"start":{"line":20,"column":28},"end":{"line":20,"column":29}},"loc":{"start":{"line":22,"column":6},"end":{"line":68,"column":1}},"line":22},"1":{"name":"(anonymous_1)","decl":{"start":{"line":23,"column":17},"end":{"line":23,"column":18}},"loc":{"start":{"line":23,"column":33},"end":{"line":45,"column":3}},"line":23},"2":{"name":"(anonymous_2)","decl":{"start":{"line":50,"column":18},"end":{"line":50,"column":19}},"loc":{"start":{"line":51,"column":10},"end":{"line":63,"column":29}},"line":51},"3":{"name":"(anonymous_3)","decl":{"start":{"line":57,"column":21},"end":{"line":57,"column":22}},"loc":{"start":{"line":57,"column":27},"end":{"line":57,"column":57}},"line":57}},"branchMap":{"0":{"loc":{"start":{"line":24,"column":22},"end":{"line":24,"column":61}},"type":"cond-expr","locations":[{"start":{"line":24,"column":44},"end":{"line":24,"column":51}},{"start":{"line":24,"column":54},"end":{"line":24,"column":61}}],"line":24},"1":{"loc":{"start":{"line":25,"column":4},"end":{"line":44,"column":5}},"type":"switch","locations":[{"start":{"line":26,"column":6},"end":{"line":27,"column":71}},{"start":{"line":28,"column":6},"end":{"line":29,"column":72}},{"start":{"line":30,"column":6},"end":{"line":31,"column":74}},{"start":{"line":32,"column":6},"end":{"line":33,"column":71}},{"start":{"line":34,"column":6},"end":{"line":35,"column":69}},{"start":{"line":36,"column":6},"end":{"line":37,"column":85}},{"start":{"line":38,"column":6},"end":{"line":39,"column":75}},{"start":{"line":40,"column":6},"end":{"line":41,"column":76}},{"start":{"line":42,"column":6},"end":{"line":43,"column":19}}],"line":25},"2":{"loc":{"start":{"line":55,"column":14},"end":{"line":55,"column":59}},"type":"cond-expr","locations":[{"start":{"line":55,"column":36},"end":{"line":55,"column":52}},{"start":{"line":55,"column":55},"end":{"line":55,"column":59}}],"line":55},"3":{"loc":{"start":{"line":60,"column":42},"end":{"line":60,"column":91}},"type":"cond-expr","locations":[{"start":{"line":60,"column":64},"end":{"line":60,"column":84}},{"start":{"line":60,"column":87},"end":{"line":60,"column":91}}],"line":60}},"s":{"0":4,"1":2,"2":8,"3":8,"4":2,"5":0,"6":0,"7":0,"8":4,"9":0,"10":0,"11":2,"12":0,"13":2,"14":8,"15":0,"16":4},"f":{"0":2,"1":8,"2":8,"3":0},"b":{"0":[2,6],"1":[2,0,0,0,4,0,0,2,0],"2":[2,6],"3":[2,6]},"_coverageSchema":"1a1c01bbd47fc00a2c39e90264f33305004495a9","hash":"9726c4389e921467fbfd1406a868c55cc643d143"}
,"D:\\proyectomgafrontend\\src\\components\\BottomTabNavigation\\index.js": {"path":"D:\\proyectomgafrontend\\src\\components\\BottomTabNavigation\\index.js","statementMap":{},"fnMap":{},"branchMap":{},"s":{},"f":{},"b":{},"_coverageSchema":"1a1c01bbd47fc00a2c39e90264f33305004495a9","hash":"b5b277b496ebe0dc713c6ebbcaa56fb9cf760a3f"}
,"D:\\proyectomgafrontend\\src\\components\\BottomTabNavigation\\styles.js": {"path":"D:\\proyectomgafrontend\\src\\components\\BottomTabNavigation\\styles.js","statementMap":{"0":{"start":{"line":3,"column":20},"end":{"line":3,"column":50}},"1":{"start":{"line":5,"column":15},"end":{"line":38,"column":2}}},"fnMap":{},"branchMap":{},"s":{"0":4,"1":4},"f":{},"b":{},"_coverageSchema":"1a1c01bbd47fc00a2c39e90264f33305004495a9","hash":"0701b4cd4166c56df0a788f0cc223b153ec0e788"}
,"D:\\proyectomgafrontend\\src\\components\\CardAssignment\\CardAssignment.jsx": {"path":"D:\\proyectomgafrontend\\src\\components\\CardAssignment\\CardAssignment.jsx","statementMap":{"0":{"start":{"line":14,"column":23},"end":{"line":145,"column":1}},"1":{"start":{"line":17,"column":25},"end":{"line":17,"column":56}},"2":{"start":{"line":18,"column":42},"end":{"line":18,"column":57}},"3":{"start":{"line":19,"column":32},"end":{"line":19,"column":42}},"4":{"start":{"line":20,"column":38},"end":{"line":20,"column":48}},"5":{"start":{"line":21,"column":38},"end":{"line":21,"column":46}},"6":{"start":{"line":22,"column":22},"end":{"line":22,"column":49}},"7":{"start":{"line":24,"column":30},"end":{"line":32,"column":3}},"8":{"start":{"line":25,"column":4},"end":{"line":31,"column":5}},"9":{"start":{"line":27,"column":6},"end":{"line":27,"column":49}},"10":{"start":{"line":30,"column":6},"end":{"line":30,"column":64}},"11":{"start":{"line":34,"column":32},"end":{"line":38,"column":3}},"12":{"start":{"line":37,"column":4},"end":{"line":37,"column":23}},"13":{"start":{"line":40,"column":2},"end":{"line":42,"column":15}},"14":{"start":{"line":41,"column":4},"end":{"line":41,"column":42}},"15":{"start":{"line":44,"column":2},"end":{"line":50,"column":16}},"16":{"start":{"line":45,"column":4},"end":{"line":49,"column":5}},"17":{"start":{"line":46,"column":6},"end":{"line":48,"column":7}},"18":{"start":{"line":47,"column":8},"end":{"line":47,"column":33}},"19":{"start":{"line":52,"column":2},"end":{"line":54,"column":8}},"20":{"start":{"line":53,"column":4},"end":{"line":53,"column":25}},"21":{"start":{"line":56,"column":20},"end":{"line":62,"column":3}},"22":{"start":{"line":57,"column":4},"end":{"line":61,"column":14}},"23":{"start":{"line":64,"column":21},"end":{"line":70,"column":3}},"24":{"start":{"line":65,"column":4},"end":{"line":69,"column":14}},"25":{"start":{"line":72,"column":22},"end":{"line":74,"column":3}},"26":{"start":{"line":73,"column":4},"end":{"line":73,"column":25}},"27":{"start":{"line":76,"column":21},"end":{"line":78,"column":3}},"28":{"start":{"line":77,"column":4},"end":{"line":77,"column":26}},"29":{"start":{"line":80,"column":2},"end":{"line":144,"column":3}},"30":{"start":{"line":92,"column":16},"end":{"line":94,"column":23}},"31":{"start":{"line":99,"column":16},"end":{"line":101,"column":23}},"32":{"start":{"line":112,"column":10},"end":{"line":112,"column":40}},"33":{"start":{"line":147,"column":0},"end":{"line":153,"column":1}},"34":{"start":{"line":155,"column":0},"end":{"line":158,"column":1}}},"fnMap":{"0":{"name":"(anonymous_0)","decl":{"start":{"line":14,"column":23},"end":{"line":14,"column":24}},"loc":{"start":{"line":16,"column":6},"end":{"line":145,"column":1}},"line":16},"1":{"name":"(anonymous_1)","decl":{"start":{"line":24,"column":30},"end":{"line":24,"column":31}},"loc":{"start":{"line":24,"column":36},"end":{"line":32,"column":3}},"line":24},"2":{"name":"(anonymous_2)","decl":{"start":{"line":34,"column":32},"end":{"line":34,"column":33}},"loc":{"start":{"line":34,"column":40},"end":{"line":38,"column":3}},"line":34},"3":{"name":"(anonymous_3)","decl":{"start":{"line":40,"column":12},"end":{"line":40,"column":13}},"loc":{"start":{"line":40,"column":18},"end":{"line":42,"column":3}},"line":40},"4":{"name":"(anonymous_4)","decl":{"start":{"line":44,"column":12},"end":{"line":44,"column":13}},"loc":{"start":{"line":44,"column":18},"end":{"line":50,"column":3}},"line":44},"5":{"name":"(anonymous_5)","decl":{"start":{"line":52,"column":12},"end":{"line":52,"column":13}},"loc":{"start":{"line":52,"column":18},"end":{"line":54,"column":3}},"line":52},"6":{"name":"(anonymous_6)","decl":{"start":{"line":56,"column":20},"end":{"line":56,"column":21}},"loc":{"start":{"line":56,"column":26},"end":{"line":62,"column":3}},"line":56},"7":{"name":"(anonymous_7)","decl":{"start":{"line":64,"column":21},"end":{"line":64,"column":22}},"loc":{"start":{"line":64,"column":27},"end":{"line":70,"column":3}},"line":64},"8":{"name":"(anonymous_8)","decl":{"start":{"line":72,"column":22},"end":{"line":72,"column":23}},"loc":{"start":{"line":72,"column":28},"end":{"line":74,"column":3}},"line":72},"9":{"name":"(anonymous_9)","decl":{"start":{"line":76,"column":21},"end":{"line":76,"column":22}},"loc":{"start":{"line":76,"column":27},"end":{"line":78,"column":3}},"line":76},"10":{"name":"(anonymous_10)","decl":{"start":{"line":91,"column":32},"end":{"line":91,"column":33}},"loc":{"start":{"line":92,"column":16},"end":{"line":94,"column":23}},"line":92},"11":{"name":"(anonymous_11)","decl":{"start":{"line":98,"column":48},"end":{"line":98,"column":49}},"loc":{"start":{"line":99,"column":16},"end":{"line":101,"column":23}},"line":99},"12":{"name":"(anonymous_12)","decl":{"start":{"line":111,"column":24},"end":{"line":111,"column":25}},"loc":{"start":{"line":111,"column":30},"end":{"line":113,"column":9}},"line":111}},"branchMap":{"0":{"loc":{"start":{"line":45,"column":4},"end":{"line":49,"column":5}},"type":"if","locations":[{"start":{"line":45,"column":4},"end":{"line":49,"column":5}},{"start":{},"end":{}}],"line":45},"1":{"loc":{"start":{"line":45,"column":8},"end":{"line":45,"column":61}},"type":"binary-expr","locations":[{"start":{"line":45,"column":8},"end":{"line":45,"column":35}},{"start":{"line":45,"column":39},"end":{"line":45,"column":61}}],"line":45},"2":{"loc":{"start":{"line":46,"column":6},"end":{"line":48,"column":7}},"type":"if","locations":[{"start":{"line":46,"column":6},"end":{"line":48,"column":7}},{"start":{},"end":{}}],"line":46}},"s":{"0":4,"1":1,"2":1,"3":1,"4":1,"5":1,"6":1,"7":1,"8":0,"9":0,"10":0,"11":1,"12":0,"13":1,"14":1,"15":1,"16":1,"17":0,"18":0,"19":1,"20":0,"21":1,"22":0,"23":1,"24":0,"25":1,"26":0,"27":1,"28":0,"29":1,"30":3,"31":3,"32":0,"33":4,"34":4},"f":{"0":1,"1":0,"2":0,"3":1,"4":1,"5":0,"6":0,"7":0,"8":0,"9":0,"10":3,"11":3,"12":0},"b":{"0":[0,0],"1":[1,0],"2":[0,0]},"_coverageSchema":"1a1c01bbd47fc00a2c39e90264f33305004495a9","hash":"d2ac81575025ac84986800c458aa3d2f02f2471e"}
,"D:\\proyectomgafrontend\\src\\components\\CardAssignment\\index.js": {"path":"D:\\proyectomgafrontend\\src\\components\\CardAssignment\\index.js","statementMap":{},"fnMap":{},"branchMap":{},"s":{},"f":{},"b":{},"_coverageSchema":"1a1c01bbd47fc00a2c39e90264f33305004495a9","hash":"4961252e35dc7e6e85e6564f38d726864f3b15fb"}
,"D:\\proyectomgafrontend\\src\\components\\CardAssignment\\styles.js": {"path":"D:\\proyectomgafrontend\\src\\components\\CardAssignment\\styles.js","statementMap":{"0":{"start":{"line":4,"column":20},"end":{"line":4,"column":50}},"1":{"start":{"line":6,"column":15},"end":{"line":116,"column":2}}},"fnMap":{},"branchMap":{},"s":{"0":4,"1":4},"f":{},"b":{},"_coverageSchema":"1a1c01bbd47fc00a2c39e90264f33305004495a9","hash":"588c154e8dd4eabc26415ea0bceabf089c2e300d"}
,"D:\\proyectomgafrontend\\src\\components\\CardGalera\\CardGalera.jsx": {"path":"D:\\proyectomgafrontend\\src\\components\\CardGalera\\CardGalera.jsx","statementMap":{"0":{"start":{"line":8,"column":19},"end":{"line":95,"column":1}},"1":{"start":{"line":11,"column":25},"end":{"line":11,"column":56}},"2":{"start":{"line":12,"column":23},"end":{"line":12,"column":54}},"3":{"start":{"line":13,"column":22},"end":{"line":13,"column":49}},"4":{"start":{"line":15,"column":20},"end":{"line":20,"column":3}},"5":{"start":{"line":16,"column":4},"end":{"line":19,"column":14}},"6":{"start":{"line":22,"column":21},"end":{"line":27,"column":3}},"7":{"start":{"line":23,"column":4},"end":{"line":26,"column":14}},"8":{"start":{"line":29,"column":2},"end":{"line":58,"column":41}},"9":{"start":{"line":30,"column":4},"end":{"line":57,"column":5}},"10":{"start":{"line":31,"column":6},"end":{"line":42,"column":16}},"11":{"start":{"line":44,"column":6},"end":{"line":47,"column":16}},"12":{"start":{"line":49,"column":6},"end":{"line":52,"column":16}},"13":{"start":{"line":53,"column":6},"end":{"line":56,"column":16}},"14":{"start":{"line":60,"column":2},"end":{"line":94,"column":3}},"15":{"start":{"line":63,"column":8},"end":{"line":65,"column":9}},"16":{"start":{"line":64,"column":10},"end":{"line":64,"column":45}},"17":{"start":{"line":97,"column":0},"end":{"line":103,"column":1}},"18":{"start":{"line":105,"column":0},"end":{"line":110,"column":1}}},"fnMap":{"0":{"name":"(anonymous_0)","decl":{"start":{"line":8,"column":19},"end":{"line":8,"column":20}},"loc":{"start":{"line":10,"column":6},"end":{"line":95,"column":1}},"line":10},"1":{"name":"(anonymous_1)","decl":{"start":{"line":15,"column":20},"end":{"line":15,"column":21}},"loc":{"start":{"line":15,"column":26},"end":{"line":20,"column":3}},"line":15},"2":{"name":"(anonymous_2)","decl":{"start":{"line":22,"column":21},"end":{"line":22,"column":22}},"loc":{"start":{"line":22,"column":27},"end":{"line":27,"column":3}},"line":22},"3":{"name":"(anonymous_3)","decl":{"start":{"line":29,"column":12},"end":{"line":29,"column":13}},"loc":{"start":{"line":29,"column":18},"end":{"line":58,"column":3}},"line":29},"4":{"name":"(anonymous_4)","decl":{"start":{"line":62,"column":15},"end":{"line":62,"column":16}},"loc":{"start":{"line":62,"column":21},"end":{"line":66,"column":7}},"line":62}},"branchMap":{"0":{"loc":{"start":{"line":30,"column":4},"end":{"line":57,"column":5}},"type":"if","locations":[{"start":{"line":30,"column":4},"end":{"line":57,"column":5}},{"start":{"line":48,"column":11},"end":{"line":57,"column":5}}],"line":30},"1":{"loc":{"start":{"line":63,"column":8},"end":{"line":65,"column":9}},"type":"if","locations":[{"start":{"line":63,"column":8},"end":{"line":65,"column":9}},{"start":{},"end":{}}],"line":63},"2":{"loc":{"start":{"line":86,"column":11},"end":{"line":90,"column":11}},"type":"cond-expr","locations":[{"start":{"line":87,"column":12},"end":{"line":87,"column":87}},{"start":{"line":89,"column":12},"end":{"line":89,"column":75}}],"line":86}},"s":{"0":5,"1":4,"2":4,"3":4,"4":4,"5":0,"6":4,"7":0,"8":4,"9":4,"10":1,"11":1,"12":3,"13":3,"14":4,"15":2,"16":1,"17":5,"18":5},"f":{"0":4,"1":0,"2":0,"3":4,"4":2},"b":{"0":[1,3],"1":[1,1],"2":[1,3]},"_coverageSchema":"1a1c01bbd47fc00a2c39e90264f33305004495a9","hash":"cbcd6ddf5e756d5d0f1f6d832f015cb6a6a7ab18"}
,"D:\\proyectomgafrontend\\src\\components\\CardGalera\\index.js": {"path":"D:\\proyectomgafrontend\\src\\components\\CardGalera\\index.js","statementMap":{},"fnMap":{},"branchMap":{},"s":{},"f":{},"b":{},"_coverageSchema":"1a1c01bbd47fc00a2c39e90264f33305004495a9","hash":"ff97bad073e73010281dfbb0e73fc5f943b47fe6"}
,"D:\\proyectomgafrontend\\src\\components\\CardGalera\\styles.js": {"path":"D:\\proyectomgafrontend\\src\\components\\CardGalera\\styles.js","statementMap":{"0":{"start":{"line":4,"column":20},"end":{"line":4,"column":50}},"1":{"start":{"line":6,"column":15},"end":{"line":55,"column":2}}},"fnMap":{},"branchMap":{},"s":{"0":5,"1":5},"f":{},"b":{},"_coverageSchema":"1a1c01bbd47fc00a2c39e90264f33305004495a9","hash":"252dc5a9e7f099f87adba157b493ccb582643a8e"}
,"D:\\proyectomgafrontend\\src\\components\\CardGaleraAdmin\\CardGaleraAdmin.jsx": {"path":"D:\\proyectomgafrontend\\src\\components\\CardGaleraAdmin\\CardGaleraAdmin.jsx","statementMap":{"0":{"start":{"line":11,"column":24},"end":{"line":73,"column":1}},"1":{"start":{"line":14,"column":25},"end":{"line":14,"column":56}},"2":{"start":{"line":15,"column":22},"end":{"line":15,"column":49}},"3":{"start":{"line":17,"column":20},"end":{"line":23,"column":3}},"4":{"start":{"line":18,"column":4},"end":{"line":22,"column":14}},"5":{"start":{"line":25,"column":21},"end":{"line":31,"column":3}},"6":{"start":{"line":26,"column":4},"end":{"line":30,"column":14}},"7":{"start":{"line":33,"column":27},"end":{"line":38,"column":3}},"8":{"start":{"line":34,"column":4},"end":{"line":36,"column":5}},"9":{"start":{"line":35,"column":6},"end":{"line":35,"column":29}},"10":{"start":{"line":37,"column":4},"end":{"line":37,"column":17}},"11":{"start":{"line":40,"column":2},"end":{"line":72,"column":3}},"12":{"start":{"line":57,"column":14},"end":{"line":59,"column":21}},"13":{"start":{"line":64,"column":14},"end":{"line":66,"column":21}},"14":{"start":{"line":75,"column":0},"end":{"line":81,"column":1}},"15":{"start":{"line":83,"column":0},"end":{"line":86,"column":1}}},"fnMap":{"0":{"name":"(anonymous_0)","decl":{"start":{"line":11,"column":24},"end":{"line":11,"column":25}},"loc":{"start":{"line":13,"column":6},"end":{"line":73,"column":1}},"line":13},"1":{"name":"(anonymous_1)","decl":{"start":{"line":17,"column":20},"end":{"line":17,"column":21}},"loc":{"start":{"line":17,"column":26},"end":{"line":23,"column":3}},"line":17},"2":{"name":"(anonymous_2)","decl":{"start":{"line":25,"column":21},"end":{"line":25,"column":22}},"loc":{"start":{"line":25,"column":27},"end":{"line":31,"column":3}},"line":25},"3":{"name":"(anonymous_3)","decl":{"start":{"line":33,"column":27},"end":{"line":33,"column":28}},"loc":{"start":{"line":33,"column":36},"end":{"line":38,"column":3}},"line":33},"4":{"name":"(anonymous_4)","decl":{"start":{"line":56,"column":30},"end":{"line":56,"column":31}},"loc":{"start":{"line":57,"column":14},"end":{"line":59,"column":21}},"line":57},"5":{"name":"(anonymous_5)","decl":{"start":{"line":63,"column":46},"end":{"line":63,"column":47}},"loc":{"start":{"line":64,"column":14},"end":{"line":66,"column":21}},"line":64}},"branchMap":{"0":{"loc":{"start":{"line":34,"column":4},"end":{"line":36,"column":5}},"type":"if","locations":[{"start":{"line":34,"column":4},"end":{"line":36,"column":5}},{"start":{},"end":{}}],"line":34}},"s":{"0":5,"1":1,"2":1,"3":1,"4":0,"5":1,"6":0,"7":1,"8":1,"9":1,"10":0,"11":1,"12":2,"13":2,"14":5,"15":5},"f":{"0":1,"1":0,"2":0,"3":1,"4":2,"5":2},"b":{"0":[1,0]},"_coverageSchema":"1a1c01bbd47fc00a2c39e90264f33305004495a9","hash":"0aec4cd7cbdd7d90aaf476c679507d768bf4f116"}
,"D:\\proyectomgafrontend\\src\\components\\CardGaleraAdmin\\index.js": {"path":"D:\\proyectomgafrontend\\src\\components\\CardGaleraAdmin\\index.js","statementMap":{},"fnMap":{},"branchMap":{},"s":{},"f":{},"b":{},"_coverageSchema":"1a1c01bbd47fc00a2c39e90264f33305004495a9","hash":"cbb353b9cb31194d809c1164bfe0c383ac782d38"}
,"D:\\proyectomgafrontend\\src\\components\\CardGaleraAdmin\\styles.js": {"path":"D:\\proyectomgafrontend\\src\\components\\CardGaleraAdmin\\styles.js","statementMap":{"0":{"start":{"line":4,"column":20},"end":{"line":4,"column":50}},"1":{"start":{"line":6,"column":15},"end":{"line":66,"column":2}}},"fnMap":{},"branchMap":{},"s":{"0":5,"1":5},"f":{},"b":{},"_coverageSchema":"1a1c01bbd47fc00a2c39e90264f33305004495a9","hash":"f3fcb4a3aac37b2f286d3f005bb5def478b13399"}
,"D:\\proyectomgafrontend\\src\\components\\CardPersonal\\CardPersonal.jsx": {"path":"D:\\proyectomgafrontend\\src\\components\\CardPersonal\\CardPersonal.jsx","statementMap":{"0":{"start":{"line":12,"column":21},"end":{"line":164,"column":1}},"1":{"start":{"line":15,"column":25},"end":{"line":15,"column":56}},"2":{"start":{"line":16,"column":36},"end":{"line":16,"column":51}},"3":{"start":{"line":17,"column":22},"end":{"line":17,"column":49}},"4":{"start":{"line":19,"column":20},"end":{"line":25,"column":3}},"5":{"start":{"line":20,"column":4},"end":{"line":24,"column":14}},"6":{"start":{"line":27,"column":21},"end":{"line":33,"column":3}},"7":{"start":{"line":28,"column":4},"end":{"line":32,"column":14}},"8":{"start":{"line":35,"column":22},"end":{"line":39,"column":3}},"9":{"start":{"line":36,"column":4},"end":{"line":36,"column":29}},"10":{"start":{"line":38,"column":4},"end":{"line":38,"column":35}},"11":{"start":{"line":41,"column":2},"end":{"line":163,"column":3}},"12":{"start":{"line":87,"column":14},"end":{"line":89,"column":21}},"13":{"start":{"line":94,"column":14},"end":{"line":96,"column":21}},"14":{"start":{"line":146,"column":14},"end":{"line":148,"column":21}},"15":{"start":{"line":153,"column":14},"end":{"line":155,"column":21}},"16":{"start":{"line":167,"column":0},"end":{"line":172,"column":1}},"17":{"start":{"line":174,"column":0},"end":{"line":177,"column":1}}},"fnMap":{"0":{"name":"(anonymous_0)","decl":{"start":{"line":12,"column":21},"end":{"line":12,"column":22}},"loc":{"start":{"line":14,"column":6},"end":{"line":164,"column":1}},"line":14},"1":{"name":"(anonymous_1)","decl":{"start":{"line":19,"column":20},"end":{"line":19,"column":21}},"loc":{"start":{"line":19,"column":26},"end":{"line":25,"column":3}},"line":19},"2":{"name":"(anonymous_2)","decl":{"start":{"line":27,"column":21},"end":{"line":27,"column":22}},"loc":{"start":{"line":27,"column":27},"end":{"line":33,"column":3}},"line":27},"3":{"name":"(anonymous_3)","decl":{"start":{"line":35,"column":22},"end":{"line":35,"column":23}},"loc":{"start":{"line":35,"column":28},"end":{"line":39,"column":3}},"line":35},"4":{"name":"(anonymous_4)","decl":{"start":{"line":86,"column":30},"end":{"line":86,"column":31}},"loc":{"start":{"line":87,"column":14},"end":{"line":89,"column":21}},"line":87},"5":{"name":"(anonymous_5)","decl":{"start":{"line":93,"column":46},"end":{"line":93,"column":47}},"loc":{"start":{"line":94,"column":14},"end":{"line":96,"column":21}},"line":94},"6":{"name":"(anonymous_6)","decl":{"start":{"line":145,"column":30},"end":{"line":145,"column":31}},"loc":{"start":{"line":146,"column":14},"end":{"line":148,"column":21}},"line":146},"7":{"name":"(anonymous_7)","decl":{"start":{"line":152,"column":46},"end":{"line":152,"column":47}},"loc":{"start":{"line":153,"column":14},"end":{"line":155,"column":21}},"line":153}},"branchMap":{"0":{"loc":{"start":{"line":42,"column":2},"end":{"line":162,"column":5}},"type":"cond-expr","locations":[{"start":{"line":43,"column":4},"end":{"line":101,"column":26}},{"start":{"line":103,"column":8},"end":{"line":161,"column":33}}],"line":42},"1":{"loc":{"start":{"line":55,"column":9},"end":{"line":57,"column":9}},"type":"binary-expr","locations":[{"start":{"line":55,"column":9},"end":{"line":55,"column":18}},{"start":{"line":56,"column":10},"end":{"line":56,"column":49}}],"line":55},"2":{"loc":{"start":{"line":61,"column":13},"end":{"line":81,"column":13}},"type":"cond-expr","locations":[{"start":{"line":62,"column":14},"end":{"line":70,"column":16}},{"start":{"line":72,"column":14},"end":{"line":80,"column":16}}],"line":61},"3":{"loc":{"start":{"line":61,"column":13},"end":{"line":61,"column":33}},"type":"binary-expr","locations":[{"start":{"line":61,"column":13},"end":{"line":61,"column":16}},{"start":{"line":61,"column":20},"end":{"line":61,"column":33}}],"line":61},"4":{"loc":{"start":{"line":114,"column":9},"end":{"line":116,"column":9}},"type":"binary-expr","locations":[{"start":{"line":114,"column":9},"end":{"line":114,"column":18}},{"start":{"line":115,"column":10},"end":{"line":115,"column":49}}],"line":114},"5":{"loc":{"start":{"line":120,"column":13},"end":{"line":140,"column":13}},"type":"cond-expr","locations":[{"start":{"line":121,"column":14},"end":{"line":129,"column":16}},{"start":{"line":131,"column":14},"end":{"line":139,"column":16}}],"line":120},"6":{"loc":{"start":{"line":120,"column":13},"end":{"line":120,"column":33}},"type":"binary-expr","locations":[{"start":{"line":120,"column":13},"end":{"line":120,"column":16}},{"start":{"line":120,"column":20},"end":{"line":120,"column":33}}],"line":120}},"s":{"0":4,"1":0,"2":0,"3":0,"4":0,"5":0,"6":0,"7":0,"8":0,"9":0,"10":0,"11":0,"12":0,"13":0,"14":0,"15":0,"16":4,"17":4},"f":{"0":0,"1":0,"2":0,"3":0,"4":0,"5":0,"6":0,"7":0},"b":{"0":[0,0],"1":[0,0],"2":[0,0],"3":[0,0],"4":[0,0],"5":[0,0],"6":[0,0]},"_coverageSchema":"1a1c01bbd47fc00a2c39e90264f33305004495a9","hash":"b852f1b4dd5725f1d959667795959b5e58380a7e"}
,"D:\\proyectomgafrontend\\src\\components\\CardPersonal\\index.js": {"path":"D:\\proyectomgafrontend\\src\\components\\CardPersonal\\index.js","statementMap":{},"fnMap":{},"branchMap":{},"s":{},"f":{},"b":{},"_coverageSchema":"1a1c01bbd47fc00a2c39e90264f33305004495a9","hash":"3a6d39d1f49cd96e31c599005114766a35df198a"}
,"D:\\proyectomgafrontend\\src\\components\\CardPersonal\\styles.js": {"path":"D:\\proyectomgafrontend\\src\\components\\CardPersonal\\styles.js","statementMap":{"0":{"start":{"line":4,"column":20},"end":{"line":4,"column":50}},"1":{"start":{"line":6,"column":15},"end":{"line":87,"column":2}}},"fnMap":{},"branchMap":{},"s":{"0":4,"1":4},"f":{},"b":{},"_coverageSchema":"1a1c01bbd47fc00a2c39e90264f33305004495a9","hash":"c7342844005987edcc909e8555836afd41db569c"}
,"D:\\proyectomgafrontend\\src\\components\\CommentsComponent\\CommentsComponent.jsx": {"path":"D:\\proyectomgafrontend\\src\\components\\CommentsComponent\\CommentsComponent.jsx","statementMap":{"0":{"start":{"line":8,"column":26},"end":{"line":30,"column":1}},"1":{"start":{"line":11,"column":33},"end":{"line":13,"column":3}},"2":{"start":{"line":12,"column":4},"end":{"line":12,"column":18}},"3":{"start":{"line":15,"column":2},"end":{"line":29,"column":3}},"4":{"start":{"line":33,"column":0},"end":{"line":36,"column":1}}},"fnMap":{"0":{"name":"(anonymous_0)","decl":{"start":{"line":8,"column":26},"end":{"line":8,"column":27}},"loc":{"start":{"line":10,"column":6},"end":{"line":30,"column":1}},"line":10},"1":{"name":"(anonymous_1)","decl":{"start":{"line":11,"column":33},"end":{"line":11,"column":34}},"loc":{"start":{"line":11,"column":41},"end":{"line":13,"column":3}},"line":11}},"branchMap":{},"s":{"0":5,"1":5,"2":1,"3":5,"4":5},"f":{"0":5,"1":1},"b":{},"_coverageSchema":"1a1c01bbd47fc00a2c39e90264f33305004495a9","hash":"33bd8246c0dcfb90f39708a9d849dfdaefc3557d"}
,"D:\\proyectomgafrontend\\src\\components\\CommentsComponent\\index.js": {"path":"D:\\proyectomgafrontend\\src\\components\\CommentsComponent\\index.js","statementMap":{},"fnMap":{},"branchMap":{},"s":{},"f":{},"b":{},"_coverageSchema":"1a1c01bbd47fc00a2c39e90264f33305004495a9","hash":"2b47e6397b906b0493aed1b3e17da17aefd832e3"}
,"D:\\proyectomgafrontend\\src\\components\\CommentsComponent\\styles.js": {"path":"D:\\proyectomgafrontend\\src\\components\\CommentsComponent\\styles.js","statementMap":{"0":{"start":{"line":3,"column":20},"end":{"line":3,"column":50}},"1":{"start":{"line":5,"column":15},"end":{"line":48,"column":2}}},"fnMap":{},"branchMap":{},"s":{"0":5,"1":5},"f":{},"b":{},"_coverageSchema":"1a1c01bbd47fc00a2c39e90264f33305004495a9","hash":"3dcab6ad38844ef3b49af8f3c5c20e5aeb0f3fc9"}
,"D:\\proyectomgafrontend\\src\\components\\HeaderComponent\\HeaderComponent.jsx": {"path":"D:\\proyectomgafrontend\\src\\components\\HeaderComponent\\HeaderComponent.jsx","statementMap":{"0":{"start":{"line":6,"column":24},"end":{"line":42,"column":1}},"1":{"start":{"line":9,"column":25},"end":{"line":11,"column":3}},"2":{"start":{"line":10,"column":4},"end":{"line":10,"column":25}},"3":{"start":{"line":12,"column":2},"end":{"line":41,"column":3}},"4":{"start":{"line":17,"column":10},"end":{"line":37,"column":29}},"5":{"start":{"line":27,"column":27},"end":{"line":27,"column":49}},"6":{"start":{"line":44,"column":0},"end":{"line":49,"column":1}},"7":{"start":{"line":51,"column":0},"end":{"line":53,"column":1}}},"fnMap":{"0":{"name":"(anonymous_0)","decl":{"start":{"line":6,"column":24},"end":{"line":6,"column":25}},"loc":{"start":{"line":8,"column":6},"end":{"line":42,"column":1}},"line":8},"1":{"name":"(anonymous_1)","decl":{"start":{"line":9,"column":25},"end":{"line":9,"column":26}},"loc":{"start":{"line":9,"column":36},"end":{"line":11,"column":3}},"line":9},"2":{"name":"(anonymous_2)","decl":{"start":{"line":16,"column":26},"end":{"line":16,"column":27}},"loc":{"start":{"line":17,"column":10},"end":{"line":37,"column":29}},"line":17},"3":{"name":"(anonymous_3)","decl":{"start":{"line":27,"column":21},"end":{"line":27,"column":22}},"loc":{"start":{"line":27,"column":27},"end":{"line":27,"column":49}},"line":27}},"branchMap":{"0":{"loc":{"start":{"line":24,"column":14},"end":{"line":24,"column":66}},"type":"cond-expr","locations":[{"start":{"line":24,"column":37},"end":{"line":24,"column":59}},{"start":{"line":24,"column":62},"end":{"line":24,"column":66}}],"line":24},"1":{"loc":{"start":{"line":32,"column":16},"end":{"line":32,"column":72}},"type":"cond-expr","locations":[{"start":{"line":32,"column":39},"end":{"line":32,"column":65}},{"start":{"line":32,"column":68},"end":{"line":32,"column":72}}],"line":32},"2":{"loc":{"start":{"line":35,"column":15},"end":{"line":35,"column":56}},"type":"cond-expr","locations":[{"start":{"line":35,"column":30},"end":{"line":35,"column":49}},{"start":{"line":35,"column":52},"end":{"line":35,"column":56}}],"line":35}},"s":{"0":5,"1":3,"2":1,"3":3,"4":8,"5":1,"6":5,"7":5},"f":{"0":3,"1":1,"2":8,"3":1},"b":{"0":[2,6],"1":[2,6],"2":[8,0]},"_coverageSchema":"1a1c01bbd47fc00a2c39e90264f33305004495a9","hash":"aaf2c7b47cbc8481b6209ed6b118fcb8b2905d6a"}
,"D:\\proyectomgafrontend\\src\\components\\HeaderComponent\\index.js": {"path":"D:\\proyectomgafrontend\\src\\components\\HeaderComponent\\index.js","statementMap":{},"fnMap":{},"branchMap":{},"s":{},"f":{},"b":{},"_coverageSchema":"1a1c01bbd47fc00a2c39e90264f33305004495a9","hash":"0cdc321ff29ce1a3fb65d40348211082084ec310"}
,"D:\\proyectomgafrontend\\src\\components\\HeaderComponent\\styles.js": {"path":"D:\\proyectomgafrontend\\src\\components\\HeaderComponent\\styles.js","statementMap":{"0":{"start":{"line":4,"column":18},"end":{"line":4,"column":42}},"1":{"start":{"line":5,"column":30},"end":{"line":5,"column":37}},"2":{"start":{"line":7,"column":15},"end":{"line":59,"column":2}}},"fnMap":{},"branchMap":{},"s":{"0":5,"1":5,"2":5},"f":{},"b":{},"_coverageSchema":"1a1c01bbd47fc00a2c39e90264f33305004495a9","hash":"8dee5ba43ebf2b13fd837ffbc75756dcc5ed6de8"}
,"D:\\proyectomgafrontend\\src\\components\\HeaderCreation\\HeaderCreation.jsx": {"path":"D:\\proyectomgafrontend\\src\\components\\HeaderCreation\\HeaderCreation.jsx","statementMap":{"0":{"start":{"line":10,"column":20},"end":{"line":10,"column":50}},"1":{"start":{"line":13,"column":23},"end":{"line":41,"column":1}},"2":{"start":{"line":14,"column":21},"end":{"line":14,"column":36}},"3":{"start":{"line":16,"column":2},"end":{"line":40,"column":3}},"4":{"start":{"line":20,"column":27},"end":{"line":20,"column":46}},"5":{"start":{"line":44,"column":0},"end":{"line":46,"column":1}}},"fnMap":{"0":{"name":"(anonymous_0)","decl":{"start":{"line":13,"column":23},"end":{"line":13,"column":24}},"loc":{"start":{"line":13,"column":39},"end":{"line":41,"column":1}},"line":13},"1":{"name":"(anonymous_1)","decl":{"start":{"line":20,"column":19},"end":{"line":20,"column":20}},"loc":{"start":{"line":20,"column":25},"end":{"line":20,"column":48}},"line":20}},"branchMap":{},"s":{"0":4,"1":4,"2":2,"3":2,"4":0,"5":4},"f":{"0":2,"1":0},"b":{},"_coverageSchema":"1a1c01bbd47fc00a2c39e90264f33305004495a9","hash":"819b86cc64ad2e759dad1b53502e8759725204ed"}
,"D:\\proyectomgafrontend\\src\\components\\HeaderCreation\\index.js": {"path":"D:\\proyectomgafrontend\\src\\components\\HeaderCreation\\index.js","statementMap":{},"fnMap":{},"branchMap":{},"s":{},"f":{},"b":{},"_coverageSchema":"1a1c01bbd47fc00a2c39e90264f33305004495a9","hash":"13272fe880740e1079814bbe5008b4e7ef8c4370"}
,"D:\\proyectomgafrontend\\src\\components\\HeaderCreation\\styles.js": {"path":"D:\\proyectomgafrontend\\src\\components\\HeaderCreation\\styles.js","statementMap":{"0":{"start":{"line":4,"column":20},"end":{"line":4,"column":50}},"1":{"start":{"line":6,"column":15},"end":{"line":62,"column":2}}},"fnMap":{},"branchMap":{},"s":{"0":4,"1":4},"f":{},"b":{},"_coverageSchema":"1a1c01bbd47fc00a2c39e90264f33305004495a9","hash":"e38ad2905d552113a924657365a19354b0522561"}
,"D:\\proyectomgafrontend\\src\\components\\HeaderGallery\\HeaderGallery.jsx": {"path":"D:\\proyectomgafrontend\\src\\components\\HeaderGallery\\HeaderGallery.jsx","statementMap":{"0":{"start":{"line":8,"column":20},"end":{"line":8,"column":50}},"1":{"start":{"line":10,"column":22},"end":{"line":57,"column":1}},"2":{"start":{"line":13,"column":25},"end":{"line":15,"column":3}},"3":{"start":{"line":14,"column":4},"end":{"line":14,"column":25}},"4":{"start":{"line":17,"column":28},"end":{"line":17,"column":63}},"5":{"start":{"line":17,"column":45},"end":{"line":17,"column":63}},"6":{"start":{"line":19,"column":25},"end":{"line":22,"column":3}},"7":{"start":{"line":20,"column":24},"end":{"line":20,"column":50}},"8":{"start":{"line":21,"column":4},"end":{"line":21,"column":22}},"9":{"start":{"line":24,"column":2},"end":{"line":56,"column":3}},"10":{"start":{"line":30,"column":12},"end":{"line":51,"column":31}},"11":{"start":{"line":39,"column":29},"end":{"line":39,"column":49}},"12":{"start":{"line":59,"column":0},"end":{"line":64,"column":1}},"13":{"start":{"line":67,"column":0},"end":{"line":70,"column":1}}},"fnMap":{"0":{"name":"(anonymous_0)","decl":{"start":{"line":10,"column":22},"end":{"line":10,"column":23}},"loc":{"start":{"line":12,"column":6},"end":{"line":57,"column":1}},"line":12},"1":{"name":"(anonymous_1)","decl":{"start":{"line":13,"column":25},"end":{"line":13,"column":26}},"loc":{"start":{"line":13,"column":36},"end":{"line":15,"column":3}},"line":13},"2":{"name":"(anonymous_2)","decl":{"start":{"line":17,"column":28},"end":{"line":17,"column":29}},"loc":{"start":{"line":17,"column":45},"end":{"line":17,"column":63}},"line":17},"3":{"name":"(anonymous_3)","decl":{"start":{"line":19,"column":25},"end":{"line":19,"column":26}},"loc":{"start":{"line":19,"column":31},"end":{"line":22,"column":3}},"line":19},"4":{"name":"(anonymous_4)","decl":{"start":{"line":29,"column":21},"end":{"line":29,"column":22}},"loc":{"start":{"line":30,"column":12},"end":{"line":51,"column":31}},"line":30},"5":{"name":"(anonymous_5)","decl":{"start":{"line":39,"column":23},"end":{"line":39,"column":24}},"loc":{"start":{"line":39,"column":29},"end":{"line":39,"column":49}},"line":39},"6":{"name":"(anonymous_6)","decl":{"start":{"line":69,"column":16},"end":{"line":69,"column":17}},"loc":{"start":{"line":69,"column":22},"end":{"line":69,"column":24}},"line":69}},"branchMap":{"0":{"loc":{"start":{"line":27,"column":7},"end":{"line":54,"column":7}},"type":"binary-expr","locations":[{"start":{"line":27,"column":7},"end":{"line":27,"column":23}},{"start":{"line":28,"column":8},"end":{"line":53,"column":15}}],"line":27},"1":{"loc":{"start":{"line":35,"column":16},"end":{"line":35,"column":66}},"type":"cond-expr","locations":[{"start":{"line":35,"column":37},"end":{"line":35,"column":59}},{"start":{"line":35,"column":62},"end":{"line":35,"column":66}}],"line":35},"2":{"loc":{"start":{"line":44,"column":18},"end":{"line":44,"column":72}},"type":"cond-expr","locations":[{"start":{"line":44,"column":39},"end":{"line":44,"column":65}},{"start":{"line":44,"column":68},"end":{"line":44,"column":72}}],"line":44}},"s":{"0":5,"1":5,"2":2,"3":1,"4":2,"5":6,"6":2,"7":6,"8":6,"9":2,"10":6,"11":1,"12":5,"13":5},"f":{"0":2,"1":1,"2":6,"3":6,"4":6,"5":1,"6":0},"b":{"0":[2,2],"1":[2,4],"2":[2,4]},"_coverageSchema":"1a1c01bbd47fc00a2c39e90264f33305004495a9","hash":"7c2546581a7e8bb0148610606af4091384188325"}
,"D:\\proyectomgafrontend\\src\\components\\HeaderGallery\\index.js": {"path":"D:\\proyectomgafrontend\\src\\components\\HeaderGallery\\index.js","statementMap":{},"fnMap":{},"branchMap":{},"s":{},"f":{},"b":{},"_coverageSchema":"1a1c01bbd47fc00a2c39e90264f33305004495a9","hash":"c888622962ad6fb6b4324beabb4e6a1fbc781217"}
,"D:\\proyectomgafrontend\\src\\components\\HeaderGallery\\styles.js": {"path":"D:\\proyectomgafrontend\\src\\components\\HeaderGallery\\styles.js","statementMap":{"0":{"start":{"line":4,"column":20},"end":{"line":4,"column":50}},"1":{"start":{"line":6,"column":15},"end":{"line":56,"column":2}}},"fnMap":{},"branchMap":{},"s":{"0":5,"1":5},"f":{},"b":{},"_coverageSchema":"1a1c01bbd47fc00a2c39e90264f33305004495a9","hash":"f1127c438a7b58fce77f9988e3266d0214bac9a7"}
,"D:\\proyectomgafrontend\\src\\components\\HeaderInformation\\HeaderInformation.jsx": {"path":"D:\\proyectomgafrontend\\src\\components\\HeaderInformation\\HeaderInformation.jsx","statementMap":{"0":{"start":{"line":8,"column":26},"end":{"line":54,"column":1}},"1":{"start":{"line":11,"column":25},"end":{"line":13,"column":3}},"2":{"start":{"line":12,"column":4},"end":{"line":12,"column":25}},"3":{"start":{"line":14,"column":21},"end":{"line":14,"column":39}},"4":{"start":{"line":15,"column":2},"end":{"line":53,"column":3}},"5":{"start":{"line":20,"column":10},"end":{"line":49,"column":29}},"6":{"start":{"line":30,"column":14},"end":{"line":36,"column":15}},"7":{"start":{"line":32,"column":16},"end":{"line":32,"column":92}},"8":{"start":{"line":33,"column":16},"end":{"line":33,"column":41}},"9":{"start":{"line":35,"column":16},"end":{"line":35,"column":36}},"10":{"start":{"line":56,"column":0},"end":{"line":66,"column":1}},"11":{"start":{"line":68,"column":0},"end":{"line":71,"column":1}}},"fnMap":{"0":{"name":"(anonymous_0)","decl":{"start":{"line":8,"column":26},"end":{"line":8,"column":27}},"loc":{"start":{"line":10,"column":6},"end":{"line":54,"column":1}},"line":10},"1":{"name":"(anonymous_1)","decl":{"start":{"line":11,"column":25},"end":{"line":11,"column":26}},"loc":{"start":{"line":11,"column":36},"end":{"line":13,"column":3}},"line":11},"2":{"name":"(anonymous_2)","decl":{"start":{"line":19,"column":19},"end":{"line":19,"column":20}},"loc":{"start":{"line":20,"column":10},"end":{"line":49,"column":29}},"line":20},"3":{"name":"(anonymous_3)","decl":{"start":{"line":29,"column":21},"end":{"line":29,"column":22}},"loc":{"start":{"line":29,"column":27},"end":{"line":37,"column":13}},"line":29}},"branchMap":{"0":{"loc":{"start":{"line":25,"column":14},"end":{"line":25,"column":64}},"type":"cond-expr","locations":[{"start":{"line":25,"column":35},"end":{"line":25,"column":57}},{"start":{"line":25,"column":60},"end":{"line":25,"column":64}}],"line":25},"1":{"loc":{"start":{"line":30,"column":14},"end":{"line":36,"column":15}},"type":"if","locations":[{"start":{"line":30,"column":14},"end":{"line":36,"column":15}},{"start":{"line":34,"column":21},"end":{"line":36,"column":15}}],"line":30},"2":{"loc":{"start":{"line":42,"column":16},"end":{"line":42,"column":70}},"type":"cond-expr","locations":[{"start":{"line":42,"column":37},"end":{"line":42,"column":63}},{"start":{"line":42,"column":66},"end":{"line":42,"column":70}}],"line":42},"3":{"loc":{"start":{"line":45,"column":15},"end":{"line":45,"column":56}},"type":"cond-expr","locations":[{"start":{"line":45,"column":30},"end":{"line":45,"column":49}},{"start":{"line":45,"column":52},"end":{"line":45,"column":56}}],"line":45},"4":{"loc":{"start":{"line":47,"column":15},"end":{"line":47,"column":48}},"type":"cond-expr","locations":[{"start":{"line":47,"column":26},"end":{"line":47,"column":41}},{"start":{"line":47,"column":44},"end":{"line":47,"column":48}}],"line":47}},"s":{"0":5,"1":4,"2":0,"3":4,"4":4,"5":12,"6":0,"7":0,"8":0,"9":0,"10":5,"11":5},"f":{"0":4,"1":0,"2":12,"3":0},"b":{"0":[4,8],"1":[0,0],"2":[4,8],"3":[9,3],"4":[6,6]},"_coverageSchema":"1a1c01bbd47fc00a2c39e90264f33305004495a9","hash":"384a8963bc3b53e1ae63628288433c8c2eecc72e"}
,"D:\\proyectomgafrontend\\src\\components\\HeaderInformation\\index.js": {"path":"D:\\proyectomgafrontend\\src\\components\\HeaderInformation\\index.js","statementMap":{},"fnMap":{},"branchMap":{},"s":{},"f":{},"b":{},"_coverageSchema":"1a1c01bbd47fc00a2c39e90264f33305004495a9","hash":"5565b0d05465950fa10e8b08754479c4f9b486e5"}
,"D:\\proyectomgafrontend\\src\\components\\HeaderInformation\\styles.js": {"path":"D:\\proyectomgafrontend\\src\\components\\HeaderInformation\\styles.js","statementMap":{"0":{"start":{"line":4,"column":20},"end":{"line":4,"column":50}},"1":{"start":{"line":6,"column":15},"end":{"line":57,"column":2}}},"fnMap":{},"branchMap":{},"s":{"0":5,"1":5},"f":{},"b":{},"_coverageSchema":"1a1c01bbd47fc00a2c39e90264f33305004495a9","hash":"05069d1e0b001c2d3dbcc4a29c8f06f493f9405f"}
,"D:\\proyectomgafrontend\\src\\components\\ModalComponent\\ModalComponent.jsx": {"path":"D:\\proyectomgafrontend\\src\\components\\ModalComponent\\ModalComponent.jsx","statementMap":{"0":{"start":{"line":11,"column":23},"end":{"line":53,"column":1}},"1":{"start":{"line":12,"column":42},"end":{"line":12,"column":57}},"2":{"start":{"line":14,"column":2},"end":{"line":52,"column":3}},"3":{"start":{"line":21,"column":10},"end":{"line":21,"column":47}},"4":{"start":{"line":22,"column":10},"end":{"line":22,"column":40}},"5":{"start":{"line":38,"column":29},"end":{"line":38,"column":59}},"6":{"start":{"line":47,"column":23},"end":{"line":47,"column":44}}},"fnMap":{"0":{"name":"(anonymous_0)","decl":{"start":{"line":11,"column":23},"end":{"line":11,"column":24}},"loc":{"start":{"line":11,"column":29},"end":{"line":53,"column":1}},"line":11},"1":{"name":"(anonymous_1)","decl":{"start":{"line":20,"column":24},"end":{"line":20,"column":25}},"loc":{"start":{"line":20,"column":30},"end":{"line":23,"column":9}},"line":20},"2":{"name":"(anonymous_2)","decl":{"start":{"line":38,"column":23},"end":{"line":38,"column":24}},"loc":{"start":{"line":38,"column":29},"end":{"line":38,"column":59}},"line":38},"3":{"name":"(anonymous_3)","decl":{"start":{"line":47,"column":17},"end":{"line":47,"column":18}},"loc":{"start":{"line":47,"column":23},"end":{"line":47,"column":44}},"line":47}},"branchMap":{},"s":{"0":4,"1":0,"2":0,"3":0,"4":0,"5":0,"6":0},"f":{"0":0,"1":0,"2":0,"3":0},"b":{},"_coverageSchema":"1a1c01bbd47fc00a2c39e90264f33305004495a9","hash":"a1a46a7346cb9e2762fa64463b1d114f238f8e31"}
,"D:\\proyectomgafrontend\\src\\components\\ModalComponent\\index.js": {"path":"D:\\proyectomgafrontend\\src\\components\\ModalComponent\\index.js","statementMap":{},"fnMap":{},"branchMap":{},"s":{},"f":{},"b":{},"_coverageSchema":"1a1c01bbd47fc00a2c39e90264f33305004495a9","hash":"4ce59376a79c012e8f45167102b8c5ef92db8e69"}
,"D:\\proyectomgafrontend\\src\\components\\ModalComponent\\styles.js": {"path":"D:\\proyectomgafrontend\\src\\components\\ModalComponent\\styles.js","statementMap":{"0":{"start":{"line":4,"column":20},"end":{"line":4,"column":50}},"1":{"start":{"line":6,"column":15},"end":{"line":90,"column":2}}},"fnMap":{},"branchMap":{},"s":{"0":4,"1":4},"f":{},"b":{},"_coverageSchema":"1a1c01bbd47fc00a2c39e90264f33305004495a9","hash":"e3f9e3f67339be65dce8ec75d8833fe53ded4a83"}
,"D:\\proyectomgafrontend\\src\\components\\NoInfo\\NoInfo.jsx": {"path":"D:\\proyectomgafrontend\\src\\components\\NoInfo\\NoInfo.jsx","statementMap":{"0":{"start":{"line":6,"column":15},"end":{"line":10,"column":1}},"1":{"start":{"line":7,"column":2},"end":{"line":9,"column":9}},"2":{"start":{"line":12,"column":0},"end":{"line":14,"column":1}}},"fnMap":{"0":{"name":"(anonymous_0)","decl":{"start":{"line":6,"column":15},"end":{"line":6,"column":16}},"loc":{"start":{"line":7,"column":2},"end":{"line":9,"column":9}},"line":7}},"branchMap":{},"s":{"0":4,"1":0,"2":4},"f":{"0":0},"b":{},"_coverageSchema":"1a1c01bbd47fc00a2c39e90264f33305004495a9","hash":"5b8176c1738dddcbb22aeb98abc4fa6bf5b36b20"}
,"D:\\proyectomgafrontend\\src\\components\\NoInfo\\index.js": {"path":"D:\\proyectomgafrontend\\src\\components\\NoInfo\\index.js","statementMap":{},"fnMap":{},"branchMap":{},"s":{},"f":{},"b":{},"_coverageSchema":"1a1c01bbd47fc00a2c39e90264f33305004495a9","hash":"a0b130a3e926deca82ff84c49b18243ea6136e62"}
,"D:\\proyectomgafrontend\\src\\components\\NoInfo\\styles.js": {"path":"D:\\proyectomgafrontend\\src\\components\\NoInfo\\styles.js","statementMap":{"0":{"start":{"line":5,"column":15},"end":{"line":28,"column":2}}},"fnMap":{},"branchMap":{},"s":{"0":4},"f":{},"b":{},"_coverageSchema":"1a1c01bbd47fc00a2c39e90264f33305004495a9","hash":"b65a5cffd5283c0cf081a4125a472823d3cd0b10"}
,"D:\\proyectomgafrontend\\src\\components\\SelectDate\\SelectDate.jsx": {"path":"D:\\proyectomgafrontend\\src\\components\\SelectDate\\SelectDate.jsx","statementMap":{"0":{"start":{"line":6,"column":19},"end":{"line":11,"column":1}},"1":{"start":{"line":7,"column":14},"end":{"line":7,"column":56}},"2":{"start":{"line":8,"column":16},"end":{"line":8,"column":65}},"3":{"start":{"line":9,"column":15},"end":{"line":9,"column":44}},"4":{"start":{"line":10,"column":2},"end":{"line":10,"column":34}},"5":{"start":{"line":13,"column":19},"end":{"line":27,"column":1}},"6":{"start":{"line":14,"column":24},"end":{"line":14,"column":70}},"7":{"start":{"line":15,"column":2},"end":{"line":26,"column":3}},"8":{"start":{"line":29,"column":0},"end":{"line":32,"column":1}},"9":{"start":{"line":34,"column":0},"end":{"line":36,"column":1}}},"fnMap":{"0":{"name":"(anonymous_0)","decl":{"start":{"line":6,"column":19},"end":{"line":6,"column":20}},"loc":{"start":{"line":6,"column":27},"end":{"line":11,"column":1}},"line":6},"1":{"name":"(anonymous_1)","decl":{"start":{"line":13,"column":19},"end":{"line":13,"column":20}},"loc":{"start":{"line":13,"column":50},"end":{"line":27,"column":1}},"line":13}},"branchMap":{"0":{"loc":{"start":{"line":14,"column":24},"end":{"line":14,"column":70}},"type":"cond-expr","locations":[{"start":{"line":14,"column":39},"end":{"line":14,"column":63}},{"start":{"line":14,"column":66},"end":{"line":14,"column":70}}],"line":14}},"s":{"0":5,"1":1,"2":1,"3":1,"4":1,"5":5,"6":3,"7":3,"8":5,"9":5},"f":{"0":1,"1":3},"b":{"0":[1,2]},"_coverageSchema":"1a1c01bbd47fc00a2c39e90264f33305004495a9","hash":"6bdc22f91081b5a8816393a36ccd802b40d524e5"}
,"D:\\proyectomgafrontend\\src\\components\\SelectDate\\index.js": {"path":"D:\\proyectomgafrontend\\src\\components\\SelectDate\\index.js","statementMap":{},"fnMap":{},"branchMap":{},"s":{},"f":{},"b":{},"_coverageSchema":"1a1c01bbd47fc00a2c39e90264f33305004495a9","hash":"0d5de8ff2f545dc1d5817382f20120565020329d"}
,"D:\\proyectomgafrontend\\src\\components\\SelectDate\\styles.js": {"path":"D:\\proyectomgafrontend\\src\\components\\SelectDate\\styles.js","statementMap":{"0":{"start":{"line":4,"column":20},"end":{"line":4,"column":50}},"1":{"start":{"line":6,"column":15},"end":{"line":37,"column":2}}},"fnMap":{},"branchMap":{},"s":{"0":5,"1":5},"f":{},"b":{},"_coverageSchema":"1a1c01bbd47fc00a2c39e90264f33305004495a9","hash":"f14d1e6b124b524697c8f12979ca82b66a272415"}
,"D:\\proyectomgafrontend\\src\\components\\SelectOption\\SelectOption.jsx": {"path":"D:\\proyectomgafrontend\\src\\components\\SelectOption\\SelectOption.jsx","statementMap":{"0":{"start":{"line":6,"column":21},"end":{"line":62,"column":1}},"1":{"start":{"line":9,"column":40},"end":{"line":9,"column":55}},"2":{"start":{"line":11,"column":29},"end":{"line":14,"column":3}},"3":{"start":{"line":12,"column":4},"end":{"line":12,"column":29}},"4":{"start":{"line":13,"column":4},"end":{"line":13,"column":25}},"5":{"start":{"line":15,"column":2},"end":{"line":15,"column":54}},"6":{"start":{"line":17,"column":30},"end":{"line":19,"column":3}},"7":{"start":{"line":18,"column":4},"end":{"line":18,"column":32}},"8":{"start":{"line":21,"column":24},"end":{"line":23,"column":3}},"9":{"start":{"line":26,"column":23},"end":{"line":29,"column":5}},"10":{"start":{"line":26,"column":55},"end":{"line":29,"column":3}},"11":{"start":{"line":31,"column":2},"end":{"line":61,"column":3}},"12":{"start":{"line":44,"column":29},"end":{"line":44,"column":62}},"13":{"start":{"line":49,"column":14},"end":{"line":55,"column":33}},"14":{"start":{"line":52,"column":31},"end":{"line":52,"column":57}},"15":{"start":{"line":64,"column":0},"end":{"line":75,"column":1}},"16":{"start":{"line":77,"column":0},"end":{"line":79,"column":1}}},"fnMap":{"0":{"name":"(anonymous_0)","decl":{"start":{"line":6,"column":21},"end":{"line":6,"column":22}},"loc":{"start":{"line":8,"column":6},"end":{"line":62,"column":1}},"line":8},"1":{"name":"(anonymous_1)","decl":{"start":{"line":11,"column":29},"end":{"line":11,"column":30}},"loc":{"start":{"line":11,"column":39},"end":{"line":14,"column":3}},"line":11},"2":{"name":"(anonymous_2)","decl":{"start":{"line":17,"column":30},"end":{"line":17,"column":31}},"loc":{"start":{"line":17,"column":36},"end":{"line":19,"column":3}},"line":17},"3":{"name":"(anonymous_3)","decl":{"start":{"line":26,"column":35},"end":{"line":26,"column":36}},"loc":{"start":{"line":26,"column":55},"end":{"line":29,"column":3}},"line":26},"4":{"name":"(anonymous_4)","decl":{"start":{"line":44,"column":23},"end":{"line":44,"column":24}},"loc":{"start":{"line":44,"column":29},"end":{"line":44,"column":62}},"line":44},"5":{"name":"(anonymous_5)","decl":{"start":{"line":48,"column":30},"end":{"line":48,"column":31}},"loc":{"start":{"line":49,"column":14},"end":{"line":55,"column":33}},"line":49},"6":{"name":"(anonymous_6)","decl":{"start":{"line":52,"column":25},"end":{"line":52,"column":26}},"loc":{"start":{"line":52,"column":31},"end":{"line":52,"column":57}},"line":52}},"branchMap":{"0":{"loc":{"start":{"line":34,"column":9},"end":{"line":38,"column":9}},"type":"cond-expr","locations":[{"start":{"line":35,"column":10},"end":{"line":35,"column":66}},{"start":{"line":37,"column":10},"end":{"line":37,"column":65}}],"line":34},"1":{"loc":{"start":{"line":40,"column":9},"end":{"line":58,"column":9}},"type":"binary-expr","locations":[{"start":{"line":40,"column":9},"end":{"line":40,"column":20}},{"start":{"line":41,"column":10},"end":{"line":57,"column":17}}],"line":40}},"s":{"0":5,"1":11,"2":11,"3":2,"4":2,"5":11,"6":11,"7":4,"8":11,"9":11,"10":33,"11":11,"12":1,"13":9,"14":1,"15":5,"16":5},"f":{"0":11,"1":2,"2":4,"3":33,"4":1,"5":9,"6":1},"b":{"0":[1,10],"1":[11,3]},"_coverageSchema":"1a1c01bbd47fc00a2c39e90264f33305004495a9","hash":"b3532bc3dec64b62d8f1cda87628ffba4a0c9265"}
,"D:\\proyectomgafrontend\\src\\components\\SelectOption\\index.js": {"path":"D:\\proyectomgafrontend\\src\\components\\SelectOption\\index.js","statementMap":{},"fnMap":{},"branchMap":{},"s":{},"f":{},"b":{},"_coverageSchema":"1a1c01bbd47fc00a2c39e90264f33305004495a9","hash":"f41bd060b9bf2aaa154f82b5729482e93ff69f2f"}
,"D:\\proyectomgafrontend\\src\\components\\SelectOption\\styles.js": {"path":"D:\\proyectomgafrontend\\src\\components\\SelectOption\\styles.js","statementMap":{"0":{"start":{"line":4,"column":20},"end":{"line":4,"column":50}},"1":{"start":{"line":5,"column":21},"end":{"line":5,"column":52}},"2":{"start":{"line":7,"column":15},"end":{"line":56,"column":2}}},"fnMap":{},"branchMap":{},"s":{"0":5,"1":5,"2":5},"f":{},"b":{},"_coverageSchema":"1a1c01bbd47fc00a2c39e90264f33305004495a9","hash":"c042c3027d8bfb47bdb3675460b24fcd2d31bea6"}
,"D:\\proyectomgafrontend\\src\\components\\SliderComponent\\SliderComponent.jsx": {"path":"D:\\proyectomgafrontend\\src\\components\\SliderComponent\\SliderComponent.jsx","statementMap":{"0":{"start":{"line":6,"column":24},"end":{"line":26,"column":1}},"1":{"start":{"line":7,"column":28},"end":{"line":7,"column":40}},"2":{"start":{"line":9,"column":28},"end":{"line":11,"column":3}},"3":{"start":{"line":10,"column":4},"end":{"line":10,"column":22}},"4":{"start":{"line":13,"column":2},"end":{"line":25,"column":3}}},"fnMap":{"0":{"name":"(anonymous_0)","decl":{"start":{"line":6,"column":24},"end":{"line":6,"column":25}},"loc":{"start":{"line":6,"column":30},"end":{"line":26,"column":1}},"line":6},"1":{"name":"(anonymous_1)","decl":{"start":{"line":9,"column":28},"end":{"line":9,"column":29}},"loc":{"start":{"line":9,"column":40},"end":{"line":11,"column":3}},"line":9}},"branchMap":{},"s":{"0":4,"1":0,"2":0,"3":0,"4":0},"f":{"0":0,"1":0},"b":{},"_coverageSchema":"1a1c01bbd47fc00a2c39e90264f33305004495a9","hash":"db6cc9fa1685a13f62d5cf2010183079a968c0e8"}
,"D:\\proyectomgafrontend\\src\\components\\SliderComponent\\index.js": {"path":"D:\\proyectomgafrontend\\src\\components\\SliderComponent\\index.js","statementMap":{},"fnMap":{},"branchMap":{},"s":{},"f":{},"b":{},"_coverageSchema":"1a1c01bbd47fc00a2c39e90264f33305004495a9","hash":"774de35397b9c2b7c5852d42aa542f0ca009333f"}
,"D:\\proyectomgafrontend\\src\\components\\SliderComponent\\styles.js": {"path":"D:\\proyectomgafrontend\\src\\components\\SliderComponent\\styles.js","statementMap":{"0":{"start":{"line":3,"column":18},"end":{"line":3,"column":42}},"1":{"start":{"line":5,"column":15},"end":{"line":12,"column":2}}},"fnMap":{},"branchMap":{},"s":{"0":4,"1":4},"f":{},"b":{},"_coverageSchema":"1a1c01bbd47fc00a2c39e90264f33305004495a9","hash":"600c9d9fb60dfb16ac0a12365a6aaba5b425e644"}
,"D:\\proyectomgafrontend\\src\\components\\SliderComponentRefactor\\SliderComponentRefactor.jsx": {"path":"D:\\proyectomgafrontend\\src\\components\\SliderComponentRefactor\\SliderComponentRefactor.jsx","statementMap":{"0":{"start":{"line":9,"column":32},"end":{"line":148,"column":1}},"1":{"start":{"line":12,"column":46},"end":{"line":12,"column":59}},"2":{"start":{"line":13,"column":23},"end":{"line":13,"column":35}},"3":{"start":{"line":14,"column":38},"end":{"line":14,"column":52}},"4":{"start":{"line":15,"column":20},"end":{"line":15,"column":50}},"5":{"start":{"line":17,"column":32},"end":{"line":34,"column":3}},"6":{"start":{"line":19,"column":24},"end":{"line":19,"column":46}},"7":{"start":{"line":22,"column":25},"end":{"line":22,"column":48}},"8":{"start":{"line":25,"column":4},"end":{"line":33,"column":5}},"9":{"start":{"line":27,"column":6},"end":{"line":27,"column":36}},"10":{"start":{"line":28,"column":6},"end":{"line":28,"column":28}},"11":{"start":{"line":29,"column":11},"end":{"line":33,"column":5}},"12":{"start":{"line":31,"column":6},"end":{"line":31,"column":27}},"13":{"start":{"line":32,"column":6},"end":{"line":32,"column":17}},"14":{"start":{"line":37,"column":27},"end":{"line":40,"column":3}},"15":{"start":{"line":38,"column":4},"end":{"line":38,"column":25}},"16":{"start":{"line":39,"column":4},"end":{"line":39,"column":15}},"17":{"start":{"line":42,"column":28},"end":{"line":65,"column":3}},"18":{"start":{"line":43,"column":25},"end":{"line":43,"column":65}},"19":{"start":{"line":44,"column":4},"end":{"line":63,"column":5}},"20":{"start":{"line":46,"column":6},"end":{"line":52,"column":7}},"21":{"start":{"line":48,"column":8},"end":{"line":48,"column":44}},"22":{"start":{"line":51,"column":8},"end":{"line":51,"column":48}},"23":{"start":{"line":54,"column":6},"end":{"line":60,"column":7}},"24":{"start":{"line":55,"column":8},"end":{"line":55,"column":30}},"25":{"start":{"line":56,"column":8},"end":{"line":56,"column":37}},"26":{"start":{"line":57,"column":8},"end":{"line":57,"column":27}},"27":{"start":{"line":59,"column":8},"end":{"line":59,"column":84}},"28":{"start":{"line":62,"column":6},"end":{"line":62,"column":47}},"29":{"start":{"line":64,"column":4},"end":{"line":64,"column":22}},"30":{"start":{"line":67,"column":33},"end":{"line":90,"column":3}},"31":{"start":{"line":68,"column":25},"end":{"line":68,"column":70}},"32":{"start":{"line":69,"column":4},"end":{"line":88,"column":5}},"33":{"start":{"line":71,"column":6},"end":{"line":77,"column":7}},"34":{"start":{"line":73,"column":8},"end":{"line":73,"column":35}},"35":{"start":{"line":76,"column":8},"end":{"line":76,"column":39}},"36":{"start":{"line":79,"column":6},"end":{"line":85,"column":7}},"37":{"start":{"line":80,"column":8},"end":{"line":80,"column":30}},"38":{"start":{"line":81,"column":8},"end":{"line":81,"column":28}},"39":{"start":{"line":82,"column":8},"end":{"line":82,"column":27}},"40":{"start":{"line":84,"column":8},"end":{"line":84,"column":84}},"41":{"start":{"line":87,"column":6},"end":{"line":87,"column":47}},"42":{"start":{"line":89,"column":4},"end":{"line":89,"column":22}},"43":{"start":{"line":92,"column":2},"end":{"line":147,"column":3}},"44":{"start":{"line":97,"column":23},"end":{"line":97,"column":51}},"45":{"start":{"line":133,"column":10},"end":{"line":138,"column":11}},"46":{"start":{"line":134,"column":12},"end":{"line":134,"column":30}},"47":{"start":{"line":135,"column":30},"end":{"line":135,"column":53}},"48":{"start":{"line":136,"column":12},"end":{"line":136,"column":40}},"49":{"start":{"line":137,"column":12},"end":{"line":137,"column":40}},"50":{"start":{"line":150,"column":0},"end":{"line":159,"column":1}},"51":{"start":{"line":161,"column":0},"end":{"line":163,"column":1}}},"fnMap":{"0":{"name":"(anonymous_0)","decl":{"start":{"line":9,"column":32},"end":{"line":9,"column":33}},"loc":{"start":{"line":11,"column":6},"end":{"line":148,"column":1}},"line":11},"1":{"name":"(anonymous_1)","decl":{"start":{"line":17,"column":32},"end":{"line":17,"column":33}},"loc":{"start":{"line":17,"column":40},"end":{"line":34,"column":3}},"line":17},"2":{"name":"(anonymous_2)","decl":{"start":{"line":37,"column":27},"end":{"line":37,"column":28}},"loc":{"start":{"line":37,"column":33},"end":{"line":40,"column":3}},"line":37},"3":{"name":"(anonymous_3)","decl":{"start":{"line":42,"column":28},"end":{"line":42,"column":29}},"loc":{"start":{"line":42,"column":41},"end":{"line":65,"column":3}},"line":42},"4":{"name":"(anonymous_4)","decl":{"start":{"line":67,"column":33},"end":{"line":67,"column":34}},"loc":{"start":{"line":67,"column":39},"end":{"line":90,"column":3}},"line":67},"5":{"name":"(anonymous_5)","decl":{"start":{"line":97,"column":17},"end":{"line":97,"column":18}},"loc":{"start":{"line":97,"column":23},"end":{"line":97,"column":51}},"line":97},"6":{"name":"(anonymous_6)","decl":{"start":{"line":132,"column":23},"end":{"line":132,"column":24}},"loc":{"start":{"line":132,"column":35},"end":{"line":139,"column":9}},"line":132}},"branchMap":{"0":{"loc":{"start":{"line":25,"column":4},"end":{"line":33,"column":5}},"type":"if","locations":[{"start":{"line":25,"column":4},"end":{"line":33,"column":5}},{"start":{"line":29,"column":11},"end":{"line":33,"column":5}}],"line":25},"1":{"loc":{"start":{"line":25,"column":8},"end":{"line":25,"column":82}},"type":"binary-expr","locations":[{"start":{"line":25,"column":8},"end":{"line":25,"column":35}},{"start":{"line":25,"column":39},"end":{"line":25,"column":82}}],"line":25},"2":{"loc":{"start":{"line":29,"column":11},"end":{"line":33,"column":5}},"type":"if","locations":[{"start":{"line":29,"column":11},"end":{"line":33,"column":5}},{"start":{},"end":{}}],"line":29},"3":{"loc":{"start":{"line":29,"column":15},"end":{"line":29,"column":42}},"type":"binary-expr","locations":[{"start":{"line":29,"column":15},"end":{"line":29,"column":26}},{"start":{"line":29,"column":30},"end":{"line":29,"column":42}}],"line":29},"4":{"loc":{"start":{"line":44,"column":4},"end":{"line":63,"column":5}},"type":"if","locations":[{"start":{"line":44,"column":4},"end":{"line":63,"column":5}},{"start":{"line":61,"column":11},"end":{"line":63,"column":5}}],"line":44},"5":{"loc":{"start":{"line":46,"column":6},"end":{"line":52,"column":7}},"type":"if","locations":[{"start":{"line":46,"column":6},"end":{"line":52,"column":7}},{"start":{"line":49,"column":13},"end":{"line":52,"column":7}}],"line":46},"6":{"loc":{"start":{"line":54,"column":6},"end":{"line":60,"column":7}},"type":"if","locations":[{"start":{"line":54,"column":6},"end":{"line":60,"column":7}},{"start":{"line":58,"column":13},"end":{"line":60,"column":7}}],"line":54},"7":{"loc":{"start":{"line":54,"column":10},"end":{"line":54,"column":70}},"type":"binary-expr","locations":[{"start":{"line":54,"column":10},"end":{"line":54,"column":38}},{"start":{"line":54,"column":42},"end":{"line":54,"column":70}}],"line":54},"8":{"loc":{"start":{"line":69,"column":4},"end":{"line":88,"column":5}},"type":"if","locations":[{"start":{"line":69,"column":4},"end":{"line":88,"column":5}},{"start":{"line":86,"column":11},"end":{"line":88,"column":5}}],"line":69},"9":{"loc":{"start":{"line":71,"column":6},"end":{"line":77,"column":7}},"type":"if","locations":[{"start":{"line":71,"column":6},"end":{"line":77,"column":7}},{"start":{"line":74,"column":13},"end":{"line":77,"column":7}}],"line":71},"10":{"loc":{"start":{"line":79,"column":6},"end":{"line":85,"column":7}},"type":"if","locations":[{"start":{"line":79,"column":6},"end":{"line":85,"column":7}},{"start":{"line":83,"column":13},"end":{"line":85,"column":7}}],"line":79},"11":{"loc":{"start":{"line":79,"column":10},"end":{"line":79,"column":70}},"type":"binary-expr","locations":[{"start":{"line":79,"column":10},"end":{"line":79,"column":38}},{"start":{"line":79,"column":42},"end":{"line":79,"column":70}}],"line":79},"12":{"loc":{"start":{"line":115,"column":7},"end":{"line":117,"column":7}},"type":"binary-expr","locations":[{"start":{"line":115,"column":7},"end":{"line":115,"column":17}},{"start":{"line":116,"column":8},"end":{"line":116,"column":78}}],"line":115},"13":{"loc":{"start":{"line":133,"column":10},"end":{"line":138,"column":11}},"type":"if","locations":[{"start":{"line":133,"column":10},"end":{"line":138,"column":11}},{"start":{},"end":{}}],"line":133}},"s":{"0":2,"1":13,"2":13,"3":13,"4":13,"5":13,"6":1,"7":1,"8":1,"9":1,"10":1,"11":0,"12":0,"13":0,"14":13,"15":0,"16":0,"17":13,"18":1,"19":1,"20":1,"21":1,"22":0,"23":1,"24":1,"25":1,"26":1,"27":0,"28":0,"29":1,"30":13,"31":0,"32":0,"33":0,"34":0,"35":0,"36":0,"37":0,"38":0,"39":0,"40":0,"41":0,"42":0,"43":13,"44":0,"45":1,"46":1,"47":1,"48":1,"49":1,"50":2,"51":2},"f":{"0":13,"1":1,"2":0,"3":1,"4":0,"5":0,"6":1},"b":{"0":[1,0],"1":[1,1],"2":[0,0],"3":[0,0],"4":[1,0],"5":[1,0],"6":[1,0],"7":[1,1],"8":[0,0],"9":[0,0],"10":[0,0],"11":[0,0],"12":[13,0],"13":[1,0]},"_coverageSchema":"1a1c01bbd47fc00a2c39e90264f33305004495a9","hash":"66a22dc7f3721b4ce23f09068b6421150abaee09"}
,"D:\\proyectomgafrontend\\src\\components\\SliderComponentRefactor\\styles.js": {"path":"D:\\proyectomgafrontend\\src\\components\\SliderComponentRefactor\\styles.js","statementMap":{"0":{"start":{"line":3,"column":20},"end":{"line":3,"column":50}},"1":{"start":{"line":6,"column":15},"end":{"line":77,"column":2}}},"fnMap":{},"branchMap":{},"s":{"0":2,"1":2},"f":{},"b":{},"_coverageSchema":"1a1c01bbd47fc00a2c39e90264f33305004495a9","hash":"c53ebc6ea7a26414fd20b574bba2c8b5cd66209b"}
,"D:\\proyectomgafrontend\\src\\components\\SliderContainer\\SliderContainer.jsx": {"path":"D:\\proyectomgafrontend\\src\\components\\SliderContainer\\SliderContainer.jsx","statementMap":{"0":{"start":{"line":9,"column":24},"end":{"line":178,"column":1}},"1":{"start":{"line":13,"column":28},"end":{"line":13,"column":41}},"2":{"start":{"line":14,"column":46},"end":{"line":14,"column":59}},"3":{"start":{"line":15,"column":23},"end":{"line":15,"column":35}},"4":{"start":{"line":16,"column":38},"end":{"line":16,"column":52}},"5":{"start":{"line":18,"column":32},"end":{"line":35,"column":3}},"6":{"start":{"line":20,"column":24},"end":{"line":20,"column":46}},"7":{"start":{"line":23,"column":25},"end":{"line":23,"column":48}},"8":{"start":{"line":26,"column":4},"end":{"line":34,"column":5}},"9":{"start":{"line":28,"column":6},"end":{"line":28,"column":36}},"10":{"start":{"line":29,"column":6},"end":{"line":29,"column":28}},"11":{"start":{"line":30,"column":11},"end":{"line":34,"column":5}},"12":{"start":{"line":32,"column":6},"end":{"line":32,"column":27}},"13":{"start":{"line":33,"column":6},"end":{"line":33,"column":17}},"14":{"start":{"line":38,"column":27},"end":{"line":41,"column":3}},"15":{"start":{"line":39,"column":4},"end":{"line":39,"column":25}},"16":{"start":{"line":40,"column":4},"end":{"line":40,"column":15}},"17":{"start":{"line":43,"column":2},"end":{"line":44,"column":16}},"18":{"start":{"line":46,"column":28},"end":{"line":82,"column":3}},"19":{"start":{"line":47,"column":25},"end":{"line":47,"column":65}},"20":{"start":{"line":48,"column":4},"end":{"line":80,"column":5}},"21":{"start":{"line":50,"column":6},"end":{"line":56,"column":7}},"22":{"start":{"line":52,"column":8},"end":{"line":52,"column":44}},"23":{"start":{"line":55,"column":8},"end":{"line":55,"column":48}},"24":{"start":{"line":58,"column":6},"end":{"line":77,"column":7}},"25":{"start":{"line":59,"column":8},"end":{"line":59,"column":30}},"26":{"start":{"line":60,"column":8},"end":{"line":60,"column":37}},"27":{"start":{"line":61,"column":8},"end":{"line":61,"column":27}},"28":{"start":{"line":62,"column":8},"end":{"line":74,"column":9}},"29":{"start":{"line":64,"column":12},"end":{"line":64,"column":85}},"30":{"start":{"line":64,"column":41},"end":{"line":64,"column":83}},"31":{"start":{"line":65,"column":12},"end":{"line":65,"column":17}},"32":{"start":{"line":67,"column":12},"end":{"line":67,"column":94}},"33":{"start":{"line":67,"column":41},"end":{"line":67,"column":92}},"34":{"start":{"line":68,"column":12},"end":{"line":68,"column":17}},"35":{"start":{"line":70,"column":12},"end":{"line":70,"column":84}},"36":{"start":{"line":70,"column":41},"end":{"line":70,"column":82}},"37":{"start":{"line":71,"column":12},"end":{"line":71,"column":17}},"38":{"start":{"line":73,"column":12},"end":{"line":73,"column":17}},"39":{"start":{"line":76,"column":8},"end":{"line":76,"column":84}},"40":{"start":{"line":79,"column":6},"end":{"line":79,"column":47}},"41":{"start":{"line":81,"column":4},"end":{"line":81,"column":22}},"42":{"start":{"line":84,"column":33},"end":{"line":120,"column":3}},"43":{"start":{"line":85,"column":25},"end":{"line":85,"column":70}},"44":{"start":{"line":86,"column":4},"end":{"line":118,"column":5}},"45":{"start":{"line":88,"column":6},"end":{"line":94,"column":7}},"46":{"start":{"line":90,"column":8},"end":{"line":90,"column":35}},"47":{"start":{"line":93,"column":8},"end":{"line":93,"column":39}},"48":{"start":{"line":96,"column":6},"end":{"line":115,"column":7}},"49":{"start":{"line":97,"column":8},"end":{"line":97,"column":30}},"50":{"start":{"line":98,"column":8},"end":{"line":98,"column":28}},"51":{"start":{"line":99,"column":8},"end":{"line":99,"column":27}},"52":{"start":{"line":100,"column":8},"end":{"line":112,"column":9}},"53":{"start":{"line":102,"column":12},"end":{"line":102,"column":85}},"54":{"start":{"line":102,"column":41},"end":{"line":102,"column":83}},"55":{"start":{"line":103,"column":12},"end":{"line":103,"column":17}},"56":{"start":{"line":105,"column":12},"end":{"line":105,"column":94}},"57":{"start":{"line":105,"column":41},"end":{"line":105,"column":92}},"58":{"start":{"line":106,"column":12},"end":{"line":106,"column":17}},"59":{"start":{"line":108,"column":12},"end":{"line":108,"column":84}},"60":{"start":{"line":108,"column":41},"end":{"line":108,"column":82}},"61":{"start":{"line":109,"column":12},"end":{"line":109,"column":17}},"62":{"start":{"line":111,"column":12},"end":{"line":111,"column":17}},"63":{"start":{"line":114,"column":8},"end":{"line":114,"column":84}},"64":{"start":{"line":117,"column":6},"end":{"line":117,"column":47}},"65":{"start":{"line":119,"column":4},"end":{"line":119,"column":22}},"66":{"start":{"line":122,"column":2},"end":{"line":177,"column":3}},"67":{"start":{"line":127,"column":23},"end":{"line":127,"column":51}},"68":{"start":{"line":163,"column":10},"end":{"line":168,"column":11}},"69":{"start":{"line":164,"column":12},"end":{"line":164,"column":30}},"70":{"start":{"line":165,"column":30},"end":{"line":165,"column":53}},"71":{"start":{"line":166,"column":12},"end":{"line":166,"column":40}},"72":{"start":{"line":167,"column":12},"end":{"line":167,"column":40}},"73":{"start":{"line":180,"column":25},"end":{"line":185,"column":2}},"74":{"start":{"line":187,"column":0},"end":{"line":199,"column":1}}},"fnMap":{"0":{"name":"(anonymous_0)","decl":{"start":{"line":9,"column":24},"end":{"line":9,"column":25}},"loc":{"start":{"line":12,"column":6},"end":{"line":178,"column":1}},"line":12},"1":{"name":"(anonymous_1)","decl":{"start":{"line":18,"column":32},"end":{"line":18,"column":33}},"loc":{"start":{"line":18,"column":40},"end":{"line":35,"column":3}},"line":18},"2":{"name":"(anonymous_2)","decl":{"start":{"line":38,"column":27},"end":{"line":38,"column":28}},"loc":{"start":{"line":38,"column":33},"end":{"line":41,"column":3}},"line":38},"3":{"name":"(anonymous_3)","decl":{"start":{"line":43,"column":12},"end":{"line":43,"column":13}},"loc":{"start":{"line":43,"column":18},"end":{"line":44,"column":3}},"line":43},"4":{"name":"(anonymous_4)","decl":{"start":{"line":46,"column":28},"end":{"line":46,"column":29}},"loc":{"start":{"line":46,"column":41},"end":{"line":82,"column":3}},"line":46},"5":{"name":"(anonymous_5)","decl":{"start":{"line":64,"column":24},"end":{"line":64,"column":25}},"loc":{"start":{"line":64,"column":41},"end":{"line":64,"column":83}},"line":64},"6":{"name":"(anonymous_6)","decl":{"start":{"line":67,"column":24},"end":{"line":67,"column":25}},"loc":{"start":{"line":67,"column":41},"end":{"line":67,"column":92}},"line":67},"7":{"name":"(anonymous_7)","decl":{"start":{"line":70,"column":24},"end":{"line":70,"column":25}},"loc":{"start":{"line":70,"column":41},"end":{"line":70,"column":82}},"line":70},"8":{"name":"(anonymous_8)","decl":{"start":{"line":84,"column":33},"end":{"line":84,"column":34}},"loc":{"start":{"line":84,"column":39},"end":{"line":120,"column":3}},"line":84},"9":{"name":"(anonymous_9)","decl":{"start":{"line":102,"column":24},"end":{"line":102,"column":25}},"loc":{"start":{"line":102,"column":41},"end":{"line":102,"column":83}},"line":102},"10":{"name":"(anonymous_10)","decl":{"start":{"line":105,"column":24},"end":{"line":105,"column":25}},"loc":{"start":{"line":105,"column":41},"end":{"line":105,"column":92}},"line":105},"11":{"name":"(anonymous_11)","decl":{"start":{"line":108,"column":24},"end":{"line":108,"column":25}},"loc":{"start":{"line":108,"column":41},"end":{"line":108,"column":82}},"line":108},"12":{"name":"(anonymous_12)","decl":{"start":{"line":127,"column":17},"end":{"line":127,"column":18}},"loc":{"start":{"line":127,"column":23},"end":{"line":127,"column":51}},"line":127},"13":{"name":"(anonymous_13)","decl":{"start":{"line":162,"column":23},"end":{"line":162,"column":24}},"loc":{"start":{"line":162,"column":35},"end":{"line":169,"column":9}},"line":162}},"branchMap":{"0":{"loc":{"start":{"line":26,"column":4},"end":{"line":34,"column":5}},"type":"if","locations":[{"start":{"line":26,"column":4},"end":{"line":34,"column":5}},{"start":{"line":30,"column":11},"end":{"line":34,"column":5}}],"line":26},"1":{"loc":{"start":{"line":26,"column":8},"end":{"line":26,"column":82}},"type":"binary-expr","locations":[{"start":{"line":26,"column":8},"end":{"line":26,"column":35}},{"start":{"line":26,"column":39},"end":{"line":26,"column":82}}],"line":26},"2":{"loc":{"start":{"line":30,"column":11},"end":{"line":34,"column":5}},"type":"if","locations":[{"start":{"line":30,"column":11},"end":{"line":34,"column":5}},{"start":{},"end":{}}],"line":30},"3":{"loc":{"start":{"line":30,"column":15},"end":{"line":30,"column":42}},"type":"binary-expr","locations":[{"start":{"line":30,"column":15},"end":{"line":30,"column":26}},{"start":{"line":30,"column":30},"end":{"line":30,"column":42}}],"line":30},"4":{"loc":{"start":{"line":48,"column":4},"end":{"line":80,"column":5}},"type":"if","locations":[{"start":{"line":48,"column":4},"end":{"line":80,"column":5}},{"start":{"line":78,"column":11},"end":{"line":80,"column":5}}],"line":48},"5":{"loc":{"start":{"line":50,"column":6},"end":{"line":56,"column":7}},"type":"if","locations":[{"start":{"line":50,"column":6},"end":{"line":56,"column":7}},{"start":{"line":53,"column":13},"end":{"line":56,"column":7}}],"line":50},"6":{"loc":{"start":{"line":58,"column":6},"end":{"line":77,"column":7}},"type":"if","locations":[{"start":{"line":58,"column":6},"end":{"line":77,"column":7}},{"start":{"line":75,"column":13},"end":{"line":77,"column":7}}],"line":58},"7":{"loc":{"start":{"line":58,"column":10},"end":{"line":58,"column":70}},"type":"binary-expr","locations":[{"start":{"line":58,"column":10},"end":{"line":58,"column":38}},{"start":{"line":58,"column":42},"end":{"line":58,"column":70}}],"line":58},"8":{"loc":{"start":{"line":62,"column":8},"end":{"line":74,"column":9}},"type":"switch","locations":[{"start":{"line":63,"column":10},"end":{"line":65,"column":17}},{"start":{"line":66,"column":10},"end":{"line":68,"column":17}},{"start":{"line":69,"column":10},"end":{"line":71,"column":17}},{"start":{"line":72,"column":10},"end":{"line":73,"column":17}}],"line":62},"9":{"loc":{"start":{"line":86,"column":4},"end":{"line":118,"column":5}},"type":"if","locations":[{"start":{"line":86,"column":4},"end":{"line":118,"column":5}},{"start":{"line":116,"column":11},"end":{"line":118,"column":5}}],"line":86},"10":{"loc":{"start":{"line":88,"column":6},"end":{"line":94,"column":7}},"type":"if","locations":[{"start":{"line":88,"column":6},"end":{"line":94,"column":7}},{"start":{"line":91,"column":13},"end":{"line":94,"column":7}}],"line":88},"11":{"loc":{"start":{"line":96,"column":6},"end":{"line":115,"column":7}},"type":"if","locations":[{"start":{"line":96,"column":6},"end":{"line":115,"column":7}},{"start":{"line":113,"column":13},"end":{"line":115,"column":7}}],"line":96},"12":{"loc":{"start":{"line":96,"column":10},"end":{"line":96,"column":70}},"type":"binary-expr","locations":[{"start":{"line":96,"column":10},"end":{"line":96,"column":38}},{"start":{"line":96,"column":42},"end":{"line":96,"column":70}}],"line":96},"13":{"loc":{"start":{"line":100,"column":8},"end":{"line":112,"column":9}},"type":"switch","locations":[{"start":{"line":101,"column":10},"end":{"line":103,"column":17}},{"start":{"line":104,"column":10},"end":{"line":106,"column":17}},{"start":{"line":107,"column":10},"end":{"line":109,"column":17}},{"start":{"line":110,"column":10},"end":{"line":111,"column":17}}],"line":100},"14":{"loc":{"start":{"line":145,"column":7},"end":{"line":147,"column":7}},"type":"binary-expr","locations":[{"start":{"line":145,"column":7},"end":{"line":145,"column":17}},{"start":{"line":146,"column":8},"end":{"line":146,"column":75}}],"line":145},"15":{"loc":{"start":{"line":163,"column":10},"end":{"line":168,"column":11}},"type":"if","locations":[{"start":{"line":163,"column":10},"end":{"line":168,"column":11}},{"start":{},"end":{}}],"line":163}},"s":{"0":5,"1":10,"2":10,"3":10,"4":10,"5":10,"6":2,"7":2,"8":2,"9":1,"10":1,"11":1,"12":0,"13":0,"14":10,"15":0,"16":0,"17":10,"18":10,"19":1,"20":1,"21":1,"22":1,"23":0,"24":1,"25":1,"26":1,"27":1,"28":1,"29":0,"30":0,"31":0,"32":0,"33":0,"34":0,"35":0,"36":0,"37":0,"38":1,"39":0,"40":0,"41":1,"42":10,"43":0,"44":0,"45":0,"46":0,"47":0,"48":0,"49":0,"50":0,"51":0,"52":0,"53":0,"54":0,"55":0,"56":0,"57":0,"58":0,"59":0,"60":0,"61":0,"62":0,"63":0,"64":0,"65":0,"66":10,"67":0,"68":1,"69":1,"70":1,"71":1,"72":1,"73":5,"74":5},"f":{"0":10,"1":2,"2":0,"3":8,"4":1,"5":0,"6":0,"7":0,"8":0,"9":0,"10":0,"11":0,"12":0,"13":1},"b":{"0":[1,1],"1":[2,1],"2":[0,1],"3":[1,1],"4":[1,0],"5":[1,0],"6":[1,0],"7":[1,1],"8":[0,0,0,1],"9":[0,0],"10":[0,0],"11":[0,0],"12":[0,0],"13":[0,0,0,0],"14":[10,0],"15":[1,0]},"_coverageSchema":"1a1c01bbd47fc00a2c39e90264f33305004495a9","hash":"aaf563bbfcbd2c6a6a9025928f3a5ad3a4ff8756"}
,"D:\\proyectomgafrontend\\src\\components\\SliderContainer\\index.js": {"path":"D:\\proyectomgafrontend\\src\\components\\SliderContainer\\index.js","statementMap":{},"fnMap":{},"branchMap":{},"s":{},"f":{},"b":{},"_coverageSchema":"1a1c01bbd47fc00a2c39e90264f33305004495a9","hash":"ae02162636ca7c91bf2ba5fde27d603045bfe624"}
,"D:\\proyectomgafrontend\\src\\components\\SliderContainer\\styles.js": {"path":"D:\\proyectomgafrontend\\src\\components\\SliderContainer\\styles.js","statementMap":{"0":{"start":{"line":3,"column":20},"end":{"line":3,"column":50}},"1":{"start":{"line":6,"column":15},"end":{"line":77,"column":2}}},"fnMap":{},"branchMap":{},"s":{"0":5,"1":5},"f":{},"b":{},"_coverageSchema":"1a1c01bbd47fc00a2c39e90264f33305004495a9","hash":"366f2722155a8e1e4b82a52826f8ed80010a9f4c"}
,"D:\\proyectomgafrontend\\src\\components\\TextCard\\TextCard.jsx": {"path":"D:\\proyectomgafrontend\\src\\components\\TextCard\\TextCard.jsx","statementMap":{"0":{"start":{"line":6,"column":17},"end":{"line":14,"column":1}},"1":{"start":{"line":7,"column":2},"end":{"line":13,"column":9}}},"fnMap":{"0":{"name":"(anonymous_0)","decl":{"start":{"line":6,"column":17},"end":{"line":6,"column":18}},"loc":{"start":{"line":7,"column":2},"end":{"line":13,"column":9}},"line":7}},"branchMap":{},"s":{"0":5,"1":1},"f":{"0":1},"b":{},"_coverageSchema":"1a1c01bbd47fc00a2c39e90264f33305004495a9","hash":"222ec24f8586766cbfb0f182f79f868279c98119"}
,"D:\\proyectomgafrontend\\src\\components\\TextCard\\index.js": {"path":"D:\\proyectomgafrontend\\src\\components\\TextCard\\index.js","statementMap":{},"fnMap":{},"branchMap":{},"s":{},"f":{},"b":{},"_coverageSchema":"1a1c01bbd47fc00a2c39e90264f33305004495a9","hash":"b34bf91f0aaf55a10822dff007b9ded9fbb19276"}
[...]
"statementMap":{"0":{"start":{"line":14,"column":18},"end":{"line":18,"column":1}},"1":{"start":{"line":15,"column":2},"end":{"line":17,"column":4}},"2":{"start":{"line":20,"column":20},"end":{"line":95,"column":1}},"3":{"start":{"line":21,"column":23},"end":{"line":21,"column":48}},"4":{"start":{"line":22,"column":38},"end":{"line":22,"column":46}},"5":{"start":{"line":23,"column":30},"end":{"line":23,"column":42}},"6":{"start":{"line":24,"column":28},"end":{"line":24,"column":40}},"7":{"start":{"line":26,"column":2},"end":{"line":28,"column":8}},"8":{"start":{"line":27,"column":4},"end":{"line":27,"column":15}},"9":{"start":{"line":30,"column":22},"end":{"line":37,"column":3}},"10":{"start":{"line":31,"column":4},"end":{"line":34,"column":5}},"11":{"start":{"line":32,"column":6},"end":{"line":32,"column":55}},"12":{"start":{"line":33,"column":6},"end":{"line":33,"column":12}},"13":{"start":{"line":36,"column":4},"end":{"line":36,"column":57}},"14":{"start":{"line":39,"column":33},"end":{"line":41,"column":3}},"15":{"start":{"line":40,"column":4},"end":{"line":40,"column":35}},"16":{"start":{"line":44,"column":2},"end":{"line":51,"column":18}},"17":{"start":{"line":45,"column":24},"end":{"line":48,"column":6}},"18":{"start":{"line":46,"column":6},"end":{"line":46,"column":19}},"19":{"start":{"line":47,"column":6},"end":{"line":47,"column":18}},"20":{"start":{"line":50,"column":4},"end":{"line":50,"column":22}},"21":{"start":{"line":53,"column":2},"end":{"line":70,"column":55}},"22":{"start":{"line":54,"column":4},"end":{"line":54,"column":37}},"23":{"start":{"line":55,"column":4},"end":{"line":69,"column":5}},"24":{"start":{"line":56,"column":6},"end":{"line":58,"column":7}},"25":{"start":{"line":57,"column":8},"end":{"line":57,"column":40}},"26":{"start":{"line":59,"column":6},"end":{"line":59,"column":39}},"27":{"start":{"line":60,"column":6},"end":{"line":62,"column":7}},"28":{"start":{"line":61,"column":8},"end":{"line":61,"column":38}},"29":{"start":{"line":63,"column":6},"end":{"line":68,"column":7}},"30":{"start":{"line":64,"column":8},"end":{"line":67,"column":9}},"31":{"start":{"line":65,"column":10},"end":{"line":65,"column":22}},"32":{"start":{"line":66,"column":10},"end":{"line":66,"column":43}},"33":{"start":{"line":72,"column":2},"end":{"line":94,"column":3}},"34":{"start":{"line":84,"column":32},"end":{"line":84,"column":47}},"35":{"start":{"line":87,"column":63},"end":{"line":87,"column":93}},"36":{"start":{"line":97,"column":0},"end":{"line":102,"column":1}}},"fnMap":{"0":{"name":"(anonymous_0)","decl":{"start":{"line":14,"column":18},"end":{"line":14,"column":19}},"loc":{"start":{"line":14,"column":30},"end":{"line":18,"column":1}},"line":14},"1":{"name":"(anonymous_1)","decl":{"start":{"line":20,"column":20},"end":{"line":20,"column":21}},"loc":{"start":{"line":20,"column":40},"end":{"line":95,"column":1}},"line":20},"2":{"name":"(anonymous_2)","decl":{"start":{"line":26,"column":12},"end":{"line":26,"column":13}},"loc":{"start":{"line":26,"column":18},"end":{"line":28,"column":3}},"line":26},"3":{"name":"(anonymous_3)","decl":{"start":{"line":30,"column":22},"end":{"line":30,"column":23}},"loc":{"start":{"line":30,"column":28},"end":{"line":37,"column":3}},"line":30},"4":{"name":"(anonymous_4)","decl":{"start":{"line":39,"column":33},"end":{"line":39,"column":34}},"loc":{"start":{"line":39,"column":57},"end":{"line":41,"column":3}},"line":39},"5":{"name":"(anonymous_5)","decl":{"start":{"line":44,"column":12},"end":{"line":44,"column":13}},"loc":{"start":{"line":44,"column":18},"end":{"line":51,"column":3}},"line":44},"6":{"name":"(anonymous_6)","decl":{"start":{"line":45,"column":63},"end":{"line":45,"column":64}},"loc":{"start":{"line":45,"column":69},"end":{"line":48,"column":5}},"line":45},"7":{"name":"(anonymous_7)","decl":{"start":{"line":53,"column":12},"end":{"line":53,"column":13}},"loc":{"start":{"line":53,"column":18},"end":{"line":70,"column":3}},"line":53},"8":{"name":"(anonymous_8)","decl":{"start":{"line":84,"column":24},"end":{"line":84,"column":25}},"loc":{"start":{"line":84,"column":32},"end":{"line":84,"column":47}},"line":84},"9":{"name":"(anonymous_9)","decl":{"start":{"line":87,"column":57},"end":{"line":87,"column":58}},"loc":{"start":{"line":87,"column":63},"end":{"line":87,"column":93}},"line":87}},"branchMap":{"0":{"loc":{"start":{"line":31,"column":4},"end":{"line":34,"column":5}},"type":"if","locations":[{"start":{"line":31,"column":4},"end":{"line":34,"column":5}},{"start":{},"end":{}}],"line":31},"1":{"loc":{"start":{"line":55,"column":4},"end":{"line":69,"column":5}},"type":"if","locations":[{"start":{"line":55,"column":4},"end":{"line":69,"column":5}},{"start":{},"end":{}}],"line":55},"2":{"loc":{"start":{"line":55,"column":8},"end":{"line":55,"column":61}},"type":"binary-expr","locations":[{"start":{"line":55,"column":8},"end":{"line":55,"column":30}},{"start":{"line":55,"column":34},"end":{"line":55,"column":61}}],"line":55},"3":{"loc":{"start":{"line":56,"column":6},"end":{"line":58,"column":7}},"type":"if","locations":[{"start":{"line":56,"column":6},"end":{"line":58,"column":7}},{"start":{},"end":{}}],"line":56},"4":{"loc":{"start":{"line":60,"column":6},"end":{"line":62,"column":7}},"type":"if","locations":[{"start":{"line":60,"column":6},"end":{"line":62,"column":7}},{"start":{},"end":{}}],"line":60},"5":{"loc":{"start":{"line":63,"column":6},"end":{"line":68,"column":7}},"type":"if","locations":[{"start":{"line":63,"column":6},"end":{"line":68,"column":7}},{"start":{},"end":{}}],"line":63},"6":{"loc":{"start":{"line":63,"column":10},"end":{"line":63,"column":51}},"type":"binary-expr","locations":[{"start":{"line":63,"column":10},"end":{"line":63,"column":23}},{"start":{"line":63,"column":27},"end":{"line":63,"column":51}}],"line":63},"7":{"loc":{"start":{"line":64,"column":8},"end":{"line":67,"column":9}},"type":"if","locations":[{"start":{"line":64,"column":8},"end":{"line":67,"column":9}},{"start":{},"end":{}}],"line":64},"8":{"loc":{"start":{"line":64,"column":12},"end":{"line":64,"column":84}},"type":"binary-expr","locations":[{"start":{"line":64,"column":12},"end":{"line":64,"column":43}},{"start":{"line":64,"column":47},"end":{"line":64,"column":84}}],"line":64}},"s":{"0":1,"1":3,"2":1,"3":6,"4":6,"5":6,"6":6,"7":6,"8":3,"9":6,"10":0,"11":0,"12":0,"13":0,"14":6,"15":0,"16":6,"17":3,"18":0,"19":0,"20":3,"21":6,"22":3,"23":3,"24":3,"25":3,"26":3,"27":3,"28":0,"29":3,"30":0,"31":0,"32":0,"33":6,"34":0,"35":0,"36":1},"f":{"0":3,"1":6,"2":3,"3":0,"4":0,"5":3,"6":0,"7":3,"8":0,"9":0},"b":{"0":[0,0],"1":[3,0],"2":[3,0],"3":[3,0],"4":[0,3],"5":[0,3],"6":[3,0],"7":[0,0],"8":[0,0]},"_coverageSchema":"1a1c01bbd47fc00a2c39e90264f33305004495a9","hash":"5698d273b2e9ced039598230a6d13f31cbf9c267"}
,"D:\\proyectomgafrontend\\src\\screens\\LoginWorker\\styles.js": {"path":"D:\\proyectomgafrontend\\src\\screens\\LoginWorker\\styles.js","statementMap":{"0":{"start":{"line":4,"column":20},"end":{"line":4,"column":50}},"1":{"start":{"line":6,"column":15},"end":{"line":62,"column":2}}},"fnMap":{},"branchMap":{},"s":{"0":1,"1":1},"f":{},"b":{},"_coverageSchema":"1a1c01bbd47fc00a2c39e90264f33305004495a9","hash":"ebf047d1f966f4761a4b54c2fe9478c4fec6afad"}
,"D:\\proyectomgafrontend\\src\\screens\\MeasurementsHistory\\MeasurementsHistory.jsx": {"path":"D:\\proyectomgafrontend\\src\\screens\\MeasurementsHistory\\MeasurementsHistory.jsx","statementMap":{"0":{"start":{"line":7,"column":28},"end":{"line":148,"column":1}},"1":{"start":{"line":12,"column":28},"end":{"line":14,"column":3}},"2":{"start":{"line":13,"column":4},"end":{"line":13,"column":35}},"3":{"start":{"line":16,"column":17},"end":{"line":16,"column":53}},"4":{"start":{"line":17,"column":36},"end":{"line":17,"column":55}},"5":{"start":{"line":18,"column":38},"end":{"line":18,"column":46}},"6":{"start":{"line":19,"column":38},"end":{"line":19,"column":53}},"7":{"start":{"line":20,"column":36},"end":{"line":20,"column":46}},"8":{"start":{"line":22,"column":17},"end":{"line":22,"column":68}},"9":{"start":{"line":23,"column":27},"end":{"line":23,"column":66}},"10":{"start":{"line":24,"column":17},"end":{"line":24,"column":53}},"11":{"start":{"line":25,"column":18},"end":{"line":25,"column":36}},"12":{"start":{"line":27,"column":2},"end":{"line":29,"column":17}},"13":{"start":{"line":28,"column":4},"end":{"line":28,"column":68}},"14":{"start":{"line":31,"column":2},"end":{"line":46,"column":17}},"15":{"start":{"line":32,"column":4},"end":{"line":45,"column":5}},"16":{"start":{"line":33,"column":6},"end":{"line":44,"column":7}},"17":{"start":{"line":34,"column":8},"end":{"line":43,"column":10}},"18":{"start":{"line":35,"column":10},"end":{"line":41,"column":11}},"19":{"start":{"line":36,"column":12},"end":{"line":36,"column":66}},"20":{"start":{"line":36,"column":46},"end":{"line":36,"column":65}},"21":{"start":{"line":37,"column":17},"end":{"line":41,"column":11}},"22":{"start":{"line":38,"column":12},"end":{"line":38,"column":57}},"23":{"start":{"line":38,"column":40},"end":{"line":38,"column":56}},"24":{"start":{"line":39,"column":17},"end":{"line":41,"column":11}},"25":{"start":{"line":40,"column":12},"end":{"line":40,"column":66}},"26":{"start":{"line":40,"column":46},"end":{"line":40,"column":65}},"27":{"start":{"line":42,"column":10},"end":{"line":42,"column":21}},"28":{"start":{"line":48,"column":2},"end":{"line":66,"column":16}},"29":{"start":{"line":49,"column":4},"end":{"line":65,"column":5}},"30":{"start":{"line":50,"column":6},"end":{"line":52,"column":7}},"31":{"start":{"line":51,"column":8},"end":{"line":51,"column":33}},"32":{"start":{"line":53,"column":6},"end":{"line":56,"column":7}},"33":{"start":{"line":54,"column":8},"end":{"line":54,"column":33}},"34":{"start":{"line":55,"column":8},"end":{"line":55,"column":37}},"35":{"start":{"line":57,"column":6},"end":{"line":61,"column":7}},"36":{"start":{"line":58,"column":8},"end":{"line":58,"column":22}},"37":{"start":{"line":59,"column":8},"end":{"line":59,"column":35}},"38":{"start":{"line":60,"column":8},"end":{"line":60,"column":33}},"39":{"start":{"line":62,"column":6},"end":{"line":64,"column":7}},"40":{"start":{"line":63,"column":8},"end":{"line":63,"column":35}},"41":{"start":{"line":68,"column":33},"end":{"line":109,"column":3}},"42":{"start":{"line":69,"column":4},"end":{"line":71,"column":5}},"43":{"start":{"line":70,"column":6},"end":{"line":70,"column":60}},"44":{"start":{"line":73,"column":4},"end":{"line":106,"column":5}},"45":{"start":{"line":74,"column":6},"end":{"line":105,"column":7}},"46":{"start":{"line":77,"column":27},"end":{"line":77,"column":90}},"47":{"start":{"line":78,"column":28},"end":{"line":78,"column":44}},"48":{"start":{"line":79,"column":28},"end":{"line":79,"column":84}},"49":{"start":{"line":81,"column":12},"end":{"line":100,"column":13}},"50":{"start":{"line":82,"column":14},"end":{"line":99,"column":15}},"51":{"start":{"line":101,"column":12},"end":{"line":101,"column":31}},"52":{"start":{"line":102,"column":12},"end":{"line":102,"column":23}},"53":{"start":{"line":108,"column":4},"end":{"line":108,"column":15}},"54":{"start":{"line":111,"column":2},"end":{"line":147,"column":3}},"55":{"start":{"line":127,"column":12},"end":{"line":142,"column":14}}},"fnMap":{"0":{"name":"(anonymous_0)","decl":{"start":{"line":7,"column":28},"end":{"line":7,"column":29}},"loc":{"start":{"line":11,"column":5},"end":{"line":148,"column":1}},"line":11},"1":{"name":"(anonymous_1)","decl":{"start":{"line":12,"column":28},"end":{"line":12,"column":29}},"loc":{"start":{"line":12,"column":40},"end":{"line":14,"column":3}},"line":12},"2":{"name":"(anonymous_2)","decl":{"start":{"line":27,"column":12},"end":{"line":27,"column":13}},"loc":{"start":{"line":27,"column":18},"end":{"line":29,"column":3}},"line":27},"3":{"name":"(anonymous_3)","decl":{"start":{"line":31,"column":12},"end":{"line":31,"column":13}},"loc":{"start":{"line":31,"column":18},"end":{"line":46,"column":3}},"line":31},"4":{"name":"(anonymous_4)","decl":{"start":{"line":34,"column":22},"end":{"line":34,"column":23}},"loc":{"start":{"line":34,"column":32},"end":{"line":43,"column":9}},"line":34},"5":{"name":"(anonymous_5)","decl":{"start":{"line":36,"column":27},"end":{"line":36,"column":28}},"loc":{"start":{"line":36,"column":46},"end":{"line":36,"column":65}},"line":36},"6":{"name":"(anonymous_6)","decl":{"start":{"line":38,"column":24},"end":{"line":38,"column":25}},"loc":{"start":{"line":38,"column":40},"end":{"line":38,"column":56}},"line":38},"7":{"name":"(anonymous_7)","decl":{"start":{"line":40,"column":27},"end":{"line":40,"column":28}},"loc":{"start":{"line":40,"column":46},"end":{"line":40,"column":65}},"line":40},"8":{"name":"(anonymous_8)","decl":{"start":{"line":48,"column":12},"end":{"line":48,"column":13}},"loc":{"start":{"line":48,"column":18},"end":{"line":66,"column":3}},"line":48},"9":{"name":"(anonymous_9)","decl":{"start":{"line":68,"column":33},"end":{"line":68,"column":34}},"loc":{"start":{"line":68,"column":39},"end":{"line":109,"column":3}},"line":68},"10":{"name":"(anonymous_10)","decl":{"start":{"line":76,"column":25},"end":{"line":76,"column":26}},"loc":{"start":{"line":76,"column":35},"end":{"line":103,"column":11}},"line":76},"11":{"name":"(anonymous_11)","decl":{"start":{"line":126,"column":22},"end":{"line":126,"column":23}},"loc":{"start":{"line":127,"column":12},"end":{"line":142,"column":14}},"line":127}},"branchMap":{"0":{"loc":{"start":{"line":28,"column":18},"end":{"line":28,"column":67}},"type":"binary-expr","locations":[{"start":{"line":28,"column":18},"end":{"line":28,"column":41}},{"start":{"line":28,"column":45},"end":{"line":28,"column":67}}],"line":28},"1":{"loc":{"start":{"line":32,"column":4},"end":{"line":45,"column":5}},"type":"if","locations":[{"start":{"line":32,"column":4},"end":{"line":45,"column":5}},{"start":{},"end":{}}],"line":32},"2":{"loc":{"start":{"line":32,"column":8},"end":{"line":32,"column":61}},"type":"binary-expr","locations":[{"start":{"line":32,"column":8},"end":{"line":32,"column":35}},{"start":{"line":32,"column":39},"end":{"line":32,"column":61}}],"line":32},"3":{"loc":{"start":{"line":33,"column":6},"end":{"line":44,"column":7}},"type":"if","locations":[{"start":{"line":33,"column":6},"end":{"line":44,"column":7}},{"start":{},"end":{}}],"line":33},"4":{"loc":{"start":{"line":33,"column":10},"end":{"line":33,"column":108}},"type":"binary-expr","locations":[{"start":{"line":33,"column":10},"end":{"line":33,"column":38}},{"start":{"line":33,"column":42},"end":{"line":33,"column":66}},{"start":{"line":33,"column":70},"end":{"line":33,"column":108}}],"line":33},"5":{"loc":{"start":{"line":35,"column":10},"end":{"line":41,"column":11}},"type":"if","locations":[{"start":{"line":35,"column":10},"end":{"line":41,"column":11}},{"start":{"line":37,"column":17},"end":{"line":41,"column":11}}],"line":35},"6":{"loc":{"start":{"line":37,"column":17},"end":{"line":41,"column":11}},"type":"if","locations":[{"start":{"line":37,"column":17},"end":{"line":41,"column":11}},{"start":{"line":39,"column":17},"end":{"line":41,"column":11}}],"line":37},"7":{"loc":{"start":{"line":39,"column":17},"end":{"line":41,"column":11}},"type":"if","locations":[{"start":{"line":39,"column":17},"end":{"line":41,"column":11}},{"start":{},"end":{}}],"line":39},"8":{"loc":{"start":{"line":49,"column":4},"end":{"line":65,"column":5}},"type":"if","locations":[{"start":{"line":49,"column":4},"end":{"line":65,"column":5}},{"start":{},"end":{}}],"line":49},"9":{"loc":{"start":{"line":49,"column":8},"end":{"line":49,"column":61}},"type":"binary-expr","locations":[{"start":{"line":49,"column":8},"end":{"line":49,"column":35}},{"start":{"line":49,"column":39},"end":{"line":49,"column":61}}],"line":49},"10":{"loc":{"start":{"line":50,"column":6},"end":{"line":52,"column":7}},"type":"if","locations":[{"start":{"line":50,"column":6},"end":{"line":52,"column":7}},{"start":{},"end":{}}],"line":50},"11":{"loc":{"start":{"line":53,"column":6},"end":{"line":56,"column":7}},"type":"if","locations":[{"start":{"line":53,"column":6},"end":{"line":56,"column":7}},{"start":{},"end":{}}],"line":53},"12":{"loc":{"start":{"line":53,"column":10},"end":{"line":53,"column":98}},"type":"binary-expr","locations":[{"start":{"line":53,"column":10},"end":{"line":53,"column":38}},{"start":{"line":53,"column":42},"end":{"line":53,"column":66}},{"start":{"line":53,"column":70},"end":{"line":53,"column":98}}],"line":53},"13":{"loc":{"start":{"line":57,"column":6},"end":{"line":61,"column":7}},"type":"if","locations":[{"start":{"line":57,"column":6},"end":{"line":61,"column":7}},{"start":{},"end":{}}],"line":57},"14":{"loc":{"start":{"line":57,"column":10},"end":{"line":57,"column":55}},"type":"binary-expr","locations":[{"start":{"line":57,"column":10},"end":{"line":57,"column":25}},{"start":{"line":57,"column":29},"end":{"line":57,"column":55}}],"line":57},"15":{"loc":{"start":{"line":62,"column":6},"end":{"line":64,"column":7}},"type":"if","locations":[{"start":{"line":62,"column":6},"end":{"line":64,"column":7}},{"start":{},"end":{}}],"line":62},"16":{"loc":{"start":{"line":62,"column":10},"end":{"line":62,"column":108}},"type":"binary-expr","locations":[{"start":{"line":62,"column":10},"end":{"line":62,"column":38}},{"start":{"line":62,"column":42},"end":{"line":62,"column":66}},{"start":{"line":62,"column":70},"end":{"line":62,"column":108}}],"line":62},"17":{"loc":{"start":{"line":69,"column":4},"end":{"line":71,"column":5}},"type":"if","locations":[{"start":{"line":69,"column":4},"end":{"line":71,"column":5}},{"start":{},"end":{}}],"line":69},"18":{"loc":{"start":{"line":73,"column":4},"end":{"line":106,"column":5}},"type":"if","locations":[{"start":{"line":73,"column":4},"end":{"line":106,"column":5}},{"start":{},"end":{}}],"line":73},"19":{"loc":{"start":{"line":73,"column":8},"end":{"line":73,"column":56}},"type":"binary-expr","locations":[{"start":{"line":73,"column":8},"end":{"line":73,"column":32}},{"start":{"line":73,"column":36},"end":{"line":73,"column":56}}],"line":73},"20":{"loc":{"start":{"line":79,"column":28},"end":{"line":79,"column":84}},"type":"cond-expr","locations":[{"start":{"line":79,"column":68},"end":{"line":79,"column":74}},{"start":{"line":79,"column":77},"end":{"line":79,"column":84}}],"line":79},"21":{"loc":{"start":{"line":79,"column":28},"end":{"line":79,"column":65}},"type":"binary-expr","locations":[{"start":{"line":79,"column":28},"end":{"line":79,"column":46}},{"start":{"line":79,"column":50},"end":{"line":79,"column":65}}],"line":79},"22":{"loc":{"start":{"line":81,"column":12},"end":{"line":100,"column":13}},"type":"if","locations":[{"start":{"line":81,"column":12},"end":{"line":100,"column":13}},{"start":{},"end":{}}],"line":81}},"s":{"0":1,"1":1,"2":0,"3":1,"4":1,"5":1,"6":0,"7":0,"8":0,"9":0,"10":0,"11":0,"12":0,"13":0,"14":0,"15":0,"16":0,"17":0,"18":0,"19":0,"20":0,"21":0,"22":0,"23":0,"24":0,"25":0,"26":0,"27":0,"28":0,"29":0,"30":0,"31":0,"32":0,"33":0,"34":0,"35":0,"36":0,"37":0,"38":0,"39":0,"40":0,"41":0,"42":0,"43":0,"44":0,"45":0,"46":0,"47":0,"48":0,"49":0,"50":0,"51":0,"52":0,"53":0,"54":0,"55":0},"f":{"0":1,"1":0,"2":0,"3":0,"4":0,"5":0,"6":0,"7":0,"8":0,"9":0,"10":0,"11":0},"b":{"0":[0,0],"1":[0,0],"2":[0,0],"3":[0,0],"4":[0,0,0],"5":[0,0],"6":[0,0],"7":[0,0],"8":[0,0],"9":[0,0],"10":[0,0],"11":[0,0],"12":[0,0,0],"13":[0,0],"14":[0,0],"15":[0,0],"16":[0,0,0],"17":[0,0],"18":[0,0],"19":[0,0],"20":[0,0],"21":[0,0],"22":[0,0]},"_coverageSchema":"1a1c01bbd47fc00a2c39e90264f33305004495a9","hash":"699f8ab18ed638ff3f79cbb4d2e422677e7a458a"}
,"D:\\proyectomgafrontend\\src\\screens\\MeasurementsHistory\\styles.js": {"path":"D:\\proyectomgafrontend\\src\\screens\\MeasurementsHistory\\styles.js","statementMap":{"0":{"start":{"line":3,"column":15},"end":{"line":8,"column":2}}},"fnMap":{},"branchMap":{},"s":{"0":1},"f":{},"b":{},"_coverageSchema":"1a1c01bbd47fc00a2c39e90264f33305004495a9","hash":"9d0c5566d06f8a6eab1f04c649da4b09507c93b3"}
}
