TN:
SF:assetsTransformer.js
FN:4,(anonymous_0)
FNF:1
FNH:0
FNDA:0,(anonymous_0)
DA:1,9
DA:3,9
DA:5,0
LF:3
LH:2
BRF:0
BRH:0
end_of_record
TN:
SF:test-utils.js
FN:4,(anonymous_0)
FN:12,(anonymous_1)
FNF:2
FNH:2
FNDA:1,(anonymous_0)
FNDA:1,(anonymous_1)
DA:4,1
DA:5,1
DA:12,1
DA:13,1
LF:4
LH:4
BRF:0
BRH:0
end_of_record
TN:
SF:src\components\CardGalera\CardGalera.jsx
FN:8,(anonymous_0)
FN:15,(anonymous_1)
FN:22,(anonymous_2)
FN:29,(anonymous_3)
FN:62,(anonymous_4)
FNF:5
FNH:3
FNDA:4,(anonymous_0)
FNDA:0,(anonymous_1)
FNDA:0,(anonymous_2)
FNDA:4,(anonymous_3)
FNDA:2,(anonymous_4)
DA:8,1
DA:11,4
DA:12,4
DA:13,4
DA:15,4
DA:16,0
DA:22,4
DA:23,0
DA:29,4
DA:30,4
DA:31,1
DA:44,1
DA:49,3
DA:53,3
DA:60,4
DA:63,2
DA:64,1
DA:97,1
DA:105,1
LF:19
LH:17
BRDA:30,0,0,1
BRDA:30,0,1,3
BRDA:63,1,0,1
BRDA:63,1,1,1
BRDA:86,2,0,1
BRDA:86,2,1,3
BRF:6
BRH:6
end_of_record
TN:
SF:src\components\CardGalera\styles.js
FNF:0
FNH:0
DA:4,1
DA:6,1
LF:2
LH:2
BRF:0
BRH:0
end_of_record
TN:
SF:src\components\CardGaleraAdmin\CardGaleraAdmin.jsx
FN:11,(anonymous_0)
FN:17,(anonymous_1)
FN:25,(anonymous_2)
FN:33,(anonymous_3)
FN:56,(anonymous_4)
FN:63,(anonymous_5)
FNF:6
FNH:4
FNDA:1,(anonymous_0)
FNDA:0,(anonymous_1)
FNDA:0,(anonymous_2)
FNDA:1,(anonymous_3)
FNDA:2,(anonymous_4)
FNDA:2,(anonymous_5)
DA:11,1
DA:14,1
DA:15,1
DA:17,1
DA:18,0
DA:25,1
DA:26,0
DA:33,1
DA:34,1
DA:35,1
DA:37,0
DA:40,1
DA:57,2
DA:64,2
DA:75,1
DA:83,1
LF:16
LH:13
BRDA:34,0,0,1
BRDA:34,0,1,0
BRF:2
BRH:1
end_of_record
TN:
SF:src\components\CardGaleraAdmin\styles.js
FNF:0
FNH:0
DA:4,1
DA:6,1
LF:2
LH:2
BRF:0
BRH:0
end_of_record
TN:
SF:src\components\CommentsComponent\CommentsComponent.jsx
FN:8,(anonymous_0)
FN:11,(anonymous_1)
FNF:2
FNH:2
FNDA:2,(anonymous_0)
FNDA:1,(anonymous_1)
DA:8,1
DA:11,2
DA:12,1
DA:15,2
DA:33,1
LF:5
LH:5
BRF:0
BRH:0
end_of_record
TN:
SF:src\components\CommentsComponent\styles.js
FNF:0
FNH:0
DA:3,1
DA:5,1
LF:2
LH:2
BRF:0
BRH:0
end_of_record
TN:
SF:src\components\HeaderComponent\HeaderComponent.jsx
FN:6,(anonymous_0)
FN:9,(anonymous_1)
FN:16,(anonymous_2)
FN:27,(anonymous_3)
FNF:4
FNH:4
FNDA:2,(anonymous_0)
FNDA:1,(anonymous_1)
FNDA:6,(anonymous_2)
FNDA:1,(anonymous_3)
DA:6,1
DA:9,2
DA:10,1
DA:12,2
DA:17,6
DA:27,1
DA:44,1
DA:51,1
LF:8
LH:8
BRDA:24,0,0,2
BRDA:24,0,1,4
BRDA:32,1,0,2
BRDA:32,1,1,4
BRDA:35,2,0,6
BRDA:35,2,1,0
BRF:6
BRH:5
end_of_record
TN:
SF:src\components\HeaderComponent\styles.js
FNF:0
FNH:0
DA:4,1
DA:5,1
DA:7,1
LF:3
LH:3
BRF:0
BRH:0
end_of_record
TN:
SF:src\components\HeaderGallery\HeaderGallery.jsx
FN:10,(anonymous_0)
FN:13,(anonymous_1)
FN:17,(anonymous_2)
FN:19,(anonymous_3)
FN:29,(anonymous_4)
FN:39,(anonymous_5)
FN:69,(anonymous_6)
FNF:7
FNH:6
FNDA:2,(anonymous_0)
FNDA:1,(anonymous_1)
FNDA:6,(anonymous_2)
FNDA:6,(anonymous_3)
FNDA:6,(anonymous_4)
FNDA:1,(anonymous_5)
FNDA:0,(anonymous_6)
DA:8,1
DA:10,1
DA:13,2
DA:14,1
DA:17,6
DA:19,2
DA:20,6
DA:21,6
DA:24,2
DA:30,6
DA:39,1
DA:59,1
DA:67,1
LF:13
LH:13
BRDA:27,0,0,2
BRDA:27,0,1,2
BRDA:35,1,0,2
BRDA:35,1,1,4
BRDA:44,2,0,2
BRDA:44,2,1,4
BRF:6
BRH:6
end_of_record
TN:
SF:src\components\HeaderGallery\styles.js
FNF:0
FNH:0
DA:4,1
DA:6,1
LF:2
LH:2
BRF:0
BRH:0
end_of_record
TN:
SF:src\components\HeaderInformation\HeaderInformation.jsx
FN:8,(anonymous_0)
FN:11,(anonymous_1)
FN:19,(anonymous_2)
FN:29,(anonymous_3)
FNF:4
FNH:2
FNDA:2,(anonymous_0)
FNDA:0,(anonymous_1)
FNDA:6,(anonymous_2)
FNDA:0,(anonymous_3)
DA:8,1
DA:11,2
DA:12,0
DA:14,2
DA:15,2
DA:20,6
DA:30,0
DA:32,0
DA:33,0
DA:35,0
DA:56,1
DA:68,1
LF:12
LH:7
BRDA:25,0,0,2
BRDA:25,0,1,4
BRDA:30,1,0,0
BRDA:30,1,1,0
BRDA:42,2,0,2
BRDA:42,2,1,4
BRDA:45,3,0,3
BRDA:45,3,1,3
BRDA:47,4,0,6
BRDA:47,4,1,0
BRF:10
BRH:7
end_of_record
TN:
SF:src\components\HeaderInformation\styles.js
FNF:0
FNH:0
DA:4,1
DA:6,1
LF:2
LH:2
BRF:0
BRH:0
end_of_record
TN:
SF:src\components\SelectDate\SelectDate.jsx
FN:6,(anonymous_0)
FN:13,(anonymous_1)
FNF:2
FNH:2
FNDA:1,(anonymous_0)
FNDA:3,(anonymous_1)
DA:6,1
DA:7,1
DA:8,1
DA:9,1
DA:10,1
DA:13,1
DA:14,3
DA:15,3
DA:29,1
DA:34,1
LF:10
LH:10
BRDA:14,0,0,1
BRDA:14,0,1,2
BRF:2
BRH:2
end_of_record
TN:
SF:src\components\SelectDate\styles.js
FNF:0
FNH:0
DA:4,1
DA:6,1
LF:2
LH:2
BRF:0
BRH:0
end_of_record
TN:
SF:src\components\TextCard\TextCard.jsx
FN:6,(anonymous_0)
FNF:1
FNH:1
FNDA:1,(anonymous_0)
DA:6,1
DA:7,1
LF:2
LH:2
BRF:0
BRH:0
end_of_record
TN:
SF:src\components\TextCard\styles.js
FNF:0
FNH:0
DA:4,1
DA:6,1
LF:2
LH:2
BRF:0
BRH:0
end_of_record
TN:
SF:src\img\ElCeibillalSvg.jsx
FN:6,(anonymous_0)
FNF:1
FNH:1
FNDA:4,(anonymous_0)
DA:6,2
DA:7,4
LF:2
LH:2
BRF:0
BRH:0
end_of_record
TN:
SF:src\img\ElCeibillalV2Svg.jsx
FN:6,(anonymous_0)
FNF:1
FNH:1
FNDA:4,(anonymous_0)
DA:6,2
DA:7,4
LF:2
LH:2
BRF:0
BRH:0
end_of_record
TN:
SF:src\screens\ChoiceScreen\ChoiceScreen.jsx
FN:13,(anonymous_0)
FN:25,(anonymous_1)
FN:33,(anonymous_2)
FNF:3
FNH:3
FNDA:4,(anonymous_0)
FNDA:2,(anonymous_1)
FNDA:1,(anonymous_2)
DA:13,2
DA:14,4
DA:25,2
DA:33,1
DA:43,2
LF:5
LH:5
BRF:0
BRH:0
end_of_record
TN:
SF:src\screens\ChoiceScreen\styles.js
FNF:0
FNH:0
DA:4,2
LF:1
LH:1
BRF:0
BRH:0
end_of_record
TN:
SF:src\screens\CrearGalera\CrearGalera.jsx
FN:8,(anonymous_0)
FNF:1
FNH:1
FNDA:1,(anonymous_0)
DA:8,1
DA:10,1
LF:2
LH:2
BRF:0
BRH:0
end_of_record
TN:
SF:src\screens\CrearGalera\styles.js
FNF:0
FNH:0
DA:3,1
LF:1
LH:1
BRF:0
BRH:0
end_of_record
TN:
SF:src\screens\DetailsScreen\DetailsScreen.jsx
FN:5,(anonymous_0)
FN:10,(anonymous_1)
FNF:2
FNH:2
FNDA:1,(anonymous_0)
FNDA:1,(anonymous_1)
DA:5,1
DA:6,1
DA:10,1
DA:15,1
LF:4
LH:4
BRF:0
BRH:0
end_of_record
